#
# A fatal error has been detected by the Java Runtime Environment:
#
#  EXCEPTION_ACCESS_VIOLATION (0xc0000005) at pc=0x0000000180015eb3, pid=6248, tid=14980
#
# JRE version: Java(TM) SE Runtime Environment (17.0+35) (build 17+35-LTS-2724)
# Java VM: Java HotSpot(TM) 64-Bit Server VM (17+35-LTS-2724, mixed mode, emulated-client, sharing, tiered, compressed oops, compressed class ptrs, g1 gc, windows-amd64)
# Problematic frame:
# C  [tcnative-1.dll+0x15eb3]
#
# No core dump will be written. Minidumps are not enabled by default on client versions of Windows
#
# If you would like to submit a bug report, please visit:
#   https://bugreport.java.com/bugreport/crash.jsp
# The crash happened outside the Java Virtual Machine in native code.
# See problematic frame for where to report the bug.
#

---------------  S U M M A R Y ------------

Command Line: -XX:TieredStopAtLevel=1 -Xverify:none -Dspring.output.ansi.enabled=always -javaagent:C:\Program Files\JetBrains\IntelliJ IDEA 2021.2.2\lib\idea_rt.jar=59421:C:\Program Files\JetBrains\IntelliJ IDEA 2021.2.2\bin -Dcom.sun.management.jmxremote -Dspring.jmx.enabled=true -Dspring.liveBeansView.mbeanDomain -Dspring.application.admin.enabled=true -Dfile.encoding=UTF-8 com.hg.hyy.Application

Host: Intel(R) Core(TM) i5-10210U CPU @ 1.60GHz, 8 cores, 7G,  Windows 10 , 64 bit Build 22000 (10.0.22000.318)
Time: Wed Nov 24 10:05:02 2021  Windows 10 , 64 bit Build 22000 (10.0.22000.318) elapsed time: 710.323982 seconds (0d 0h 11m 50s)

---------------  T H R E A D  ---------------

Current thread (0x0000015e183a5ba0):  JavaThread "restartedMain" [_thread_in_native, id=14980, stack(0x0000005130900000,0x0000005130a00000)]

Stack: [0x0000005130900000,0x0000005130a00000],  sp=0x00000051309fd9b0,  free space=1014k
Native frames: (J=compiled Java code, j=interpreted, Vv=VM code, C=native code)
C  [tcnative-1.dll+0x15eb3]

Java frames: (J=compiled Java code, j=interpreted, Vv=VM code)
j  org.apache.tomcat.jni.Pool.create(J)J+0
j  org.apache.tomcat.util.net.openssl.OpenSSLContext.<init>(Lorg/apache/tomcat/util/net/SSLHostConfigCertificate;Ljava/util/List;)V+36
j  org.apache.tomcat.util.net.openssl.OpenSSLUtil.createSSLContextInternal(Ljava/util/List;)Lorg/apache/tomcat/util/net/SSLContext;+9
j  org.apache.tomcat.util.net.SSLUtilBase.createSSLContext(Ljava/util/List;)Lorg/apache/tomcat/util/net/SSLContext;+2
j  org.apache.tomcat.util.net.AbstractJsseEndpoint.createSSLContext(Lorg/apache/tomcat/util/net/SSLHostConfig;)V+78
j  org.apache.tomcat.util.net.AbstractJsseEndpoint.initialiseSsl()V+54
j  org.apache.tomcat.util.net.NioEndpoint.bind()V+17
j  org.apache.tomcat.util.net.AbstractEndpoint.bindWithCleanup()V+1
j  org.apache.tomcat.util.net.AbstractEndpoint.start()V+11
j  org.apache.coyote.AbstractProtocol.start()V+48
j  org.apache.catalina.connector.Connector.startInternal()V+73
J 14389 c1 org.apache.catalina.util.LifecycleBase.start()V (287 bytes) @ 0x0000015e79341204 [0x0000015e79340b80+0x0000000000000684]
j  org.apache.catalina.core.StandardService.addConnector(Lorg/apache/catalina/connector/Connector;)V+74
j  org.springframework.boot.web.embedded.tomcat.TomcatWebServer.addPreviouslyRemovedConnectors()V+84
j  org.springframework.boot.web.embedded.tomcat.TomcatWebServer.start()V+18
j  org.springframework.boot.web.servlet.context.WebServerStartStopLifecycle.start()V+4
J 12712 c1 org.springframework.context.support.DefaultLifecycleProcessor.doStart(Ljava/util/Map;Ljava/lang/String;Z)V (263 bytes) @ 0x0000015e78f37f94 [0x0000015e78f37a20+0x0000000000000574]
j  org.springframework.context.support.DefaultLifecycleProcessor.access$200(Lorg/springframework/context/support/DefaultLifecycleProcessor;Ljava/util/Map;Ljava/lang/String;Z)V+4
j  org.springframework.context.support.DefaultLifecycleProcessor$LifecycleGroup.start()V+114
j  org.springframework.context.support.DefaultLifecycleProcessor$$Lambda$1879+0x00000008016e4858.accept(Ljava/lang/Object;)V+4
J 6911 c1 java.lang.Iterable.forEach(Ljava/util/function/Consumer;)V java.base@17 (39 bytes) @ 0x0000015e787f1164 [0x0000015e787f10e0+0x0000000000000084]
j  org.springframework.context.support.DefaultLifecycleProcessor.startBeans(Z)V+48
j  org.springframework.context.support.DefaultLifecycleProcessor.onRefresh()V+2
j  org.springframework.context.support.AbstractApplicationContext.finishRefresh()V+12
j  org.springframework.context.support.AbstractApplicationContext.refresh()V+90
j  org.springframework.boot.web.servlet.context.ServletWebServerApplicationContext.refresh()V+1
j  org.springframework.boot.SpringApplication.refresh(Lorg/springframework/context/ConfigurableApplicationContext;)V+1
j  org.springframework.boot.SpringApplication.refreshContext(Lorg/springframework/context/ConfigurableApplicationContext;)V+16
j  org.springframework.boot.SpringApplication.run([Ljava/lang/String;)Lorg/springframework/context/ConfigurableApplicationContext;+111
j  org.springframework.boot.builder.SpringApplicationBuilder.run([Ljava/lang/String;)Lorg/springframework/context/ConfigurableApplicationContext;+45
j  com.hg.hyy.Application.main([Ljava/lang/String;)V+42
v  ~StubRoutines::call_stub
J 2966  jdk.internal.reflect.NativeMethodAccessorImpl.invoke0(Ljava/lang/reflect/Method;Ljava/lang/Object;[Ljava/lang/Object;)Ljava/lang/Object; java.base@17 (0 bytes) @ 0x0000015e7811bea7 [0x0000015e7811be20+0x0000000000000087]
J 2965 c1 jdk.internal.reflect.NativeMethodAccessorImpl.invoke(Ljava/lang/Object;[Ljava/lang/Object;)Ljava/lang/Object; java.base@17 (137 bytes) @ 0x0000015e7811f794 [0x0000015e7811f480+0x0000000000000314]
J 2501 c1 jdk.internal.reflect.DelegatingMethodAccessorImpl.invoke(Ljava/lang/Object;[Ljava/lang/Object;)Ljava/lang/Object; java.base@17 (10 bytes) @ 0x0000015e7805bbe4 [0x0000015e7805bba0+0x0000000000000044]
J 2612 c1 java.lang.reflect.Method.invoke(Ljava/lang/Object;[Ljava/lang/Object;)Ljava/lang/Object; java.base@17 (65 bytes) @ 0x0000015e78086964 [0x0000015e78086860+0x0000000000000104]
j  org.springframework.boot.devtools.restart.RestartLauncher.run()V+42
v  ~StubRoutines::call_stub

siginfo: EXCEPTION_ACCESS_VIOLATION (0xc0000005), reading address 0x0000000000000030


Register to memory mapping:

RIP=0x0000000180015eb3 tcnative-1.dll
RAX=0x0000000180008680 tcnative-1.dll
RBX=0x0000015e183a5e48 points into unknown readable memory: 0x00007ff8243e3630 | 30 36 3e 24 f8 7f 00 00
RCX=0x00000051309fda28 is pointing into the stack for thread: 0x0000015e183a5ba0
RDX=0x0 is NULL
RSP=0x00000051309fd9b0 is pointing into the stack for thread: 0x0000015e183a5ba0
RBP=0x0 is NULL
RSI=0x0 is NULL
RDI=0x0 is NULL
R8 =0x0 is NULL
R9 =0x0 is NULL
R10=0x0000015e779ed079 is at code_begin+889 in an Interpreter codelet
method entry point (kind = native)  [0x0000015e779ecd00, 0x0000015e779ed660]  2400 bytes
R11=0x0000000084a52d50 is an oop: java.lang.Class 
{0x0000000084a52d50} - klass: 'java/lang/Class'
 - ---- fields (total size 14 words):
 - private volatile transient 'classRedefinedCount' 'I' @12  0
 - private volatile transient 'cachedConstructor' 'Ljava/lang/reflect/Constructor;' @40  NULL (0)
 - private transient 'name' 'Ljava/lang/String;' @44  "org.apache.tomcat.jni.Pool"{0x0000000084ab5628} (84ab5628)
 - private transient 'module' 'Ljava/lang/Module;' @48  a 'java/lang/Module'{0x0000000083ca76e0} (83ca76e0)
 - private final 'classLoader' 'Ljava/lang/ClassLoader;' @52  a 'jdk/internal/loader/ClassLoaders$AppClassLoader'{0x0000000083c71118} (83c71118)
 - private transient 'classData' 'Ljava/lang/Object;' @56  NULL (0)
 - private transient 'packageName' 'Ljava/lang/String;' @60  "org.apache.tomcat.jni"{0x00000000843526d0} (843526d0)
 - private final 'componentType' 'Ljava/lang/Class;' @64  NULL (0)
 - private volatile transient 'reflectionData' 'Ljava/lang/ref/SoftReference;' @68  NULL (0)
 - private volatile transient 'genericInfo' 'Lsun/reflect/generics/repository/ClassRepository;' @72  NULL (0)
 - private volatile transient 'enumConstants' '[Ljava/lang/Object;' @76  NULL (0)
 - private volatile transient 'enumConstantDirectory' 'Ljava/util/Map;' @80  NULL (0)
 - private volatile transient 'annotationData' 'Ljava/lang/Class$AnnotationData;' @84  NULL (0)
 - private volatile transient 'annotationType' 'Lsun/reflect/annotation/AnnotationType;' @88  NULL (0)
 - transient 'classValueMap' 'Ljava/lang/ClassValue$ClassValueMap;' @92  NULL (0)
 - signature: Lorg/apache/tomcat/jni/Pool;
 - fake entry for mirror: 'org/apache/tomcat/jni/Pool'
 - fake entry for array: NULL
 - fake entry for oop_size: 14
 - fake entry for static_oop_field_count: 0
R12=0x00000051309fda28 is pointing into the stack for thread: 0x0000015e183a5ba0
R13=0x0 is NULL
R14=0x00000051309fdac8 is pointing into the stack for thread: 0x0000015e183a5ba0
R15=0x0000015e183a5ba0 is a thread


Registers:
RAX=0x0000000180008680, RBX=0x0000015e183a5e48, RCX=0x00000051309fda28, RDX=0x0000000000000000
RSP=0x00000051309fd9b0, RBP=0x0000000000000000, RSI=0x0000000000000000, RDI=0x0000000000000000
R8 =0x0000000000000000, R9 =0x0000000000000000, R10=0x0000015e779ed079, R11=0x0000000084a52d50
R12=0x00000051309fda28, R13=0x0000000000000000, R14=0x00000051309fdac8, R15=0x0000015e183a5ba0
RIP=0x0000000180015eb3, EFLAGS=0x0000000000010246

Top of Stack: (sp=0x00000051309fd9b0)
0x00000051309fd9b0:   0000010100000000 0000000000000000
0x00000051309fd9c0:   0000000000000000 00007ff823cc7a33
0x00000051309fd9d0:   0000015e10599fd0 0000000000000000
0x00000051309fd9e0:   0000000000000000 00000001800086ab
0x00000051309fd9f0:   0000015e7826b7c0 00000051309fdaa0
0x00000051309fda00:   0000000000000000 0000015e7aef28c6
0x00000051309fda10:   0000015e10599fd0 0000015e779ed0a8
0x00000051309fda20:   00000051309fda50 0000000000000000
0x00000051309fda30:   000000080042bca0 000000008bf7c658
0x00000051309fda40:   000000008bf7c658 000000008bf7c658
0x00000051309fda50:   00000051309fdb20 00000051309fda58
0x00000051309fda60:   0000000000000000 00000051309fdac8
0x00000051309fda70:   0000015e1059a758 0000000000000000
0x00000051309fda80:   0000000084a52d50 0000015e10599fd0
0x00000051309fda90:   0000000000000000 00000051309fdac0
0x00000051309fdaa0:   00000051309fdb20 0000015e779e94a5 

Instructions: (pc=0x0000000180015eb3)
0x0000000180015db3:   89 1a 48 89 53 08 48 89 56 58 48 8b 13 48 8b 4b
0x0000000180015dc3:   20 4c 8b c2 48 2b 4b 18 48 81 c1 00 10 00 00 48
0x0000000180015dd3:   81 e1 00 f0 ff ff 48 ff c9 48 c1 f9 0c 89 4b 14
0x0000000180015de3:   8b 42 14 48 3b c8 73 35 0f 1f 44 00 00 4d 8b 00
0x0000000180015df3:   41 8b 40 14 48 3b c8 72 f4 48 8b 4b 08 48 89 11
0x0000000180015e03:   48 8b 4b 08 48 8b 13 48 89 4a 08 49 8b 48 08 48
0x0000000180015e13:   89 4b 08 48 89 19 4c 89 03 49 89 58 08 49 8b c1
0x0000000180015e23:   48 8b 5c 24 30 48 8b 74 24 38 48 83 c4 20 5f c3
0x0000000180015e33:   48 8b 49 30 48 8b d7 e8 f1 fb ff ff 48 8b d0 48
0x0000000180015e43:   85 c0 0f 85 49 ff ff ff 48 8b 46 40 48 85 c0 74
0x0000000180015e53:   05 8d 4a 0c ff d0 48 8b 5c 24 30 48 8b 74 24 38
0x0000000180015e63:   33 c0 48 83 c4 20 5f c3 cc cc cc cc cc 48 89 6c
0x0000000180015e73:   24 10 48 89 74 24 18 57 41 54 41 55 48 83 ec 20
0x0000000180015e83:   45 33 ed 48 85 d2 48 8b fa 4c 89 29 48 0f 44 3d
0x0000000180015e93:   e9 b2 24 00 49 8b e9 49 8b f0 4c 8b e1 4d 85 c0
0x0000000180015ea3:   75 09 48 85 ff 74 04 48 8b 77 40 4d 85 c9 75 04
0x0000000180015eb3:   48 8b 6f 30 ba d8 1f 00 00 48 8b cd e8 6c fb ff
0x0000000180015ec3:   ff 4c 8b d8 48 85 c0 75 14 48 85 f6 74 05 8d 48
0x0000000180015ed3:   0c ff d6 b8 0c 00 00 00 e9 a6 00 00 00 48 89 00
0x0000000180015ee3:   48 89 40 08 48 89 5c 24 40 48 8b 58 18 48 8d 43
0x0000000180015ef3:   78 48 89 43 68 49 89 43 18 48 89 6b 30 4c 89 5b
0x0000000180015f03:   60 4c 89 5b 58 48 89 73 40 4c 89 6b 08 4c 89 6b
0x0000000180015f13:   20 4c 89 6b 28 4c 89 6b 70 4c 89 6b 38 4c 89 6b
0x0000000180015f23:   48 4c 89 6b 50 48 89 3b 48 85 ff 74 43 48 8b 47
0x0000000180015f33:   30 48 8b 70 18 48 85 f6 74 08 48 8b ce e8 8b e8
0x0000000180015f43:   00 00 48 8b 47 08 48 83 c7 08 48 8d 4b 10 48 89
0x0000000180015f53:   01 48 85 c0 74 04 48 89 48 18 48 89 1f 48 89 7b
0x0000000180015f63:   18 48 85 f6 74 12 48 8b ce e8 bf e8 00 00 eb 08
0x0000000180015f73:   4c 89 6b 10 4c 89 6b 18 49 89 1c 24 48 8b 5c 24
0x0000000180015f83:   40 33 c0 48 8b 6c 24 48 48 8b 74 24 50 48 83 c4
0x0000000180015f93:   20 41 5d 41 5c 5f c3 cc cc cc cc cc cc 48 89 5c
0x0000000180015fa3:   24 10 48 89 6c 24 18 48 89 74 24 20 41 54 48 83 


Stack slot to memory mapping:
stack at sp + 0 slots: 0x0000010100000000 is an unknown value
stack at sp + 1 slots: 0x0 is NULL
stack at sp + 2 slots: 0x0 is NULL
stack at sp + 3 slots: 0x00007ff823cc7a33 jvm.dll
stack at sp + 4 slots: {method} {0x0000015e10599fd8} 'create' '(J)J' in 'org/apache/tomcat/jni/Pool'
stack at sp + 5 slots: 0x0 is NULL
stack at sp + 6 slots: 0x0 is NULL
stack at sp + 7 slots: 0x00000001800086ab tcnative-1.dll


---------------  P R O C E S S  ---------------

Threads class SMR info:
_java_thread_list=0x0000015e076390b0, length=41, elements={
0x0000015e021687c0, 0x0000015e02169dd0, 0x0000015e02187210, 0x0000015e02187e80,
0x0000015e0218a850, 0x0000015e0218b200, 0x0000015e0218bc60, 0x0000015e0218c650,
0x0000015e02151c10, 0x0000015e0352c660, 0x0000015e0352cb30, 0x0000015e03636d30,
0x0000015e03e533d0, 0x0000015e06a164a0, 0x0000015e06a15630, 0x0000015e096671c0,
0x0000015e09666350, 0x0000015e0966a6b0, 0x0000015e09175090, 0x0000015e08ce31c0,
0x0000015e183b6890, 0x0000015e183a4790, 0x0000015e030ae910, 0x0000015e183b7bd0,
0x0000015e183a5ba0, 0x0000015e183b5550, 0x0000015e183b80a0, 0x0000015e09668500,
0x0000015e09666cf0, 0x0000015e183b8570, 0x0000015e183b5ef0, 0x0000015e183b5a20,
0x0000015e1836f4c0, 0x0000015e0940aed0, 0x0000015e09666820, 0x0000015e08ce2350,
0x0000015e08ce2820, 0x0000015e07674080, 0x0000015e07674550, 0x0000015e09667690,
0x0000015e183b5080
}

Java Threads: ( => current thread )
  0x0000015e021687c0 JavaThread "Reference Handler" daemon [_thread_blocked, id=4956, stack(0x000000512f000000,0x000000512f100000)]
  0x0000015e02169dd0 JavaThread "Finalizer" daemon [_thread_blocked, id=13860, stack(0x000000512f100000,0x000000512f200000)]
  0x0000015e02187210 JavaThread "Signal Dispatcher" daemon [_thread_blocked, id=7236, stack(0x000000512f200000,0x000000512f300000)]
  0x0000015e02187e80 JavaThread "Attach Listener" daemon [_thread_blocked, id=12756, stack(0x000000512f300000,0x000000512f400000)]
  0x0000015e0218a850 JavaThread "Service Thread" daemon [_thread_blocked, id=9880, stack(0x000000512f400000,0x000000512f500000)]
  0x0000015e0218b200 JavaThread "Monitor Deflation Thread" daemon [_thread_blocked, id=8376, stack(0x000000512f500000,0x000000512f600000)]
  0x0000015e0218bc60 JavaThread "C1 CompilerThread0" daemon [_thread_blocked, id=14684, stack(0x000000512f600000,0x000000512f700000)]
  0x0000015e0218c650 JavaThread "Sweeper thread" daemon [_thread_blocked, id=2356, stack(0x000000512f700000,0x000000512f800000)]
  0x0000015e02151c10 JavaThread "Common-Cleaner" daemon [_thread_blocked, id=4588, stack(0x000000512f800000,0x000000512f900000)]
  0x0000015e0352c660 JavaThread "Monitor Ctrl-Break" daemon [_thread_in_native, id=11076, stack(0x000000512fc00000,0x000000512fd00000)]
  0x0000015e0352cb30 JavaThread "Notification Thread" daemon [_thread_blocked, id=13368, stack(0x000000512fd00000,0x000000512fe00000)]
  0x0000015e03636d30 JavaThread "RMI TCP Accept-0" daemon [_thread_in_native, id=9332, stack(0x000000512fe00000,0x000000512ff00000)]
  0x0000015e03e533d0 JavaThread "RMI Scheduler(0)" daemon [_thread_blocked, id=10800, stack(0x0000005130b00000,0x0000005130c00000)]
  0x0000015e06a164a0 JavaThread "mysql-cj-abandoned-connection-cleanup" daemon [_thread_blocked, id=11608, stack(0x0000005130f00000,0x0000005131000000)]
  0x0000015e06a15630 JavaThread "Live Reload Server" daemon [_thread_in_native, id=3324, stack(0x0000005131500000,0x0000005131600000)]
  0x0000015e096671c0 JavaThread "DestroyJavaVM" [_thread_blocked, id=10892, stack(0x000000512e900000,0x000000512ea00000)]
  0x0000015e09666350 JavaThread "boundedElastic-evictor-1" daemon [_thread_blocked, id=11304, stack(0x0000005132a00000,0x0000005132b00000)]
  0x0000015e0966a6b0 JavaThread "Thread-6" [_thread_blocked, id=9420, stack(0x000000512e600000,0x000000512e700000)]
  0x0000015e09175090 JavaThread "File Watcher" daemon [_thread_blocked, id=3832, stack(0x000000512f900000,0x000000512fa00000)]
  0x0000015e08ce31c0 JavaThread "File Watcher" daemon [_thread_blocked, id=1312, stack(0x000000512fb00000,0x000000512fc00000)]
  0x0000015e183b6890 JavaThread "File Watcher" daemon [_thread_blocked, id=5856, stack(0x000000512e700000,0x000000512e800000)]
  0x0000015e183a4790 JavaThread "C1 CompilerThread1" daemon [_thread_blocked, id=6616, stack(0x0000005131200000,0x0000005131300000)]
  0x0000015e030ae910 JavaThread "C1 CompilerThread2" daemon [_thread_blocked, id=6420, stack(0x0000005131600000,0x0000005131700000)]
  0x0000015e183b7bd0 JavaThread "Thread-56" [_thread_blocked, id=9600, stack(0x0000005133300000,0x0000005133400000)]
=>0x0000015e183a5ba0 JavaThread "restartedMain" [_thread_in_native, id=14980, stack(0x0000005130900000,0x0000005130a00000)]
  0x0000015e183b5550 JavaThread "lettuce-eventExecutorLoop-25-1" daemon [_thread_blocked, id=15708, stack(0x0000005131000000,0x0000005131100000)]
  0x0000015e183b80a0 JavaThread "lettuce-timer-26-1" daemon [_thread_blocked, id=10200, stack(0x0000005131100000,0x0000005131200000)]
  0x0000015e09668500 JavaThread "Druid-ConnectionPool-Create-1919842040" daemon [_thread_blocked, id=8260, stack(0x000000512e800000,0x000000512e900000)]
  0x0000015e09666cf0 JavaThread "Druid-ConnectionPool-Destroy-1919842040" daemon [_thread_blocked, id=12860, stack(0x0000005131800000,0x0000005131900000)]
  0x0000015e183b8570 JavaThread "Catalina-utility-1" [_thread_blocked, id=4756, stack(0x0000005131900000,0x0000005131a00000)]
  0x0000015e183b5ef0 JavaThread "Catalina-utility-2" [_thread_blocked, id=10504, stack(0x0000005131a00000,0x0000005131b00000)]
  0x0000015e183b5a20 JavaThread "container-1" [_thread_blocked, id=13192, stack(0x0000005131c00000,0x0000005131d00000)]
  0x0000015e1836f4c0 JavaThread "C1 CompilerThread3" daemon [_thread_blocked, id=10172, stack(0x0000005131d00000,0x0000005131e00000)]
  0x0000015e0940aed0 JavaThread "File Watcher" daemon [_thread_blocked, id=2316, stack(0x0000005130800000,0x0000005130900000)]
  0x0000015e09666820 JavaThread "lettuce-nioEventLoop-27-1" daemon [_thread_in_native, id=2652, stack(0x000000512fa00000,0x000000512fb00000)]
  0x0000015e08ce2350 JavaThread "Thread-84" daemon [_thread_blocked, id=7396, stack(0x0000005130d00000,0x0000005130e00000)]
  0x0000015e08ce2820 JavaThread "SimplePauseDetectorThread_0" daemon [_thread_blocked, id=15116, stack(0x0000005130e00000,0x0000005130f00000)]
  0x0000015e07674080 JavaThread "SimplePauseDetectorThread_1" daemon [_thread_blocked, id=9800, stack(0x0000005131300000,0x0000005131400000)]
  0x0000015e07674550 JavaThread "SimplePauseDetectorThread_2" daemon [_thread_blocked, id=1260, stack(0x0000005131400000,0x0000005131500000)]
  0x0000015e09667690 JavaThread "lettuce-eventExecutorLoop-25-2" daemon [_thread_blocked, id=7548, stack(0x0000005131700000,0x0000005131800000)]
  0x0000015e183b5080 JavaThread "File Watcher" daemon [_thread_blocked, id=8736, stack(0x0000005131e00000,0x0000005131f00000)]

Other Threads:
  0x0000015e02164030 VMThread "VM Thread" [stack: 0x000000512ef00000,0x000000512f000000] [id=15824]
  0x0000015e035cbbb0 WatcherThread [stack: 0x000000512ff00000,0x0000005130000000] [id=10604]
  0x0000015e70232330 GCTaskThread "GC Thread#0" [stack: 0x000000512ea00000,0x000000512eb00000] [id=11948]
  0x0000015e03be16e0 GCTaskThread "GC Thread#1" [stack: 0x0000005130100000,0x0000005130200000] [id=15096]
  0x0000015e03be1990 GCTaskThread "GC Thread#2" [stack: 0x0000005130200000,0x0000005130300000] [id=14612]
  0x0000015e03c5eae0 GCTaskThread "GC Thread#3" [stack: 0x0000005130000000,0x0000005130100000] [id=1256]
  0x0000015e03c5ed90 GCTaskThread "GC Thread#4" [stack: 0x0000005130300000,0x0000005130400000] [id=14076]
  0x0000015e03c63060 GCTaskThread "GC Thread#5" [stack: 0x0000005130400000,0x0000005130500000] [id=9972]
  0x0000015e03c63b20 GCTaskThread "GC Thread#6" [stack: 0x0000005130500000,0x0000005130600000] [id=12508]
  0x0000015e03c64250 GCTaskThread "GC Thread#7" [stack: 0x0000005130600000,0x0000005130700000] [id=8296]
  0x0000015e70242bf0 ConcurrentGCThread "G1 Main Marker" [stack: 0x000000512eb00000,0x000000512ec00000] [id=10408]
  0x0000015e70243600 ConcurrentGCThread "G1 Conc#0" [stack: 0x000000512ec00000,0x000000512ed00000] [id=1356]
  0x0000015e03ca3ef0 ConcurrentGCThread "G1 Conc#1" [stack: 0x0000005130c00000,0x0000005130d00000] [id=7736]
  0x0000015e020200a0 ConcurrentGCThread "G1 Refine#0" [stack: 0x000000512ed00000,0x000000512ee00000] [id=8660]
  0x0000015e03be1c40 ConcurrentGCThread "G1 Refine#1" [stack: 0x0000005130700000,0x0000005130800000] [id=6440]
  0x0000015e089d0540 ConcurrentGCThread "G1 Refine#2" [stack: 0x0000005131f00000,0x0000005132000000] [id=13924]
  0x0000015e089ce520 ConcurrentGCThread "G1 Refine#3" [stack: 0x0000005132000000,0x0000005132100000] [id=15536]
  0x0000015e02020ac0 ConcurrentGCThread "G1 Service" [stack: 0x000000512ee00000,0x000000512ef00000] [id=15612]

Threads with active compile tasks:

VM state: not at safepoint (normal execution)

VM Mutex/Monitor currently owned by a thread: None

Heap address: 0x0000000083400000, size: 1996 MB, Compressed Oops mode: 32-bit

CDS archive(s) mapped at: [0x0000000800000000-0x0000000800bc0000-0x0000000800bc0000), size 12320768, SharedBaseAddress: 0x0000000800000000, ArchiveRelocationMode: 0.
Compressed class space mapped at: 0x0000000800c00000-0x0000000840c00000, reserved size: 1073741824
Narrow klass base: 0x0000000800000000, Narrow klass shift: 0, Narrow klass range: 0x100000000

GC Precious Log:
 CPUs: 8 total, 8 available
 Memory: 7976M
 Large Page Support: Disabled
 NUMA Support: Disabled
 Compressed Oops: Enabled (32-bit)
 Heap Region Size: 1M
 Heap Min Capacity: 8M
 Heap Initial Capacity: 126M
 Heap Max Capacity: 1996M
 Pre-touch: Disabled
 Parallel Workers: 8
 Concurrent Workers: 2
 Concurrent Refinement Workers: 8
 Periodic GC: Disabled

Heap:
 garbage-first heap   total 211968K, used 141029K [0x0000000083400000, 0x0000000100000000)
  region size 1024K, 68 young (69632K), 2 survivors (2048K)
 Metaspace       used 94967K, committed 95936K, reserved 1138688K
  class space    used 13198K, committed 13696K, reserved 1048576K

Heap Regions: E=young(eden), S=young(survivor), O=old, HS=humongous(starts), HC=humongous(continues), CS=collection set, F=free, OA=open archive, CA=closed archive, TAMS=top-at-mark-start (previous, next)
|   0|0x0000000083400000, 0x0000000083500000, 0x0000000083500000|100%|HS|  |TAMS 0x0000000083500000, 0x0000000083400000| Complete 
|   1|0x0000000083500000, 0x00000000835ffff8, 0x0000000083600000| 99%| O|  |TAMS 0x00000000835ffff8, 0x0000000083500000| Untracked 
|   2|0x0000000083600000, 0x00000000836fffe8, 0x0000000083700000| 99%| O|  |TAMS 0x00000000836fffe8, 0x0000000083600000| Untracked 
|   3|0x0000000083700000, 0x0000000083800000, 0x0000000083800000|100%| O|  |TAMS 0x0000000083800000, 0x0000000083700000| Untracked 
|   4|0x0000000083800000, 0x0000000083900000, 0x0000000083900000|100%| O|  |TAMS 0x0000000083900000, 0x0000000083800000| Untracked 
|   5|0x0000000083900000, 0x0000000083a00000, 0x0000000083a00000|100%| O|  |TAMS 0x0000000083a00000, 0x0000000083900000| Untracked 
|   6|0x0000000083a00000, 0x0000000083afffe8, 0x0000000083b00000| 99%| O|  |TAMS 0x0000000083afffe8, 0x0000000083a00000| Untracked 
|   7|0x0000000083b00000, 0x0000000083bfffd0, 0x0000000083c00000| 99%| O|  |TAMS 0x0000000083bfffd0, 0x0000000083b00000| Untracked 
|   8|0x0000000083c00000, 0x0000000083cffff8, 0x0000000083d00000| 99%| O|  |TAMS 0x0000000083cffff8, 0x0000000083c00000| Untracked 
|   9|0x0000000083d00000, 0x0000000083e00000, 0x0000000083e00000|100%| O|  |TAMS 0x0000000083e00000, 0x0000000083d00000| Untracked 
|  10|0x0000000083e00000, 0x0000000083f00000, 0x0000000083f00000|100%| O|  |TAMS 0x0000000083f00000, 0x0000000083e00000| Untracked 
|  11|0x0000000083f00000, 0x0000000083fffee8, 0x0000000084000000| 99%| O|  |TAMS 0x0000000083fffee8, 0x0000000083f00000| Untracked 
|  12|0x0000000084000000, 0x00000000840fffe0, 0x0000000084100000| 99%| O|  |TAMS 0x00000000840fffe0, 0x0000000084000000| Untracked 
|  13|0x0000000084100000, 0x00000000841fffc0, 0x0000000084200000| 99%| O|  |TAMS 0x00000000841fffc0, 0x0000000084100000| Untracked 
|  14|0x0000000084200000, 0x00000000842ffff0, 0x0000000084300000| 99%| O|  |TAMS 0x00000000842ffff0, 0x0000000084200000| Untracked 
|  15|0x0000000084300000, 0x00000000843fffc8, 0x0000000084400000| 99%| O|  |TAMS 0x00000000843fffc8, 0x0000000084300000| Untracked 
|  16|0x0000000084400000, 0x00000000844ffff0, 0x0000000084500000| 99%| O|  |TAMS 0x00000000844ffff0, 0x0000000084400000| Untracked 
|  17|0x0000000084500000, 0x00000000845ffff0, 0x0000000084600000| 99%| O|  |TAMS 0x00000000845ffff0, 0x0000000084500000| Untracked 
|  18|0x0000000084600000, 0x00000000846fffb0, 0x0000000084700000| 99%| O|  |TAMS 0x00000000846fffb0, 0x0000000084600000| Untracked 
|  19|0x0000000084700000, 0x00000000847fffd0, 0x0000000084800000| 99%| O|  |TAMS 0x00000000847fffd0, 0x0000000084700000| Untracked 
|  20|0x0000000084800000, 0x00000000848ffff8, 0x0000000084900000| 99%| O|  |TAMS 0x00000000848ffff8, 0x0000000084800000| Untracked 
|  21|0x0000000084900000, 0x0000000084a00000, 0x0000000084a00000|100%| O|  |TAMS 0x0000000084a00000, 0x0000000084900000| Untracked 
|  22|0x0000000084a00000, 0x0000000084affff0, 0x0000000084b00000| 99%| O|  |TAMS 0x0000000084affff0, 0x0000000084a00000| Untracked 
|  23|0x0000000084b00000, 0x0000000084bffff8, 0x0000000084c00000| 99%| O|  |TAMS 0x0000000084bffff8, 0x0000000084b00000| Untracked 
|  24|0x0000000084c00000, 0x0000000084cffff0, 0x0000000084d00000| 99%| O|  |TAMS 0x0000000084cffff0, 0x0000000084c00000| Untracked 
|  25|0x0000000084d00000, 0x0000000084dffff8, 0x0000000084e00000| 99%| O|  |TAMS 0x0000000084dffff8, 0x0000000084d00000| Untracked 
|  26|0x0000000084e00000, 0x0000000084efffe8, 0x0000000084f00000| 99%| O|  |TAMS 0x0000000084efffe8, 0x0000000084e00000| Untracked 
|  27|0x0000000084f00000, 0x0000000084ffffd0, 0x0000000085000000| 99%| O|  |TAMS 0x0000000084ffffd0, 0x0000000084f00000| Untracked 
|  28|0x0000000085000000, 0x00000000850fffc0, 0x0000000085100000| 99%| O|  |TAMS 0x00000000850fffc0, 0x0000000085000000| Untracked 
|  29|0x0000000085100000, 0x00000000851fffa0, 0x0000000085200000| 99%| O|  |TAMS 0x00000000851fffa0, 0x0000000085100000| Untracked 
|  30|0x0000000085200000, 0x00000000852ffff0, 0x0000000085300000| 99%| O|  |TAMS 0x00000000852ffff0, 0x0000000085200000| Untracked 
|  31|0x0000000085300000, 0x0000000085400000, 0x0000000085400000|100%| O|  |TAMS 0x0000000085400000, 0x0000000085300000| Untracked 
|  32|0x0000000085400000, 0x00000000854fffe0, 0x0000000085500000| 99%| O|  |TAMS 0x00000000854fffe0, 0x0000000085400000| Untracked 
|  33|0x0000000085500000, 0x00000000855ffa08, 0x0000000085600000| 99%| O|  |TAMS 0x00000000855ffa08, 0x0000000085500000| Untracked 
|  34|0x0000000085600000, 0x00000000856ffff8, 0x0000000085700000| 99%| O|  |TAMS 0x00000000856ffff8, 0x0000000085600000| Untracked 
|  35|0x0000000085700000, 0x00000000857fffd8, 0x0000000085800000| 99%| O|  |TAMS 0x00000000857fffd8, 0x0000000085700000| Untracked 
|  36|0x0000000085800000, 0x0000000085900000, 0x0000000085900000|100%| O|  |TAMS 0x0000000085900000, 0x0000000085800000| Untracked 
|  37|0x0000000085900000, 0x0000000085a00000, 0x0000000085a00000|100%| O|  |TAMS 0x0000000085900000, 0x0000000085900000| Untracked 
|  38|0x0000000085a00000, 0x0000000085b00000, 0x0000000085b00000|100%| O|  |TAMS 0x0000000085a00000, 0x0000000085a00000| Untracked 
|  39|0x0000000085b00000, 0x0000000085c00000, 0x0000000085c00000|100%| O|  |TAMS 0x0000000085b00000, 0x0000000085b00000| Untracked 
|  40|0x0000000085c00000, 0x0000000085d00000, 0x0000000085d00000|100%| O|  |TAMS 0x0000000085c00000, 0x0000000085c00000| Untracked 
|  41|0x0000000085d00000, 0x0000000085e00000, 0x0000000085e00000|100%| O|  |TAMS 0x0000000085d00000, 0x0000000085d00000| Untracked 
|  42|0x0000000085e00000, 0x0000000085f00000, 0x0000000085f00000|100%| O|  |TAMS 0x0000000085e00000, 0x0000000085e00000| Untracked 
|  43|0x0000000085f00000, 0x0000000086000000, 0x0000000086000000|100%| O|  |TAMS 0x0000000085f00000, 0x0000000085f00000| Untracked 
|  44|0x0000000086000000, 0x0000000086100000, 0x0000000086100000|100%| O|  |TAMS 0x0000000086000000, 0x0000000086000000| Untracked 
|  45|0x0000000086100000, 0x00000000861af588, 0x0000000086200000| 68%| O|  |TAMS 0x00000000861af588, 0x0000000086100000| Untracked 
|  46|0x0000000086200000, 0x0000000086300000, 0x0000000086300000|100%| O|  |TAMS 0x0000000086300000, 0x0000000086200000| Untracked 
|  47|0x0000000086300000, 0x0000000086400000, 0x0000000086400000|100%| O|  |TAMS 0x0000000086300000, 0x0000000086300000| Untracked 
|  48|0x0000000086400000, 0x00000000864c2080, 0x0000000086500000| 75%| O|  |TAMS 0x00000000864c2080, 0x0000000086400000| Untracked 
|  49|0x0000000086500000, 0x0000000086600000, 0x0000000086600000|100%| O|  |TAMS 0x0000000086500000, 0x0000000086500000| Untracked 
|  50|0x0000000086600000, 0x00000000866ffff8, 0x0000000086700000| 99%| O|  |TAMS 0x00000000866ffff8, 0x0000000086600000| Untracked 
|  51|0x0000000086700000, 0x0000000086700000, 0x0000000086800000|  0%| F|  |TAMS 0x0000000086700000, 0x0000000086700000| Untracked 
|  52|0x0000000086800000, 0x0000000086900000, 0x0000000086900000|100%| O|  |TAMS 0x0000000086800000, 0x0000000086800000| Untracked 
|  53|0x0000000086900000, 0x0000000086a00000, 0x0000000086a00000|100%| O|  |TAMS 0x0000000086900000, 0x0000000086900000| Untracked 
|  54|0x0000000086a00000, 0x0000000086a8a9d8, 0x0000000086b00000| 54%| O|  |TAMS 0x0000000086a8a9d8, 0x0000000086a00000| Untracked 
|  55|0x0000000086b00000, 0x0000000086bffff0, 0x0000000086c00000| 99%| O|  |TAMS 0x0000000086bffff0, 0x0000000086b00000| Untracked 
|  56|0x0000000086c00000, 0x0000000086d00000, 0x0000000086d00000|100%| O|  |TAMS 0x0000000086d00000, 0x0000000086c00000| Untracked 
|  57|0x0000000086d00000, 0x0000000086e00000, 0x0000000086e00000|100%| O|  |TAMS 0x0000000086e00000, 0x0000000086d00000| Untracked 
|  58|0x0000000086e00000, 0x0000000086f00000, 0x0000000086f00000|100%| O|  |TAMS 0x0000000086e00000, 0x0000000086e00000| Untracked 
|  59|0x0000000086f00000, 0x0000000087000000, 0x0000000087000000|100%| O|  |TAMS 0x0000000086f00000, 0x0000000086f00000| Untracked 
|  60|0x0000000087000000, 0x0000000087100000, 0x0000000087100000|100%| O|  |TAMS 0x0000000087100000, 0x0000000087000000| Untracked 
|  61|0x0000000087100000, 0x0000000087100000, 0x0000000087200000|  0%| F|  |TAMS 0x0000000087100000, 0x0000000087100000| Untracked 
|  62|0x0000000087200000, 0x0000000087300000, 0x0000000087300000|100%| O|  |TAMS 0x0000000087200000, 0x0000000087200000| Untracked 
|  63|0x0000000087300000, 0x0000000087400000, 0x0000000087400000|100%| O|  |TAMS 0x0000000087300000, 0x0000000087300000| Untracked 
|  64|0x0000000087400000, 0x0000000087500000, 0x0000000087500000|100%| O|  |TAMS 0x0000000087500000, 0x0000000087400000| Untracked 
|  65|0x0000000087500000, 0x0000000087600000, 0x0000000087600000|100%| O|  |TAMS 0x0000000087600000, 0x0000000087500000| Untracked 
|  66|0x0000000087600000, 0x0000000087600000, 0x0000000087700000|  0%| F|  |TAMS 0x0000000087600000, 0x0000000087600000| Untracked 
|  67|0x0000000087700000, 0x0000000087800000, 0x0000000087800000|100%| O|  |TAMS 0x0000000087700000, 0x0000000087700000| Untracked 
|  68|0x0000000087800000, 0x0000000087900000, 0x0000000087900000|100%| O|  |TAMS 0x0000000087900000, 0x0000000087800000| Untracked 
|  69|0x0000000087900000, 0x0000000087a00000, 0x0000000087a00000|100%| O|  |TAMS 0x0000000087a00000, 0x0000000087900000| Untracked 
|  70|0x0000000087a00000, 0x0000000087b00000, 0x0000000087b00000|100%| O|  |TAMS 0x0000000087b00000, 0x0000000087a00000| Untracked 
|  71|0x0000000087b00000, 0x0000000087c00000, 0x0000000087c00000|100%| O|  |TAMS 0x0000000087c00000, 0x0000000087b00000| Untracked 
|  72|0x0000000087c00000, 0x0000000087d00000, 0x0000000087d00000|100%| O|  |TAMS 0x0000000087d00000, 0x0000000087c00000| Untracked 
|  73|0x0000000087d00000, 0x0000000087e00000, 0x0000000087e00000|100%| O|  |TAMS 0x0000000087d6d600, 0x0000000087d00000| Untracked 
|  74|0x0000000087e00000, 0x0000000087f00000, 0x0000000087f00000|100%| O|  |TAMS 0x0000000087e00000, 0x0000000087e00000| Untracked 
|  75|0x0000000087f00000, 0x0000000087fd2a00, 0x0000000088000000| 82%| O|  |TAMS 0x0000000087f00000, 0x0000000087f00000| Untracked 
|  76|0x0000000088000000, 0x0000000088000000, 0x0000000088100000|  0%| F|  |TAMS 0x0000000088000000, 0x0000000088000000| Untracked 
|  77|0x0000000088100000, 0x0000000088100000, 0x0000000088200000|  0%| F|  |TAMS 0x0000000088100000, 0x0000000088100000| Untracked 
|  78|0x0000000088200000, 0x0000000088200000, 0x0000000088300000|  0%| F|  |TAMS 0x0000000088200000, 0x0000000088200000| Untracked 
|  79|0x0000000088300000, 0x0000000088300000, 0x0000000088400000|  0%| F|  |TAMS 0x0000000088300000, 0x0000000088300000| Untracked 
|  80|0x0000000088400000, 0x0000000088400000, 0x0000000088500000|  0%| F|  |TAMS 0x0000000088400000, 0x0000000088400000| Untracked 
|  81|0x0000000088500000, 0x0000000088500000, 0x0000000088600000|  0%| F|  |TAMS 0x0000000088500000, 0x0000000088500000| Untracked 
|  82|0x0000000088600000, 0x0000000088600000, 0x0000000088700000|  0%| F|  |TAMS 0x0000000088600000, 0x0000000088600000| Untracked 
|  83|0x0000000088700000, 0x0000000088700000, 0x0000000088800000|  0%| F|  |TAMS 0x0000000088700000, 0x0000000088700000| Untracked 
|  84|0x0000000088800000, 0x0000000088800000, 0x0000000088900000|  0%| F|  |TAMS 0x0000000088800000, 0x0000000088800000| Untracked 
|  85|0x0000000088900000, 0x0000000088900000, 0x0000000088a00000|  0%| F|  |TAMS 0x0000000088900000, 0x0000000088900000| Untracked 
|  86|0x0000000088a00000, 0x0000000088a00000, 0x0000000088b00000|  0%| F|  |TAMS 0x0000000088a00000, 0x0000000088a00000| Untracked 
|  87|0x0000000088b00000, 0x0000000088b00000, 0x0000000088c00000|  0%| F|  |TAMS 0x0000000088b00000, 0x0000000088b00000| Untracked 
|  88|0x0000000088c00000, 0x0000000088c00000, 0x0000000088d00000|  0%| F|  |TAMS 0x0000000088c00000, 0x0000000088c00000| Untracked 
|  89|0x0000000088d00000, 0x0000000088d00000, 0x0000000088e00000|  0%| F|  |TAMS 0x0000000088d00000, 0x0000000088d00000| Untracked 
|  90|0x0000000088e00000, 0x0000000088e00000, 0x0000000088f00000|  0%| F|  |TAMS 0x0000000088e00000, 0x0000000088e00000| Untracked 
|  91|0x0000000088f00000, 0x0000000088f00000, 0x0000000089000000|  0%| F|  |TAMS 0x0000000088f00000, 0x0000000088f00000| Untracked 
|  92|0x0000000089000000, 0x0000000089000000, 0x0000000089100000|  0%| F|  |TAMS 0x0000000089000000, 0x0000000089000000| Untracked 
|  93|0x0000000089100000, 0x0000000089100000, 0x0000000089200000|  0%| F|  |TAMS 0x0000000089100000, 0x0000000089100000| Untracked 
|  94|0x0000000089200000, 0x0000000089200000, 0x0000000089300000|  0%| F|  |TAMS 0x0000000089200000, 0x0000000089200000| Untracked 
|  95|0x0000000089300000, 0x0000000089300000, 0x0000000089400000|  0%| F|  |TAMS 0x0000000089300000, 0x0000000089300000| Untracked 
|  96|0x0000000089400000, 0x0000000089400000, 0x0000000089500000|  0%| F|  |TAMS 0x0000000089400000, 0x0000000089400000| Untracked 
|  97|0x0000000089500000, 0x0000000089500000, 0x0000000089600000|  0%| F|  |TAMS 0x0000000089500000, 0x0000000089500000| Untracked 
|  98|0x0000000089600000, 0x0000000089600000, 0x0000000089700000|  0%| F|  |TAMS 0x0000000089600000, 0x0000000089600000| Untracked 
|  99|0x0000000089700000, 0x0000000089700000, 0x0000000089800000|  0%| F|  |TAMS 0x0000000089700000, 0x0000000089700000| Untracked 
| 100|0x0000000089800000, 0x0000000089800000, 0x0000000089900000|  0%| F|  |TAMS 0x0000000089800000, 0x0000000089800000| Untracked 
| 101|0x0000000089900000, 0x0000000089900000, 0x0000000089a00000|  0%| F|  |TAMS 0x0000000089900000, 0x0000000089900000| Untracked 
| 102|0x0000000089a00000, 0x0000000089a00000, 0x0000000089b00000|  0%| F|  |TAMS 0x0000000089a00000, 0x0000000089a00000| Untracked 
| 103|0x0000000089b00000, 0x0000000089b00000, 0x0000000089c00000|  0%| F|  |TAMS 0x0000000089b00000, 0x0000000089b00000| Untracked 
| 104|0x0000000089c00000, 0x0000000089c00000, 0x0000000089d00000|  0%| F|  |TAMS 0x0000000089c00000, 0x0000000089c00000| Untracked 
| 105|0x0000000089d00000, 0x0000000089d00000, 0x0000000089e00000|  0%| F|  |TAMS 0x0000000089d00000, 0x0000000089d00000| Untracked 
| 106|0x0000000089e00000, 0x0000000089e00000, 0x0000000089f00000|  0%| F|  |TAMS 0x0000000089e00000, 0x0000000089e00000| Untracked 
| 107|0x0000000089f00000, 0x0000000089f00000, 0x000000008a000000|  0%| F|  |TAMS 0x0000000089f00000, 0x0000000089f00000| Untracked 
| 108|0x000000008a000000, 0x000000008a000000, 0x000000008a100000|  0%| F|  |TAMS 0x000000008a000000, 0x000000008a000000| Untracked 
| 109|0x000000008a100000, 0x000000008a100000, 0x000000008a200000|  0%| F|  |TAMS 0x000000008a100000, 0x000000008a100000| Untracked 
| 110|0x000000008a200000, 0x000000008a200000, 0x000000008a300000|  0%| F|  |TAMS 0x000000008a200000, 0x000000008a200000| Untracked 
| 111|0x000000008a300000, 0x000000008a300000, 0x000000008a400000|  0%| F|  |TAMS 0x000000008a300000, 0x000000008a300000| Untracked 
| 112|0x000000008a400000, 0x000000008a400000, 0x000000008a500000|  0%| F|  |TAMS 0x000000008a400000, 0x000000008a400000| Untracked 
| 113|0x000000008a500000, 0x000000008a500000, 0x000000008a600000|  0%| F|  |TAMS 0x000000008a500000, 0x000000008a500000| Untracked 
| 114|0x000000008a600000, 0x000000008a600000, 0x000000008a700000|  0%| F|  |TAMS 0x000000008a600000, 0x000000008a600000| Untracked 
| 115|0x000000008a700000, 0x000000008a700000, 0x000000008a800000|  0%| F|  |TAMS 0x000000008a700000, 0x000000008a700000| Untracked 
| 116|0x000000008a800000, 0x000000008a800000, 0x000000008a900000|  0%| F|  |TAMS 0x000000008a800000, 0x000000008a800000| Untracked 
| 117|0x000000008a900000, 0x000000008a900000, 0x000000008aa00000|  0%| F|  |TAMS 0x000000008a900000, 0x000000008a900000| Untracked 
| 118|0x000000008aa00000, 0x000000008aa00000, 0x000000008ab00000|  0%| F|  |TAMS 0x000000008aa00000, 0x000000008aa00000| Untracked 
| 119|0x000000008ab00000, 0x000000008ab00000, 0x000000008ac00000|  0%| F|  |TAMS 0x000000008ab00000, 0x000000008ab00000| Untracked 
| 120|0x000000008ac00000, 0x000000008ac00000, 0x000000008ad00000|  0%| F|  |TAMS 0x000000008ac00000, 0x000000008ac00000| Untracked 
| 121|0x000000008ad00000, 0x000000008ad00000, 0x000000008ae00000|  0%| F|  |TAMS 0x000000008ad00000, 0x000000008ad00000| Untracked 
| 122|0x000000008ae00000, 0x000000008ae00000, 0x000000008af00000|  0%| F|  |TAMS 0x000000008ae00000, 0x000000008ae00000| Untracked 
| 123|0x000000008af00000, 0x000000008af00000, 0x000000008b000000|  0%| F|  |TAMS 0x000000008af00000, 0x000000008af00000| Untracked 
| 124|0x000000008b000000, 0x000000008b000000, 0x000000008b100000|  0%| F|  |TAMS 0x000000008b000000, 0x000000008b000000| Untracked 
| 125|0x000000008b100000, 0x000000008b100000, 0x000000008b200000|  0%| F|  |TAMS 0x000000008b100000, 0x000000008b100000| Untracked 
| 126|0x000000008b200000, 0x000000008b200000, 0x000000008b300000|  0%| F|  |TAMS 0x000000008b200000, 0x000000008b200000| Untracked 
| 127|0x000000008b300000, 0x000000008b300000, 0x000000008b400000|  0%| F|  |TAMS 0x000000008b300000, 0x000000008b300000| Untracked 
| 128|0x000000008b400000, 0x000000008b400000, 0x000000008b500000|  0%| F|  |TAMS 0x000000008b400000, 0x000000008b400000| Untracked 
| 129|0x000000008b500000, 0x000000008b500000, 0x000000008b600000|  0%| F|  |TAMS 0x000000008b500000, 0x000000008b500000| Untracked 
| 130|0x000000008b600000, 0x000000008b600000, 0x000000008b700000|  0%| F|  |TAMS 0x000000008b600000, 0x000000008b600000| Untracked 
| 131|0x000000008b700000, 0x000000008b700000, 0x000000008b800000|  0%| F|  |TAMS 0x000000008b700000, 0x000000008b700000| Untracked 
| 132|0x000000008b800000, 0x000000008b800000, 0x000000008b900000|  0%| F|  |TAMS 0x000000008b800000, 0x000000008b800000| Untracked 
| 133|0x000000008b900000, 0x000000008b900000, 0x000000008ba00000|  0%| F|  |TAMS 0x000000008b900000, 0x000000008b900000| Untracked 
| 134|0x000000008ba00000, 0x000000008ba00000, 0x000000008bb00000|  0%| F|  |TAMS 0x000000008ba00000, 0x000000008ba00000| Untracked 
| 135|0x000000008bb00000, 0x000000008bb00000, 0x000000008bc00000|  0%| F|  |TAMS 0x000000008bb00000, 0x000000008bb00000| Untracked 
| 136|0x000000008bc00000, 0x000000008bc00000, 0x000000008bd00000|  0%| F|  |TAMS 0x000000008bc00000, 0x000000008bc00000| Untracked 
| 137|0x000000008bd00000, 0x000000008bd00000, 0x000000008be00000|  0%| F|  |TAMS 0x000000008bd00000, 0x000000008bd00000| Untracked 
| 138|0x000000008be00000, 0x000000008be00000, 0x000000008bf00000|  0%| F|  |TAMS 0x000000008be00000, 0x000000008be00000| Untracked 
| 139|0x000000008bf00000, 0x000000008bf95730, 0x000000008c000000| 58%| E|  |TAMS 0x000000008bf00000, 0x000000008bf00000| Complete 
| 140|0x000000008c000000, 0x000000008c100000, 0x000000008c100000|100%| E|CS|TAMS 0x000000008c000000, 0x000000008c000000| Complete 
| 141|0x000000008c100000, 0x000000008c200000, 0x000000008c200000|100%| E|CS|TAMS 0x000000008c100000, 0x000000008c100000| Complete 
| 142|0x000000008c200000, 0x000000008c300000, 0x000000008c300000|100%| E|CS|TAMS 0x000000008c200000, 0x000000008c200000| Complete 
| 143|0x000000008c300000, 0x000000008c400000, 0x000000008c400000|100%| E|CS|TAMS 0x000000008c300000, 0x000000008c300000| Complete 
| 144|0x000000008c400000, 0x000000008c500000, 0x000000008c500000|100%| E|CS|TAMS 0x000000008c400000, 0x000000008c400000| Complete 
| 145|0x000000008c500000, 0x000000008c600000, 0x000000008c600000|100%| E|CS|TAMS 0x000000008c500000, 0x000000008c500000| Complete 
| 146|0x000000008c600000, 0x000000008c700000, 0x000000008c700000|100%| E|CS|TAMS 0x000000008c600000, 0x000000008c600000| Complete 
| 147|0x000000008c700000, 0x000000008c800000, 0x000000008c800000|100%| E|CS|TAMS 0x000000008c700000, 0x000000008c700000| Complete 
| 148|0x000000008c800000, 0x000000008c900000, 0x000000008c900000|100%| E|CS|TAMS 0x000000008c800000, 0x000000008c800000| Complete 
| 149|0x000000008c900000, 0x000000008ca00000, 0x000000008ca00000|100%| E|CS|TAMS 0x000000008c900000, 0x000000008c900000| Complete 
| 150|0x000000008ca00000, 0x000000008cb00000, 0x000000008cb00000|100%| E|CS|TAMS 0x000000008ca00000, 0x000000008ca00000| Complete 
| 151|0x000000008cb00000, 0x000000008cc00000, 0x000000008cc00000|100%| E|CS|TAMS 0x000000008cb00000, 0x000000008cb00000| Complete 
| 152|0x000000008cc00000, 0x000000008cd00000, 0x000000008cd00000|100%| E|CS|TAMS 0x000000008cc00000, 0x000000008cc00000| Complete 
| 153|0x000000008cd00000, 0x000000008ce00000, 0x000000008ce00000|100%| E|CS|TAMS 0x000000008cd00000, 0x000000008cd00000| Complete 
| 154|0x000000008ce00000, 0x000000008cf00000, 0x000000008cf00000|100%| E|CS|TAMS 0x000000008ce00000, 0x000000008ce00000| Complete 
| 155|0x000000008cf00000, 0x000000008d000000, 0x000000008d000000|100%| E|CS|TAMS 0x000000008cf00000, 0x000000008cf00000| Complete 
| 156|0x000000008d000000, 0x000000008d100000, 0x000000008d100000|100%| E|CS|TAMS 0x000000008d000000, 0x000000008d000000| Complete 
| 157|0x000000008d100000, 0x000000008d200000, 0x000000008d200000|100%| E|  |TAMS 0x000000008d100000, 0x000000008d100000| Complete 
| 158|0x000000008d200000, 0x000000008d300000, 0x000000008d300000|100%| E|CS|TAMS 0x000000008d200000, 0x000000008d200000| Complete 
| 159|0x000000008d300000, 0x000000008d400000, 0x000000008d400000|100%| E|CS|TAMS 0x000000008d300000, 0x000000008d300000| Complete 
| 160|0x000000008d400000, 0x000000008d500000, 0x000000008d500000|100%| E|CS|TAMS 0x000000008d400000, 0x000000008d400000| Complete 
| 161|0x000000008d500000, 0x000000008d600000, 0x000000008d600000|100%| E|CS|TAMS 0x000000008d500000, 0x000000008d500000| Complete 
| 162|0x000000008d600000, 0x000000008d700000, 0x000000008d700000|100%| E|CS|TAMS 0x000000008d600000, 0x000000008d600000| Complete 
| 163|0x000000008d700000, 0x000000008d800000, 0x000000008d800000|100%| E|CS|TAMS 0x000000008d700000, 0x000000008d700000| Complete 
| 164|0x000000008d800000, 0x000000008d900000, 0x000000008d900000|100%| E|CS|TAMS 0x000000008d800000, 0x000000008d800000| Complete 
| 165|0x000000008d900000, 0x000000008da00000, 0x000000008da00000|100%| E|CS|TAMS 0x000000008d900000, 0x000000008d900000| Complete 
| 166|0x000000008da00000, 0x000000008db00000, 0x000000008db00000|100%| E|CS|TAMS 0x000000008da00000, 0x000000008da00000| Complete 
| 167|0x000000008db00000, 0x000000008dc00000, 0x000000008dc00000|100%| E|CS|TAMS 0x000000008db00000, 0x000000008db00000| Complete 
| 168|0x000000008dc00000, 0x000000008dd00000, 0x000000008dd00000|100%| E|CS|TAMS 0x000000008dc00000, 0x000000008dc00000| Complete 
| 169|0x000000008dd00000, 0x000000008de00000, 0x000000008de00000|100%| E|CS|TAMS 0x000000008dd00000, 0x000000008dd00000| Complete 
| 170|0x000000008de00000, 0x000000008df00000, 0x000000008df00000|100%| E|CS|TAMS 0x000000008de00000, 0x000000008de00000| Complete 
| 171|0x000000008df00000, 0x000000008e000000, 0x000000008e000000|100%| E|CS|TAMS 0x000000008df00000, 0x000000008df00000| Complete 
| 172|0x000000008e000000, 0x000000008e100000, 0x000000008e100000|100%| E|CS|TAMS 0x000000008e000000, 0x000000008e000000| Complete 
| 173|0x000000008e100000, 0x000000008e200000, 0x000000008e200000|100%| E|CS|TAMS 0x000000008e100000, 0x000000008e100000| Complete 
| 174|0x000000008e200000, 0x000000008e300000, 0x000000008e300000|100%| E|CS|TAMS 0x000000008e200000, 0x000000008e200000| Complete 
| 175|0x000000008e300000, 0x000000008e400000, 0x000000008e400000|100%| E|CS|TAMS 0x000000008e300000, 0x000000008e300000| Complete 
| 176|0x000000008e400000, 0x000000008e500000, 0x000000008e500000|100%| E|CS|TAMS 0x000000008e400000, 0x000000008e400000| Complete 
| 177|0x000000008e500000, 0x000000008e600000, 0x000000008e600000|100%| E|CS|TAMS 0x000000008e500000, 0x000000008e500000| Complete 
| 178|0x000000008e600000, 0x000000008e700000, 0x000000008e700000|100%| E|CS|TAMS 0x000000008e600000, 0x000000008e600000| Complete 
| 179|0x000000008e700000, 0x000000008e800000, 0x000000008e800000|100%| E|CS|TAMS 0x000000008e700000, 0x000000008e700000| Complete 
| 180|0x000000008e800000, 0x000000008e900000, 0x000000008e900000|100%| E|CS|TAMS 0x000000008e800000, 0x000000008e800000| Complete 
| 181|0x000000008e900000, 0x000000008ea00000, 0x000000008ea00000|100%| E|CS|TAMS 0x000000008e900000, 0x000000008e900000| Complete 
| 182|0x000000008ea00000, 0x000000008eb00000, 0x000000008eb00000|100%| E|CS|TAMS 0x000000008ea00000, 0x000000008ea00000| Complete 
| 183|0x000000008eb00000, 0x000000008ec00000, 0x000000008ec00000|100%| E|CS|TAMS 0x000000008eb00000, 0x000000008eb00000| Complete 
| 184|0x000000008ec00000, 0x000000008ed00000, 0x000000008ed00000|100%| E|CS|TAMS 0x000000008ec00000, 0x000000008ec00000| Complete 
| 185|0x000000008ed00000, 0x000000008ee00000, 0x000000008ee00000|100%| E|CS|TAMS 0x000000008ed00000, 0x000000008ed00000| Complete 
| 186|0x000000008ee00000, 0x000000008ef00000, 0x000000008ef00000|100%| E|CS|TAMS 0x000000008ee00000, 0x000000008ee00000| Complete 
| 187|0x000000008ef00000, 0x000000008f000000, 0x000000008f000000|100%| E|CS|TAMS 0x000000008ef00000, 0x000000008ef00000| Complete 
| 188|0x000000008f000000, 0x000000008f100000, 0x000000008f100000|100%| E|CS|TAMS 0x000000008f000000, 0x000000008f000000| Complete 
| 189|0x000000008f100000, 0x000000008f200000, 0x000000008f200000|100%| E|CS|TAMS 0x000000008f100000, 0x000000008f100000| Complete 
| 190|0x000000008f200000, 0x000000008f300000, 0x000000008f300000|100%| E|CS|TAMS 0x000000008f200000, 0x000000008f200000| Complete 
| 191|0x000000008f300000, 0x000000008f400000, 0x000000008f400000|100%| E|CS|TAMS 0x000000008f300000, 0x000000008f300000| Complete 
| 192|0x000000008f400000, 0x000000008f500000, 0x000000008f500000|100%| E|CS|TAMS 0x000000008f400000, 0x000000008f400000| Complete 
| 193|0x000000008f500000, 0x000000008f600000, 0x000000008f600000|100%| E|CS|TAMS 0x000000008f500000, 0x000000008f500000| Complete 
| 194|0x000000008f600000, 0x000000008f700000, 0x000000008f700000|100%| E|CS|TAMS 0x000000008f600000, 0x000000008f600000| Complete 
| 195|0x000000008f700000, 0x000000008f800000, 0x000000008f800000|100%| E|CS|TAMS 0x000000008f700000, 0x000000008f700000| Complete 
| 196|0x000000008f800000, 0x000000008f900000, 0x000000008f900000|100%| E|CS|TAMS 0x000000008f800000, 0x000000008f800000| Complete 
| 197|0x000000008f900000, 0x000000008fa00000, 0x000000008fa00000|100%| E|CS|TAMS 0x000000008f900000, 0x000000008f900000| Complete 
| 198|0x000000008fa00000, 0x000000008fb00000, 0x000000008fb00000|100%| E|CS|TAMS 0x000000008fa00000, 0x000000008fa00000| Complete 
| 199|0x000000008fb00000, 0x000000008fc00000, 0x000000008fc00000|100%| E|CS|TAMS 0x000000008fb00000, 0x000000008fb00000| Complete 
| 200|0x000000008fc00000, 0x000000008fd00000, 0x000000008fd00000|100%| E|CS|TAMS 0x000000008fc00000, 0x000000008fc00000| Complete 
| 201|0x000000008fd00000, 0x000000008fe00000, 0x000000008fe00000|100%| E|CS|TAMS 0x000000008fd00000, 0x000000008fd00000| Complete 
| 202|0x000000008fe00000, 0x000000008ff00000, 0x000000008ff00000|100%| E|CS|TAMS 0x000000008fe00000, 0x000000008fe00000| Complete 
| 203|0x000000008ff00000, 0x0000000090000000, 0x0000000090000000|100%| E|CS|TAMS 0x000000008ff00000, 0x000000008ff00000| Complete 
| 204|0x0000000090000000, 0x00000000900eb838, 0x0000000090100000| 91%| S|CS|TAMS 0x0000000090000000, 0x0000000090000000| Complete 
| 205|0x0000000090100000, 0x0000000090200000, 0x0000000090200000|100%| S|CS|TAMS 0x0000000090100000, 0x0000000090100000| Complete 
| 206|0x0000000090200000, 0x0000000090300000, 0x0000000090300000|100%| E|CS|TAMS 0x0000000090200000, 0x0000000090200000| Complete 

Card table byte_map: [0x0000015e7aee0000,0x0000015e7b2d0000] _byte_map_base: 0x0000015e7aac6000

Marking Bits (Prev, Next): (CMBitMap*) 0x0000015e70232980, (CMBitMap*) 0x0000015e70232940
 Prev Bits: [0x0000015e7d5f0000, 0x0000015e7f520000)
 Next Bits: [0x0000015e7b6c0000, 0x0000015e7d5f0000)

Polling page: 0x0000015e6f9b0000

Metaspace:

Usage:
  Non-class:     79.85 MB used.
      Class:     12.89 MB used.
       Both:     92.74 MB used.

Virtual space:
  Non-class space:       88.00 MB reserved,      80.31 MB ( 91%) committed,  11 nodes.
      Class space:        1.00 GB reserved,      13.38 MB (  1%) committed,  1 nodes.
             Both:        1.09 GB reserved,      93.69 MB (  8%) committed. 

Chunk freelists:
   Non-Class:  3.73 MB
       Class:  2.60 MB
        Both:  6.33 MB

MaxMetaspaceSize: unlimited
CompressedClassSpaceSize: 1.00 GB
Initial GC threshold: 21.00 MB
Current GC threshold: 156.06 MB
CDS: on
MetaspaceReclaimPolicy: balanced
 - commit_granule_bytes: 65536.
 - commit_granule_words: 8192.
 - virtual_space_node_default_size: 1048576.
 - enlarge_chunks_in_place: 1.
 - new_chunks_are_fully_committed: 0.
 - uncommit_free_chunks: 1.
 - use_allocation_guard: 0.
 - handle_deallocations: 1.


Internal statistics:

num_allocs_failed_limit: 9.
num_arena_births: 1644.
num_arena_deaths: 388.
num_vsnodes_births: 12.
num_vsnodes_deaths: 0.
num_space_committed: 1499.
num_space_uncommitted: 0.
num_chunks_returned_to_freelist: 520.
num_chunks_taken_from_freelist: 5686.
num_chunk_merges: 151.
num_chunk_splits: 3492.
num_chunks_enlarged: 2286.
num_purges: 22.
num_inconsistent_stats: 0.

CodeCache: size=49152Kb used=27536Kb max_used=27536Kb free=21615Kb
 bounds [0x0000015e779e0000, 0x0000015e794d0000, 0x0000015e7a9e0000]
 total_blobs=15549 nmethods=14757 adapters=715
 compilation: enabled
              stopped_count=0, restarted_count=0
 full_count=0

Compilation events (20 events):
Event: 710.218 Thread 0x0000015e030ae910 14885       1       io.netty.util.concurrent.DefaultFutureListeners::<init> (66 bytes)
Event: 710.218 Thread 0x0000015e030ae910 nmethod 14885 0x0000015e794bf510 code [0x0000015e794bf6c0, 0x0000015e794bfb18]
Event: 710.224 Thread 0x0000015e030ae910 14886       1       org.springframework.beans.factory.support.AbstractAutowireCapableBeanFactory::convertForProperty (51 bytes)
Event: 710.225 Thread 0x0000015e030ae910 nmethod 14886 0x0000015e794bfc10 code [0x0000015e794bfe00, 0x0000015e794c0088]
Event: 710.234 Thread 0x0000015e183a4790 14887       1       org.springframework.data.util.TypeDiscoverer::isCollectionLike (45 bytes)
Event: 710.234 Thread 0x0000015e1836f4c0 14888       1       org.springframework.data.repository.query.parser.Part::getType (5 bytes)
Event: 710.234 Thread 0x0000015e0218bc60 14889       1       org.springframework.data.repository.query.parser.Part::getProperty (5 bytes)
Event: 710.234 Thread 0x0000015e030ae910 14890       1       org.springframework.data.mapping.PropertyPath::getSegment (5 bytes)
Event: 710.234 Thread 0x0000015e0218bc60 nmethod 14889 0x0000015e794c0210 code [0x0000015e794c03a0, 0x0000015e794c0478]
Event: 710.234 Thread 0x0000015e1836f4c0 nmethod 14888 0x0000015e794c0510 code [0x0000015e794c06a0, 0x0000015e794c0778]
Event: 710.234 Thread 0x0000015e183a4790 nmethod 14887 0x0000015e794c0810 code [0x0000015e794c09e0, 0x0000015e794c0b98]
Event: 710.234 Thread 0x0000015e030ae910 nmethod 14890 0x0000015e794c0c90 code [0x0000015e794c0e20, 0x0000015e794c0ef8]
Event: 710.266 Thread 0x0000015e0218bc60 14891       1       org.springframework.expression.spel.ast.SpelNodeImpl::getChildCount (6 bytes)
Event: 710.266 Thread 0x0000015e0218bc60 nmethod 14891 0x0000015e794c0f90 code [0x0000015e794c1120, 0x0000015e794c11f8]
Event: 710.267 Thread 0x0000015e0218bc60 14892       1       org.springframework.core.convert.Property::equals (83 bytes)
Event: 710.267 Thread 0x0000015e183a4790 14893       1       org.springframework.expression.spel.standard.Tokenizer::process (1225 bytes)
Event: 710.267 Thread 0x0000015e0218bc60 nmethod 14892 0x0000015e794c1290 code [0x0000015e794c1460, 0x0000015e794c1718]
Event: 710.268 Thread 0x0000015e183a4790 nmethod 14893 0x0000015e794c1810 code [0x0000015e794c1dc0, 0x0000015e794c3578]
Event: 710.281 Thread 0x0000015e183a4790 14894       1       org.springframework.util.LinkedCaseInsensitiveMap::removeEldestEntry (2 bytes)
Event: 710.281 Thread 0x0000015e183a4790 nmethod 14894 0x0000015e794c4010 code [0x0000015e794c41a0, 0x0000015e794c4278]

GC Heap History (20 events):
Event: 693.190 GC heap before
{Heap before GC invocations=70 (full 4):
 garbage-first heap   total 425984K, used 321378K [0x0000000083400000, 0x0000000100000000)
  region size 1024K, 243 young (248832K), 11 survivors (11264K)
 Metaspace       used 93629K, committed 94528K, reserved 1130496K
  class space    used 13029K, committed 13504K, reserved 1048576K
}
Event: 693.201 GC heap after
{Heap after GC invocations=71 (full 4):
 garbage-first heap   total 425984K, used 92825K [0x0000000083400000, 0x0000000100000000)
  region size 1024K, 19 young (19456K), 19 survivors (19456K)
 Metaspace       used 93629K, committed 94528K, reserved 1130496K
  class space    used 13029K, committed 13504K, reserved 1048576K
}
Event: 708.303 GC heap before
{Heap before GC invocations=71 (full 4):
 garbage-first heap   total 425984K, used 132761K [0x0000000083400000, 0x0000000100000000)
  region size 1024K, 60 young (61440K), 19 survivors (19456K)
 Metaspace       used 93705K, committed 94592K, reserved 1130496K
  class space    used 13042K, committed 13504K, reserved 1048576K
}
Event: 708.359 GC heap after
{Heap after GC invocations=72 (full 5):
 garbage-first heap   total 211968K, used 58389K [0x0000000083400000, 0x0000000100000000)
  region size 1024K, 0 young (0K), 0 survivors (0K)
 Metaspace       used 93705K, committed 94592K, reserved 1130496K
  class space    used 13042K, committed 13504K, reserved 1048576K
}
Event: 708.889 GC heap before
{Heap before GC invocations=72 (full 5):
 garbage-first heap   total 211968K, used 158741K [0x0000000083400000, 0x0000000100000000)
  region size 1024K, 99 young (101376K), 0 survivors (0K)
 Metaspace       used 94083K, committed 95104K, reserved 1130496K
  class space    used 13107K, committed 13632K, reserved 1048576K
}
Event: 708.893 GC heap after
{Heap after GC invocations=73 (full 5):
 garbage-first heap   total 211968K, used 66268K [0x0000000083400000, 0x0000000100000000)
  region size 1024K, 8 young (8192K), 8 survivors (8192K)
 Metaspace       used 94083K, committed 95104K, reserved 1130496K
  class space    used 13107K, committed 13632K, reserved 1048576K
}
Event: 709.143 GC heap before
{Heap before GC invocations=74 (full 5):
 garbage-first heap   total 211968K, used 160476K [0x0000000083400000, 0x0000000100000000)
  region size 1024K, 101 young (103424K), 8 survivors (8192K)
 Metaspace       used 94121K, committed 95104K, reserved 1130496K
  class space    used 13099K, committed 13632K, reserved 1048576K
}
Event: 709.147 GC heap after
{Heap after GC invocations=75 (full 5):
 garbage-first heap   total 211968K, used 68788K [0x0000000083400000, 0x0000000100000000)
  region size 1024K, 5 young (5120K), 5 survivors (5120K)
 Metaspace       used 94121K, committed 95104K, reserved 1130496K
  class space    used 13099K, committed 13632K, reserved 1048576K
}
Event: 709.167 GC heap before
{Heap before GC invocations=75 (full 5):
 garbage-first heap   total 211968K, used 73908K [0x0000000083400000, 0x0000000100000000)
  region size 1024K, 10 young (10240K), 5 survivors (5120K)
 Metaspace       used 94143K, committed 95104K, reserved 1130496K
  class space    used 13102K, committed 13632K, reserved 1048576K
}
Event: 709.170 GC heap after
{Heap after GC invocations=76 (full 5):
 garbage-first heap   total 211968K, used 57114K [0x0000000083400000, 0x0000000100000000)
  region size 1024K, 1 young (1024K), 1 survivors (1024K)
 Metaspace       used 94143K, committed 95104K, reserved 1130496K
  class space    used 13102K, committed 13632K, reserved 1048576K
}
Event: 709.484 GC heap before
{Heap before GC invocations=76 (full 5):
 garbage-first heap   total 211968K, used 164634K [0x0000000083400000, 0x0000000100000000)
  region size 1024K, 107 young (109568K), 1 survivors (1024K)
 Metaspace       used 94294K, committed 95232K, reserved 1130496K
  class space    used 13119K, committed 13632K, reserved 1048576K
}
Event: 709.487 GC heap after
{Heap after GC invocations=77 (full 5):
 garbage-first heap   total 211968K, used 60557K [0x0000000083400000, 0x0000000100000000)
  region size 1024K, 5 young (5120K), 5 survivors (5120K)
 Metaspace       used 94294K, committed 95232K, reserved 1130496K
  class space    used 13119K, committed 13632K, reserved 1048576K
}
Event: 709.898 GC heap before
{Heap before GC invocations=77 (full 5):
 garbage-first heap   total 211968K, used 167053K [0x0000000083400000, 0x0000000100000000)
  region size 1024K, 109 young (111616K), 5 survivors (5120K)
 Metaspace       used 94927K, committed 95872K, reserved 1138688K
  class space    used 13193K, committed 13696K, reserved 1048576K
}
Event: 709.904 GC heap after
{Heap after GC invocations=78 (full 5):
 garbage-first heap   total 211968K, used 67147K [0x0000000083400000, 0x0000000100000000)
  region size 1024K, 11 young (11264K), 11 survivors (11264K)
 Metaspace       used 94927K, committed 95872K, reserved 1138688K
  class space    used 13193K, committed 13696K, reserved 1048576K
}
Event: 709.924 GC heap before
{Heap before GC invocations=78 (full 5):
 garbage-first heap   total 211968K, used 81483K [0x0000000083400000, 0x0000000100000000)
  region size 1024K, 27 young (27648K), 11 survivors (11264K)
 Metaspace       used 94927K, committed 95872K, reserved 1138688K
  class space    used 13193K, committed 13696K, reserved 1048576K
}
Event: 709.930 GC heap after
{Heap after GC invocations=79 (full 5):
 garbage-first heap   total 211968K, used 70948K [0x0000000083400000, 0x0000000100000000)
  region size 1024K, 11 young (11264K), 11 survivors (11264K)
 Metaspace       used 94927K, committed 95872K, reserved 1138688K
  class space    used 13193K, committed 13696K, reserved 1048576K
}
Event: 710.075 GC heap before
{Heap before GC invocations=80 (full 5):
 garbage-first heap   total 211968K, used 170276K [0x0000000083400000, 0x0000000100000000)
  region size 1024K, 107 young (109568K), 11 survivors (11264K)
 Metaspace       used 94924K, committed 95872K, reserved 1138688K
  class space    used 13192K, committed 13696K, reserved 1048576K
}
Event: 710.081 GC heap after
{Heap after GC invocations=81 (full 5):
 garbage-first heap   total 211968K, used 75842K [0x0000000083400000, 0x0000000100000000)
  region size 1024K, 9 young (9216K), 9 survivors (9216K)
 Metaspace       used 94924K, committed 95872K, reserved 1138688K
  class space    used 13192K, committed 13696K, reserved 1048576K
}
Event: 710.083 GC heap before
{Heap before GC invocations=81 (full 5):
 garbage-first heap   total 211968K, used 76866K [0x0000000083400000, 0x0000000100000000)
  region size 1024K, 10 young (10240K), 9 survivors (9216K)
 Metaspace       used 94924K, committed 95872K, reserved 1138688K
  class space    used 13192K, committed 13696K, reserved 1048576K
}
Event: 710.086 GC heap after
{Heap after GC invocations=82 (full 5):
 garbage-first heap   total 211968K, used 75493K [0x0000000083400000, 0x0000000100000000)
  region size 1024K, 2 young (2048K), 2 survivors (2048K)
 Metaspace       used 94924K, committed 95872K, reserved 1138688K
  class space    used 13192K, committed 13696K, reserved 1048576K
}

Deoptimization events (20 events):
Event: 7.315 Thread 0x0000015e03c7cc90 DEOPT PACKING pc=0x0000015e77fd8125 sp=0x00000051309fa6a0
Event: 7.315 Thread 0x0000015e03c7cc90 DEOPT UNPACKING pc=0x0000015e77a32b43 sp=0x00000051309f9be8 mode 3
Event: 7.319 Thread 0x0000015e03c7cc90 DEOPT PACKING pc=0x0000015e77dff85c sp=0x00000051309fc0a0
Event: 7.319 Thread 0x0000015e03c7cc90 DEOPT UNPACKING pc=0x0000015e77a32b43 sp=0x00000051309fb5c0 mode 0
Event: 7.319 Thread 0x0000015e03c7cc90 DEOPT PACKING pc=0x0000015e77dff85c sp=0x00000051309fd4c0
Event: 7.319 Thread 0x0000015e03c7cc90 DEOPT UNPACKING pc=0x0000015e77a32b43 sp=0x00000051309fc9e0 mode 0
Event: 7.781 Thread 0x0000015e03c7cc90 DEOPT PACKING pc=0x0000015e786bf6bb sp=0x00000051309fbed0
Event: 7.781 Thread 0x0000015e03c7cc90 DEOPT UNPACKING pc=0x0000015e77a32b43 sp=0x00000051309fb408 mode 3
Event: 8.541 Thread 0x0000015e06a16970 DEOPT PACKING pc=0x0000015e7873b31c sp=0x00000051318ff650
Event: 8.541 Thread 0x0000015e06a16970 DEOPT UNPACKING pc=0x0000015e77a32b43 sp=0x00000051318febd0 mode 0
Event: 202.013 Thread 0x0000015e0966a6b0 DEOPT PACKING pc=0x0000015e789a80af sp=0x000000512e6fdac0
Event: 202.013 Thread 0x0000015e0966a6b0 DEOPT UNPACKING pc=0x0000015e77a32b43 sp=0x000000512e6fcf88 mode 3
Event: 203.413 Thread 0x0000015e09667690 DEOPT PACKING pc=0x0000015e787bb71c sp=0x000000512f9fd600
Event: 203.413 Thread 0x0000015e09667690 DEOPT UNPACKING pc=0x0000015e77a32b43 sp=0x000000512f9fcc38 mode 3
Event: 206.556 Thread 0x0000015e09667690 DEOPT PACKING pc=0x0000015e78c7fcbc sp=0x000000512f9fd190
Event: 206.556 Thread 0x0000015e09667690 DEOPT UNPACKING pc=0x0000015e77a32b43 sp=0x000000512f9fc610 mode 3
Event: 365.789 Thread 0x0000015e06a18180 DEOPT PACKING pc=0x0000015e78bb963b sp=0x0000005131efd9d0
Event: 365.790 Thread 0x0000015e06a18180 DEOPT UNPACKING pc=0x0000015e77a32b43 sp=0x0000005131efce98 mode 3
Event: 371.072 Thread 0x0000015e036fe060 DEOPT PACKING pc=0x0000015e78f7b680 sp=0x000000512e8fc9d0
Event: 371.072 Thread 0x0000015e036fe060 DEOPT UNPACKING pc=0x0000015e77a32b43 sp=0x000000512e8fbe98 mode 3

Classes unloaded (20 events):
Event: 708.926 Thread 0x0000015e02164030 Unloading class 0x00000008017dbc00 'jdk/internal/reflect/GeneratedMethodAccessor148'
Event: 708.926 Thread 0x0000015e02164030 Unloading class 0x00000008017d4000 'jdk/internal/reflect/GeneratedConstructorAccessor82'
Event: 708.926 Thread 0x0000015e02164030 Unloading class 0x00000008017ad000 'jdk/internal/reflect/GeneratedMethodAccessor121'
Event: 708.926 Thread 0x0000015e02164030 Unloading class 0x00000008017acc00 'jdk/internal/reflect/GeneratedMethodAccessor120'
Event: 708.926 Thread 0x0000015e02164030 Unloading class 0x0000000801785800 'jdk/internal/reflect/GeneratedMethodAccessor103'
Event: 708.926 Thread 0x0000015e02164030 Unloading class 0x00000008015c8c00 'jdk/internal/reflect/GeneratedConstructorAccessor58'
Event: 708.926 Thread 0x0000015e02164030 Unloading class 0x00000008015bec00 'jdk/internal/reflect/GeneratedMethodAccessor86'
Event: 708.926 Thread 0x0000015e02164030 Unloading class 0x00000008015be800 'jdk/internal/reflect/GeneratedMethodAccessor85'
Event: 708.926 Thread 0x0000015e02164030 Unloading class 0x00000008015be400 'jdk/internal/reflect/GeneratedMethodAccessor84'
Event: 708.926 Thread 0x0000015e02164030 Unloading class 0x00000008015be000 'jdk/internal/reflect/GeneratedMethodAccessor83'
Event: 708.927 Thread 0x0000015e02164030 Unloading class 0x00000008015bdc00 'jdk/internal/reflect/GeneratedMethodAccessor82'
Event: 708.927 Thread 0x0000015e02164030 Unloading class 0x00000008015bd800 'jdk/internal/reflect/GeneratedMethodAccessor81'
Event: 708.927 Thread 0x0000015e02164030 Unloading class 0x00000008015bd400 'jdk/internal/reflect/GeneratedMethodAccessor80'
Event: 708.927 Thread 0x0000015e02164030 Unloading class 0x00000008015bd000 'jdk/internal/reflect/GeneratedMethodAccessor79'
Event: 708.927 Thread 0x0000015e02164030 Unloading class 0x00000008015bcc00 'jdk/internal/reflect/GeneratedMethodAccessor78'
Event: 708.927 Thread 0x0000015e02164030 Unloading class 0x00000008015bc800 'jdk/internal/reflect/GeneratedMethodAccessor77'
Event: 708.927 Thread 0x0000015e02164030 Unloading class 0x000000080155c000 'jdk/internal/reflect/GeneratedConstructorAccessor55'
Event: 708.927 Thread 0x0000015e02164030 Unloading class 0x00000008014f4000 'jdk/internal/reflect/GeneratedConstructorAccessor50'
Event: 709.987 Thread 0x0000015e02164030 Unloading class 0x0000000801879c00 'org/apache/catalina/loader/JdbcLeakPrevention'
Event: 709.987 Thread 0x0000015e02164030 Unloading class 0x000000080185a000 'org/apache/catalina/loader/JdbcLeakPrevention'

Classes redefined (0 events):
No events

Internal exceptions (20 events):
Event: 709.658 Thread 0x0000015e183a5ba0 Exception <a 'java/lang/ClassNotFoundException'{0x000000008d9f5638}: java/lang/ObjectCustomizer> (0x000000008d9f5638) 
thrown [t:\workspace\open\src\hotspot\share\classfile\systemDictionary.cpp, line 256]
Event: 709.658 Thread 0x0000015e183a5ba0 Exception <a 'java/lang/ClassNotFoundException'{0x000000008d9fe830}: com/hg/hyy/entity/StudentCustomizer> (0x000000008d9fe830) 
thrown [t:\workspace\open\src\hotspot\share\classfile\systemDictionary.cpp, line 256]
Event: 709.661 Thread 0x0000015e183a5ba0 Exception <a 'java/lang/reflect/InvocationTargetException'{0x000000008d7fd088}> (0x000000008d7fd088) 
thrown [t:\workspace\open\src\hotspot\share\runtime\reflection.cpp, line 1121]
Event: 709.666 Thread 0x0000015e183a5ba0 Exception <a 'java/lang/ClassNotFoundException'{0x000000008d51ad38}: java/lang/ObjectCustomizer> (0x000000008d51ad38) 
thrown [t:\workspace\open\src\hotspot\share\classfile\systemDictionary.cpp, line 256]
Event: 709.666 Thread 0x0000015e183a5ba0 Exception <a 'java/lang/ClassNotFoundException'{0x000000008d523ec8}: com/hg/hyy/service/IpAddressServiceCustomizer> (0x000000008d523ec8) 
thrown [t:\workspace\open\src\hotspot\share\classfile\systemDictionary.cpp, line 256]
Event: 709.768 Thread 0x0000015e0940aed0 Exception <a 'java/net/ConnectException'{0x000000008b980ff8}: Connection refused: no further information> (0x000000008b980ff8) 
thrown [t:\workspace\open\src\hotspot\share\prims\jni.cpp, line 535]
Event: 709.769 Thread 0x0000015e0940aed0 Exception <a 'java/net/SocketException'{0x000000008b981330}: Socket is not connected: shutdown> (0x000000008b981330) 
thrown [t:\workspace\open\src\hotspot\share\prims\jni.cpp, line 535]
Event: 709.780 Thread 0x0000015e183b63c0 Exception <a 'java/net/ConnectException'{0x000000008b780ff8}: Connection refused: no further information> (0x000000008b780ff8) 
thrown [t:\workspace\open\src\hotspot\share\prims\jni.cpp, line 535]
Event: 709.780 Thread 0x0000015e186c69c0 Exception <a 'java/net/ConnectException'{0x000000008b9b1698}: Connection refused: no further information> (0x000000008b9b1698) 
thrown [t:\workspace\open\src\hotspot\share\prims\jni.cpp, line 535]
Event: 709.780 Thread 0x0000015e183b63c0 Exception <a 'java/net/SocketException'{0x000000008b781330}: Socket is not connected: shutdown> (0x000000008b781330) 
thrown [t:\workspace\open\src\hotspot\share\prims\jni.cpp, line 535]
Event: 709.780 Thread 0x0000015e186c69c0 Exception <a 'java/net/SocketException'{0x000000008b9b19d0}: Socket is not connected: shutdown> (0x000000008b9b19d0) 
thrown [t:\workspace\open\src\hotspot\share\prims\jni.cpp, line 535]
Event: 709.782 Thread 0x0000015e09665010 Exception <a 'java/net/ConnectException'{0x000000008b7b1698}: Connection refused: no further information> (0x000000008b7b1698) 
thrown [t:\workspace\open\src\hotspot\share\prims\jni.cpp, line 535]
Event: 709.782 Thread 0x0000015e09665010 Exception <a 'java/net/SocketException'{0x000000008b7b19d0}: Socket is not connected: shutdown> (0x000000008b7b19d0) 
thrown [t:\workspace\open\src\hotspot\share\prims\jni.cpp, line 535]
Event: 709.875 Thread 0x0000015e042705a0 Exception <a 'java/lang/InterruptedException'{0x000000008a180840}: sleep interrupted> (0x000000008a180840) 
thrown [t:\workspace\open\src\hotspot\share\prims\jvm.cpp, line 3067]
Event: 709.875 Thread 0x0000015e183a5200 Exception <a 'java/io/IOException'{0x000000008a16c110}> (0x000000008a16c110) 
thrown [t:\workspace\open\src\hotspot\share\prims\jni.cpp, line 516]
Event: 709.875 Thread 0x0000015e0940b3a0 Exception <a 'java/lang/InterruptedException'{0x000000008a01e1a8}: sleep interrupted> (0x000000008a01e1a8) 
thrown [t:\workspace\open\src\hotspot\share\prims\jvm.cpp, line 3067]
Event: 709.878 Thread 0x0000015e08ce3690 Exception <a 'java/lang/InterruptedException'{0x0000000089e00040}: sleep interrupted> (0x0000000089e00040) 
thrown [t:\workspace\open\src\hotspot\share\prims\jvm.cpp, line 3067]
Event: 709.887 Thread 0x0000015e183a5200 Exception <a 'java/lang/NoClassDefFoundError'{0x0000000089fd7230}: liquibase/exception/ChangeLogParseException> (0x0000000089fd7230) 
thrown [t:\workspace\open\src\hotspot\share\oops\constantPool.cpp, line 835]
Event: 709.887 Thread 0x0000015e183a5200 Exception <a 'java/lang/reflect/InvocationTargetException'{0x0000000089d9f6a8}> (0x0000000089d9f6a8) 
thrown [t:\workspace\open\src\hotspot\share\runtime\reflection.cpp, line 1121]
Event: 710.234 Thread 0x0000015e183a5ba0 Exception <a 'java/lang/reflect/InvocationTargetException'{0x000000008cb52668}> (0x000000008cb52668) 
thrown [t:\workspace\open\src\hotspot\share\runtime\reflection.cpp, line 1121]

VM Operations (20 events):
Event: 710.058 Executing VM operation: ICBufferFull
Event: 710.058 Executing VM operation: ICBufferFull done
Event: 710.067 Executing VM operation: ICBufferFull
Event: 710.067 Executing VM operation: ICBufferFull done
Event: 710.073 Executing VM operation: ICBufferFull
Event: 710.074 Executing VM operation: ICBufferFull done
Event: 710.075 Executing VM operation: G1CollectForAllocation
Event: 710.082 Executing VM operation: G1CollectForAllocation done
Event: 710.083 Executing VM operation: G1CollectForAllocation
Event: 710.087 Executing VM operation: G1CollectForAllocation done
Event: 710.094 Executing VM operation: ICBufferFull
Event: 710.094 Executing VM operation: ICBufferFull done
Event: 710.102 Executing VM operation: ICBufferFull
Event: 710.103 Executing VM operation: ICBufferFull done
Event: 710.176 Executing VM operation: ICBufferFull
Event: 710.176 Executing VM operation: ICBufferFull done
Event: 710.177 Executing VM operation: ICBufferFull
Event: 710.177 Executing VM operation: ICBufferFull done
Event: 710.212 Executing VM operation: ICBufferFull
Event: 710.212 Executing VM operation: ICBufferFull done

Events (20 events):
Event: 710.131 Thread 0x0000015e07674550 Thread exited: 0x0000015e07674550
Event: 710.131 Thread 0x0000015e07671ed0 Thread exited: 0x0000015e07671ed0
Event: 710.131 Thread 0x0000015e07671a00 Thread exited: 0x0000015e07671a00
Event: 710.131 Thread 0x0000015e076723a0 Thread exited: 0x0000015e076723a0
Event: 710.131 Thread 0x0000015e183a4d30 Thread exited: 0x0000015e183a4d30
Event: 710.131 Thread 0x0000015e183a56d0 Thread exited: 0x0000015e183a56d0
Event: 710.131 Thread 0x0000015e07673210 Thread exited: 0x0000015e07673210
Event: 710.131 Thread 0x0000015e183a5200 Thread exited: 0x0000015e183a5200
Event: 710.131 Thread 0x0000015e076736e0 Thread exited: 0x0000015e076736e0
Event: 710.131 Thread 0x0000015e07674080 Thread exited: 0x0000015e07674080
Event: 710.131 Thread 0x0000015e07671530 Thread exited: 0x0000015e07671530
Event: 710.131 Thread 0x0000015e0940a530 Thread exited: 0x0000015e0940a530
Event: 710.217 Thread 0x0000015e09666820 Thread added: 0x0000015e09666820
Event: 710.219 Thread 0x0000015e08ce2350 Thread added: 0x0000015e08ce2350
Event: 710.219 Thread 0x0000015e08ce2820 Thread added: 0x0000015e08ce2820
Event: 710.219 Thread 0x0000015e07674080 Thread added: 0x0000015e07674080
Event: 710.219 Thread 0x0000015e07674550 Thread added: 0x0000015e07674550
Event: 710.220 Thread 0x0000015e09667690 Thread added: 0x0000015e09667690
Event: 710.262 Thread 0x0000015e183b5080 Thread added: 0x0000015e183b5080
Event: 710.308 Thread 0x0000015e09669840 Thread exited: 0x0000015e09669840


Dynamic libraries:
0x00007ff745af0000 - 0x00007ff745b00000 	C:\Program Files\Java\jdk17\bin\java.exe
0x00007ff886140000 - 0x00007ff886347000 	C:\WINDOWS\SYSTEM32\ntdll.dll
0x00007ff8856a0000 - 0x00007ff88575d000 	C:\WINDOWS\System32\KERNEL32.DLL
0x00007ff883830000 - 0x00007ff883ba4000 	C:\WINDOWS\System32\KERNELBASE.dll
0x00007ff883cd0000 - 0x00007ff883de1000 	C:\WINDOWS\System32\ucrtbase.dll
0x00007ff8701b0000 - 0x00007ff8701c8000 	C:\Program Files\Java\jdk17\bin\jli.dll
0x00007ff885790000 - 0x00007ff88583c000 	C:\WINDOWS\System32\ADVAPI32.dll
0x00007ff885fd0000 - 0x00007ff886073000 	C:\WINDOWS\System32\msvcrt.dll
0x00007ff883fd0000 - 0x00007ff88406d000 	C:\WINDOWS\System32\sechost.dll
0x00007ff885b40000 - 0x00007ff885c61000 	C:\WINDOWS\System32\RPCRT4.dll
0x00007ff8854f0000 - 0x00007ff88569c000 	C:\WINDOWS\System32\USER32.dll
0x00007ff883620000 - 0x00007ff883646000 	C:\WINDOWS\System32\win32u.dll
0x00007ff8841a0000 - 0x00007ff8841c9000 	C:\WINDOWS\System32\GDI32.dll
0x00007ff8646f0000 - 0x00007ff864995000 	C:\WINDOWS\WinSxS\amd64_microsoft.windows.common-controls_6595b64144ccf1df_6.0.22000.120_none_9d947278b86cc467\COMCTL32.dll
0x00007ff883bb0000 - 0x00007ff883cc2000 	C:\WINDOWS\System32\gdi32full.dll
0x00007ff883790000 - 0x00007ff88382d000 	C:\WINDOWS\System32\msvcp_win.dll
0x00007ff870190000 - 0x00007ff8701aa000 	C:\Program Files\Java\jdk17\bin\VCRUNTIME140.dll
0x00007ff879190000 - 0x00007ff87919a000 	C:\WINDOWS\SYSTEM32\VERSION.dll
0x00007ff885a20000 - 0x00007ff885a51000 	C:\WINDOWS\System32\IMM32.DLL
0x00007ff87c9f0000 - 0x00007ff87c9fc000 	C:\Program Files\Java\jdk17\bin\vcruntime140_1.dll
0x00007ff86a8e0000 - 0x00007ff86a96d000 	C:\Program Files\Java\jdk17\bin\msvcp140.dll
0x00007ff823960000 - 0x00007ff82451e000 	C:\Program Files\Java\jdk17\bin\server\jvm.dll
0x00007ff886080000 - 0x00007ff886088000 	C:\WINDOWS\System32\PSAPI.DLL
0x00007ff87c360000 - 0x00007ff87c369000 	C:\WINDOWS\SYSTEM32\WSOCK32.dll
0x00007ff8858e0000 - 0x00007ff88594f000 	C:\WINDOWS\System32\WS2_32.dll
0x00007ff87aa30000 - 0x00007ff87aa63000 	C:\WINDOWS\SYSTEM32\WINMM.dll
0x00007ff882830000 - 0x00007ff882848000 	C:\WINDOWS\SYSTEM32\kernel.appcore.dll
0x00007ff87c280000 - 0x00007ff87c28a000 	C:\Program Files\Java\jdk17\bin\jimage.dll
0x00007ff87e0f0000 - 0x00007ff87e311000 	C:\WINDOWS\SYSTEM32\DBGHELP.DLL
0x00007ff872ce0000 - 0x00007ff872d11000 	C:\WINDOWS\SYSTEM32\dbgcore.DLL
0x00007ff883650000 - 0x00007ff8836d0000 	C:\WINDOWS\System32\bcryptPrimitives.dll
0x00007ff86e710000 - 0x00007ff86e71e000 	C:\Program Files\Java\jdk17\bin\instrument.dll
0x00007ff8700b0000 - 0x00007ff8700d5000 	C:\Program Files\Java\jdk17\bin\java.dll
0x00007ff868cf0000 - 0x00007ff868dc6000 	C:\Program Files\Java\jdk17\bin\svml.dll
0x00007ff884640000 - 0x00007ff884dee000 	C:\WINDOWS\System32\SHELL32.dll
0x00007ff881790000 - 0x00007ff881ff7000 	C:\WINDOWS\SYSTEM32\windows.storage.dll
0x00007ff884fd0000 - 0x00007ff885348000 	C:\WINDOWS\System32\combase.dll
0x00007ff881620000 - 0x00007ff881786000 	C:\WINDOWS\SYSTEM32\wintypes.dll
0x00007ff885ee0000 - 0x00007ff885fca000 	C:\WINDOWS\System32\SHCORE.dll
0x00007ff885950000 - 0x00007ff8859ad000 	C:\WINDOWS\System32\shlwapi.dll
0x00007ff883550000 - 0x00007ff883571000 	C:\WINDOWS\SYSTEM32\profapi.dll
0x00007ff86d160000 - 0x00007ff86d178000 	C:\Program Files\Java\jdk17\bin\zip.dll
0x00007ff870170000 - 0x00007ff870189000 	C:\Program Files\Java\jdk17\bin\net.dll
0x00007ff87b810000 - 0x00007ff87b91c000 	C:\WINDOWS\SYSTEM32\WINHTTP.dll
0x00007ff882c40000 - 0x00007ff882ca7000 	C:\WINDOWS\system32\mswsock.dll
0x00007ff870090000 - 0x00007ff8700a5000 	C:\Program Files\Java\jdk17\bin\nio.dll
0x00007ff86b510000 - 0x00007ff86b52a000 	C:\Program Files\JetBrains\IntelliJ IDEA 2021.2.2\bin\breakgen64.dll
0x00007ff8823a0000 - 0x00007ff882487000 	C:\WINDOWS\SYSTEM32\DNSAPI.dll
0x00007ff882330000 - 0x00007ff88235d000 	C:\WINDOWS\SYSTEM32\IPHLPAPI.DLL
0x00007ff885a10000 - 0x00007ff885a19000 	C:\WINDOWS\System32\NSI.dll
0x00007ff877670000 - 0x00007ff87767a000 	C:\Windows\System32\rasadhlp.dll
0x00007ff878e80000 - 0x00007ff878f01000 	C:\WINDOWS\System32\fwpuclnt.dll
0x00007ff86f2a0000 - 0x00007ff86f2a9000 	C:\Program Files\Java\jdk17\bin\management.dll
0x00007ff86f020000 - 0x00007ff86f02b000 	C:\Program Files\Java\jdk17\bin\management_ext.dll
0x00007ff882e80000 - 0x00007ff882e98000 	C:\WINDOWS\SYSTEM32\CRYPTSP.dll
0x00007ff882790000 - 0x00007ff8827c5000 	C:\WINDOWS\system32\rsaenh.dll
0x00007ff882d30000 - 0x00007ff882d59000 	C:\WINDOWS\SYSTEM32\USERENV.dll
0x00007ff883000000 - 0x00007ff883027000 	C:\WINDOWS\SYSTEM32\bcrypt.dll
0x00007ff882ea0000 - 0x00007ff882eac000 	C:\WINDOWS\SYSTEM32\CRYPTBASE.dll
0x00007ff87a970000 - 0x00007ff87a989000 	C:\WINDOWS\SYSTEM32\dhcpcsvc6.DLL
0x00007ff87af80000 - 0x00007ff87af9e000 	C:\WINDOWS\SYSTEM32\dhcpcsvc.DLL
0x00007ff83e8c0000 - 0x00007ff83e8d7000 	C:\WINDOWS\system32\napinsp.dll
0x00007ff83e8a0000 - 0x00007ff83e8bb000 	C:\WINDOWS\system32\pnrpnsp.dll
0x00007ff83e790000 - 0x00007ff83e7a2000 	C:\WINDOWS\System32\winrnr.dll
0x00007ff853ef0000 - 0x00007ff853f05000 	C:\WINDOWS\system32\wshbth.dll
0x00007ff83e8f0000 - 0x00007ff83e90f000 	C:\WINDOWS\system32\nlansp_c.dll
0x0000000180000000 - 0x0000000180286000 	C:\Users\littl\Documents\Web\tomcat9\bin\tcnative-1.dll
0x00007ff883df0000 - 0x00007ff883f52000 	C:\WINDOWS\System32\CRYPT32.dll
0x00007ff86e5e0000 - 0x00007ff86e5ee000 	C:\Program Files\Java\jdk17\bin\sunmscapi.dll
0x00007ff882fd0000 - 0x00007ff882ff8000 	C:\WINDOWS\SYSTEM32\ncrypt.dll
0x00007ff882f90000 - 0x00007ff882fc7000 	C:\WINDOWS\SYSTEM32\NTASN1.dll
0x00007ff86ddc0000 - 0x00007ff86ddc8000 	C:\WINDOWS\system32\wshunix.dll

dbghelp: loaded successfully - version: 4.0.5 - missing functions: none
symbol engine: initialized successfully - sym options: 0x614 - pdb path: .;C:\Program Files\Java\jdk17\bin;C:\WINDOWS\SYSTEM32;C:\WINDOWS\WinSxS\amd64_microsoft.windows.common-controls_6595b64144ccf1df_6.0.22000.120_none_9d947278b86cc467;C:\Program Files\Java\jdk17\bin\server;C:\Program Files\JetBrains\IntelliJ IDEA 2021.2.2\bin;C:\Users\littl\Documents\Web\tomcat9\bin

VM Arguments:
jvm_args: -XX:TieredStopAtLevel=1 -Xverify:none -Dspring.output.ansi.enabled=always -javaagent:C:\Program Files\JetBrains\IntelliJ IDEA 2021.2.2\lib\idea_rt.jar=59421:C:\Program Files\JetBrains\IntelliJ IDEA 2021.2.2\bin -Dcom.sun.management.jmxremote -Dspring.jmx.enabled=true -Dspring.liveBeansView.mbeanDomain -Dspring.application.admin.enabled=true -Dfile.encoding=UTF-8 
java_command: com.hg.hyy.Application
java_class_path (initial): D:\Web\java\my-spring-boot\target\classes;C:\Users\littl\.m2\repository\org\springframework\session\spring-session-data-redis\2.5.3\spring-session-data-redis-2.5.3.jar;C:\Users\littl\.m2\repository\org\springframework\data\spring-data-redis\2.5.7\spring-data-redis-2.5.7.jar;C:\Users\littl\.m2\repository\org\springframework\data\spring-data-keyvalue\2.5.7\spring-data-keyvalue-2.5.7.jar;C:\Users\littl\.m2\repository\org\springframework\spring-oxm\5.3.13\spring-oxm-5.3.13.jar;C:\Users\littl\.m2\repository\org\springframework\spring-context-support\5.3.13\spring-context-support-5.3.13.jar;C:\Users\littl\.m2\repository\org\springframework\session\spring-session-core\2.5.3\spring-session-core-2.5.3.jar;C:\Users\littl\.m2\repository\org\springframework\spring-jcl\5.3.13\spring-jcl-5.3.13.jar;C:\Users\littl\.m2\repository\com\maxmind\geoip2\geoip2\2.15.0\geoip2-2.15.0.jar;C:\Users\littl\.m2\repository\com\maxmind\db\maxmind-db\2.0.0\maxmind-db-2.0.0.jar;C:\Users\littl\.m2\repository\commons-codec\commons-codec\1.15\commons-codec-1.15.jar;C:\Users\littl\.m2\repository\com\fasterxml\jackson\core\jackson-databind\2.12.5\jackson-databind-2.12.5.jar;C:\Users\littl\.m2\repository\com\fasterxml\jackson\core\jackson-core\2.12.5\jackson-core-2.12.5.jar;C:\Users\littl\.m2\repository\com\fasterxml\jackson\core\jackson-annotations\2.12.5\jackson-annotations-2.12.5.jar;C:\Users\littl\.m2\repository\com\google\code\gson\gson\2.8.9\gson-2.8.9.jar;C:\Users\littl\.m2\repository\net\sf\json-lib\json-lib\2.4\json-lib-2.4-jdk15.jar;C:\Users\littl\.m2\repository\commons-beanutils\commons-beanutils\1.8.0\commons-beanutils-1.8.0.jar;C:\Users\littl\.m2\repository\commons-collections\commons-collections\3.2.1\commons-collections-3.2.1.jar;C:\Users\littl\.m2\repository\commons-lang\commons-lang\2.5\commons-lang-2.5.jar;C:\Users\littl\.m2\repository\commons-logging\commons-logging\1.1.1\commons-logging-1.1.1.jar;C:\Users\littl\.m2\repository\net\sf\ezmorph\ezmorph\1.0.6\e
Launcher Type: SUN_STANDARD

[Global flags]
     intx CICompilerCount                          = 4                                         {product} {ergonomic}
     uint ConcGCThreads                            = 2                                         {product} {ergonomic}
     uint G1ConcRefinementThreads                  = 8                                         {product} {ergonomic}
   size_t G1HeapRegionSize                         = 1048576                                   {product} {ergonomic}
    uintx GCDrainStackTargetSize                   = 64                                        {product} {ergonomic}
   size_t InitialHeapSize                          = 132120576                                 {product} {ergonomic}
     bool ManagementServer                         = true                                      {product} {command line}
   size_t MarkStackSize                            = 4194304                                   {product} {ergonomic}
   size_t MaxHeapSize                              = 2092957696                                {product} {ergonomic}
   size_t MaxNewSize                               = 1255145472                                {product} {ergonomic}
   size_t MinHeapDeltaBytes                        = 1048576                                   {product} {ergonomic}
   size_t MinHeapSize                              = 8388608                                   {product} {ergonomic}
    uintx NonProfiledCodeHeapSize                  = 0                                      {pd product} {ergonomic}
     bool ProfileInterpreter                       = false                                  {pd product} {command line}
    uintx ProfiledCodeHeapSize                     = 0                                      {pd product} {ergonomic}
   size_t SoftMaxHeapSize                          = 2092957696                             {manageable} {ergonomic}
     intx TieredStopAtLevel                        = 1                                         {product} {command line}
     bool UseCompressedClassPointers               = true                           {product lp64_product} {ergonomic}
     bool UseCompressedOops                        = true                           {product lp64_product} {ergonomic}
     bool UseG1GC                                  = true                                      {product} {ergonomic}
     bool UseLargePagesIndividualAllocation        = false                                  {pd product} {ergonomic}

Logging:
Log output configuration:
 #0: stdout all=warning uptime,level,tags
 #1: stderr all=off uptime,level,tags

Environment Variables:
JAVA_HOME=C:\Program Files\java\jdk17
CLASSPATH=.;C:\Program Files\java\jdk17\lib;C:\Program Files\java\jdk17\lib\tools.jar;C:\Program Files\java\jdk17\lib\dt.jar
PATH=C:\Program Files (x86)\VMware\VMware Workstation\bin\;C:\WINDOWS\system32;C:\WINDOWS;C:\WINDOWS\System32\Wbem;C:\WINDOWS\System32\WindowsPowerShell\v1.0\;C:\WINDOWS\System32\OpenSSH\;C:\Program Files\Microsoft VS Code\bin;C:\python38\;C:\python38\Scripts\;C:\Users\littl\AppData\Roaming\Python\Python38\Scripts;C:\Users\littl\Documents\Web\node-14.17;C:\Users\littl\Documents\Web\node-14.17\node_global;C:\Users\littl\Documents\Web\node-14.17\node_global\bin;C:\Users\littl\Documents\Web\pgsql\bin;C:\Program Files\Git\bin;C:\Program Files (x86)\Microsoft\Edge\Application;C:\TDM-GCC-64\bin;C:\Program Files (x86)\Common Files\Oracle\Java\javapath;C:\Program Files\java\jdk17\bin;C:\Program Files\java\jdk1.8\bin;C:\Program Files\java\jdk1.8\jre\bin;C:\Users\littl\Documents\Web\tomcat9\bin;C:\Users\littl\Documents\Web\tomcat9\lib;D:\Web\go\bin;C:\Users\littl\Documents\Web\curl-7.72.0;C:\Program Files (x86)\NVIDIA Corporation\PhysX\Common;C:\WINDOWS\system32;C:\WINDOWS;C:\WINDOWS\System32\Wbem;C:\WINDOWS\System32\WindowsPowerShell\v1.0\;C:\WINDOWS\System32\OpenSSH\;C:\Users\littl\Documents\Web\httpd-2.4.48\php-8.0.10;C:\Program Files\OpenSSL-Win64\bin;D:\Web\GitHub\protoc-3.19.0-win64\bin;C:\Users\littl\Documents\Web\DB Browser for SQLite;C:\Users\littl\Documents\Web\nginx-1.21.1;C:\Users\littl\Documents\Web\deno-1.15.3;C:\Users\littl\Documents\Web\mongodb-5.0.3\bin;C:\Users\littl\Documents\Web\mongosh-1.0.6\bin;C:\Users\littl\Documents\Web\mysql\mysql-8.0.18\bin;C:\Users\littl\Documents\Web\pgsql-13.4\bin;C:\Go\bin;C:\Users\littl\Documents\Web\spring-2.5.6\bin;C:\Users\littl\Documents\Web\emqx-4.3.8\bin;C:\Users\littl\Documents\Web\Redis-3.2;C:\Users\littl\AppData\Local\Microsoft\WindowsApps;C:\Users\littl\go\bin;C:\Program Files\JetBrains\IntelliJ IDEA 2021.2.2\bin;
USERNAME=littl
OS=Windows_NT
PROCESSOR_IDENTIFIER=Intel64 Family 6 Model 142 Stepping 12, GenuineIntel



---------------  S Y S T E M  ---------------

OS:
 Windows 10 , 64 bit Build 22000 (10.0.22000.318)
OS uptime: 0 days 22:09 hours

CPU: total 8 (initial active 8) (4 cores per cpu, 2 threads per core) family 6 model 142 stepping 12 microcode 0xde, cx8, cmov, fxsr, ht, mmx, 3dnowpref, sse, sse2, sse3, ssse3, sse4.1, sse4.2, popcnt, lzcnt, tsc, tscinvbit, avx, avx2, aes, erms, clmul, bmi1, bmi2, adx, fma, vzeroupper, clflush, clflushopt

Memory: 4k page, system-wide physical 7976M (1042M free)
TotalPageFile size 20776M (AvailPageFile size 9267M)
current process WorkingSet (physical memory assigned to process): 488M, peak: 690M
current process commit charge ("private bytes"): 540M, peak: 773M

vm_info: Java HotSpot(TM) 64-Bit Server VM (17+35-LTS-2724) for windows-amd64 JRE (17+35-LTS-2724), built on Aug  5 2021 23:28:28 by "mach5one" with MS VC++ 16.8 (VS2019)

END.
