#
# A fatal error has been detected by the Java Runtime Environment:
#
#  EXCEPTION_ACCESS_VIOLATION (0xc0000005) at pc=0x0000000180015eb3, pid=1108, tid=9828
#
# JRE version: Java(TM) SE Runtime Environment (17.0+35) (build 17+35-LTS-2724)
# Java VM: Java HotSpot(TM) 64-Bit Server VM (17+35-LTS-2724, mixed mode, emulated-client, sharing, tiered, compressed oops, compressed class ptrs, g1 gc, windows-amd64)
# Problematic frame:
# C  [tcnative-1.dll+0x15eb3]
#
# No core dump will be written. Minidumps are not enabled by default on client versions of Windows
#
# If you would like to submit a bug report, please visit:
#   https://bugreport.java.com/bugreport/crash.jsp
# The crash happened outside the Java Virtual Machine in native code.
# See problematic frame for where to report the bug.
#

---------------  S U M M A R Y ------------

Command Line: -XX:TieredStopAtLevel=1 -Xverify:none -Dspring.output.ansi.enabled=always -javaagent:C:\Program Files\JetBrains\IntelliJ IDEA 2021.2.2\lib\idea_rt.jar=63049:C:\Program Files\JetBrains\IntelliJ IDEA 2021.2.2\bin -Dcom.sun.management.jmxremote -Dspring.jmx.enabled=true -Dspring.liveBeansView.mbeanDomain -Dspring.application.admin.enabled=true -Dfile.encoding=UTF-8 com.hg.hyy.Application

Host: Intel(R) Core(TM) i5-10210U CPU @ 1.60GHz, 8 cores, 7G,  Windows 10 , 64 bit Build 22000 (10.0.22000.318)
Time: Wed Nov 24 11:20:06 2021  Windows 10 , 64 bit Build 22000 (10.0.22000.318) elapsed time: 955.894539 seconds (0d 0h 15m 55s)

---------------  T H R E A D  ---------------

Current thread (0x00000205d5f20d40):  JavaThread "restartedMain" [_thread_in_native, id=9828, stack(0x0000003f53600000,0x0000003f53700000)]

Stack: [0x0000003f53600000,0x0000003f53700000],  sp=0x0000003f536fd930,  free space=1014k
Native frames: (J=compiled Java code, j=interpreted, Vv=VM code, C=native code)
C  [tcnative-1.dll+0x15eb3]

Java frames: (J=compiled Java code, j=interpreted, Vv=VM code)
j  org.apache.tomcat.jni.Pool.create(J)J+0
j  org.apache.tomcat.util.net.openssl.OpenSSLContext.<init>(Lorg/apache/tomcat/util/net/SSLHostConfigCertificate;Ljava/util/List;)V+36
j  org.apache.tomcat.util.net.openssl.OpenSSLUtil.createSSLContextInternal(Ljava/util/List;)Lorg/apache/tomcat/util/net/SSLContext;+9
j  org.apache.tomcat.util.net.SSLUtilBase.createSSLContext(Ljava/util/List;)Lorg/apache/tomcat/util/net/SSLContext;+2
j  org.apache.tomcat.util.net.AbstractJsseEndpoint.createSSLContext(Lorg/apache/tomcat/util/net/SSLHostConfig;)V+78
j  org.apache.tomcat.util.net.AbstractJsseEndpoint.initialiseSsl()V+54
j  org.apache.tomcat.util.net.NioEndpoint.bind()V+17
j  org.apache.tomcat.util.net.AbstractEndpoint.bindWithCleanup()V+1
j  org.apache.tomcat.util.net.AbstractEndpoint.start()V+11
j  org.apache.coyote.AbstractProtocol.start()V+48
j  org.apache.catalina.connector.Connector.startInternal()V+73
J 13393 c1 org.apache.catalina.util.LifecycleBase.start()V (287 bytes) @ 0x00000205c8005f84 [0x00000205c8005900+0x0000000000000684]
j  org.apache.catalina.core.StandardService.addConnector(Lorg/apache/catalina/connector/Connector;)V+74
j  org.springframework.boot.web.embedded.tomcat.TomcatWebServer.addPreviouslyRemovedConnectors()V+84
j  org.springframework.boot.web.embedded.tomcat.TomcatWebServer.start()V+18
j  org.springframework.boot.web.servlet.context.WebServerStartStopLifecycle.start()V+4
J 12873 c1 org.springframework.context.support.DefaultLifecycleProcessor.doStart(Ljava/util/Map;Ljava/lang/String;Z)V (263 bytes) @ 0x00000205c820e394 [0x00000205c820de20+0x0000000000000574]
j  org.springframework.context.support.DefaultLifecycleProcessor.access$200(Lorg/springframework/context/support/DefaultLifecycleProcessor;Ljava/util/Map;Ljava/lang/String;Z)V+4
j  org.springframework.context.support.DefaultLifecycleProcessor$LifecycleGroup.start()V+114
j  org.springframework.context.support.DefaultLifecycleProcessor$$Lambda$1875+0x00000008016f54a0.accept(Ljava/lang/Object;)V+4
J 6884 c1 java.lang.Iterable.forEach(Ljava/util/function/Consumer;)V java.base@17 (39 bytes) @ 0x00000205c7929c64 [0x00000205c7929be0+0x0000000000000084]
j  org.springframework.context.support.DefaultLifecycleProcessor.startBeans(Z)V+48
j  org.springframework.context.support.DefaultLifecycleProcessor.onRefresh()V+2
j  org.springframework.context.support.AbstractApplicationContext.finishRefresh()V+12
j  org.springframework.context.support.AbstractApplicationContext.refresh()V+90
j  org.springframework.boot.web.servlet.context.ServletWebServerApplicationContext.refresh()V+1
j  org.springframework.boot.SpringApplication.refresh(Lorg/springframework/context/ConfigurableApplicationContext;)V+1
j  org.springframework.boot.SpringApplication.refreshContext(Lorg/springframework/context/ConfigurableApplicationContext;)V+16
j  org.springframework.boot.SpringApplication.run([Ljava/lang/String;)Lorg/springframework/context/ConfigurableApplicationContext;+111
j  org.springframework.boot.builder.SpringApplicationBuilder.run([Ljava/lang/String;)Lorg/springframework/context/ConfigurableApplicationContext;+45
j  com.hg.hyy.Application.main([Ljava/lang/String;)V+42
v  ~StubRoutines::call_stub
J 2989  jdk.internal.reflect.NativeMethodAccessorImpl.invoke0(Ljava/lang/reflect/Method;Ljava/lang/Object;[Ljava/lang/Object;)Ljava/lang/Object; java.base@17 (0 bytes) @ 0x00000205c7276f27 [0x00000205c7276ea0+0x0000000000000087]
J 2988 c1 jdk.internal.reflect.NativeMethodAccessorImpl.invoke(Ljava/lang/Object;[Ljava/lang/Object;)Ljava/lang/Object; java.base@17 (137 bytes) @ 0x00000205c7277a14 [0x00000205c7277700+0x0000000000000314]
J 2524 c1 jdk.internal.reflect.DelegatingMethodAccessorImpl.invoke(Ljava/lang/Object;[Ljava/lang/Object;)Ljava/lang/Object; java.base@17 (10 bytes) @ 0x00000205c71b8564 [0x00000205c71b8520+0x0000000000000044]
J 2546 c1 java.lang.reflect.Method.invoke(Ljava/lang/Object;[Ljava/lang/Object;)Ljava/lang/Object; java.base@17 (65 bytes) @ 0x00000205c71c11e4 [0x00000205c71c10e0+0x0000000000000104]
j  org.springframework.boot.devtools.restart.RestartLauncher.run()V+42
v  ~StubRoutines::call_stub

siginfo: EXCEPTION_ACCESS_VIOLATION (0xc0000005), reading address 0x0000000000000030


Register to memory mapping:

RIP=0x0000000180015eb3 tcnative-1.dll
RAX=0x0000000180008680 tcnative-1.dll
RBX=0x00000205d5f20fe8 points into unknown readable memory: 0x00007ff8243e3630 | 30 36 3e 24 f8 7f 00 00
RCX=0x0000003f536fd9a8 is pointing into the stack for thread: 0x00000205d5f20d40
RDX=0x0 is NULL
RSP=0x0000003f536fd930 is pointing into the stack for thread: 0x00000205d5f20d40
RBP=0x0 is NULL
RSI=0x0 is NULL
RDI=0x0 is NULL
R8 =0x0 is NULL
R9 =0x0 is NULL
R10=0x00000205c6b3d079 is at code_begin+889 in an Interpreter codelet
method entry point (kind = native)  [0x00000205c6b3cd00, 0x00000205c6b3d660]  2400 bytes
R11=0x000000008549acb0 is an oop: java.lang.Class 
{0x000000008549acb0} - klass: 'java/lang/Class'
 - ---- fields (total size 14 words):
 - private volatile transient 'classRedefinedCount' 'I' @12  0
 - private volatile transient 'cachedConstructor' 'Ljava/lang/reflect/Constructor;' @40  NULL (0)
 - private transient 'name' 'Ljava/lang/String;' @44  "org.apache.tomcat.jni.Pool"{0x000000008549d7c0} (8549d7c0)
 - private transient 'module' 'Ljava/lang/Module;' @48  a 'java/lang/Module'{0x0000000083c2c0b8} (83c2c0b8)
 - private final 'classLoader' 'Ljava/lang/ClassLoader;' @52  a 'jdk/internal/loader/ClassLoaders$AppClassLoader'{0x0000000083be2f68} (83be2f68)
 - private transient 'classData' 'Ljava/lang/Object;' @56  NULL (0)
 - private transient 'packageName' 'Ljava/lang/String;' @60  "org.apache.tomcat.jni"{0x00000000846c40b0} (846c40b0)
 - private final 'componentType' 'Ljava/lang/Class;' @64  NULL (0)
 - private volatile transient 'reflectionData' 'Ljava/lang/ref/SoftReference;' @68  NULL (0)
 - private volatile transient 'genericInfo' 'Lsun/reflect/generics/repository/ClassRepository;' @72  NULL (0)
 - private volatile transient 'enumConstants' '[Ljava/lang/Object;' @76  NULL (0)
 - private volatile transient 'enumConstantDirectory' 'Ljava/util/Map;' @80  NULL (0)
 - private volatile transient 'annotationData' 'Ljava/lang/Class$AnnotationData;' @84  NULL (0)
 - private volatile transient 'annotationType' 'Lsun/reflect/annotation/AnnotationType;' @88  NULL (0)
 - transient 'classValueMap' 'Ljava/lang/ClassValue$ClassValueMap;' @92  NULL (0)
 - signature: Lorg/apache/tomcat/jni/Pool;
 - fake entry for mirror: 'org/apache/tomcat/jni/Pool'
 - fake entry for array: NULL
 - fake entry for oop_size: 14
 - fake entry for static_oop_field_count: 0
R12=0x0000003f536fd9a8 is pointing into the stack for thread: 0x00000205d5f20d40
R13=0x0 is NULL
R14=0x0000003f536fda48 is pointing into the stack for thread: 0x00000205d5f20d40
R15=0x00000205d5f20d40 is a thread


Registers:
RAX=0x0000000180008680, RBX=0x00000205d5f20fe8, RCX=0x0000003f536fd9a8, RDX=0x0000000000000000
RSP=0x0000003f536fd930, RBP=0x0000000000000000, RSI=0x0000000000000000, RDI=0x0000000000000000
R8 =0x0000000000000000, R9 =0x0000000000000000, R10=0x00000205c6b3d079, R11=0x000000008549acb0
R12=0x0000003f536fd9a8, R13=0x0000000000000000, R14=0x0000003f536fda48, R15=0x00000205d5f20d40
RIP=0x0000000180015eb3, EFLAGS=0x0000000000010246

Top of Stack: (sp=0x0000003f536fd930)
0x0000003f536fd930:   0000020100000000 0000000000000000
0x0000003f536fd940:   0000000000000000 00007ff823cc7a33
0x0000003f536fd950:   00000205dddadfe0 0000000000000000
0x0000003f536fd960:   0000000000000000 00000001800086ab
0x0000003f536fd970:   00000205c73b1fc0 0000003f536fda20
0x0000003f536fd980:   0000000000000000 00000205ca0502be
0x0000003f536fd990:   00000205dddadfe0 00000205c6b3d0a8
0x0000003f536fd9a0:   0000003f536fd9d0 0000000000000000
0x0000003f536fd9b0:   000000080042bca0 000000008e0d2380
0x0000003f536fd9c0:   000000008e0d2380 000000008e0d2380
0x0000003f536fd9d0:   0000003f536fdaa0 0000003f536fd9d8
0x0000003f536fd9e0:   0000000000000000 0000003f536fda48
0x0000003f536fd9f0:   00000205dddae768 0000000000000000
0x0000003f536fda00:   000000008549acb0 00000205dddadfe0
0x0000003f536fda10:   0000000000000000 0000003f536fda40
0x0000003f536fda20:   0000003f536fdaa0 00000205c6b394a5 

Instructions: (pc=0x0000000180015eb3)
0x0000000180015db3:   89 1a 48 89 53 08 48 89 56 58 48 8b 13 48 8b 4b
0x0000000180015dc3:   20 4c 8b c2 48 2b 4b 18 48 81 c1 00 10 00 00 48
0x0000000180015dd3:   81 e1 00 f0 ff ff 48 ff c9 48 c1 f9 0c 89 4b 14
0x0000000180015de3:   8b 42 14 48 3b c8 73 35 0f 1f 44 00 00 4d 8b 00
0x0000000180015df3:   41 8b 40 14 48 3b c8 72 f4 48 8b 4b 08 48 89 11
0x0000000180015e03:   48 8b 4b 08 48 8b 13 48 89 4a 08 49 8b 48 08 48
0x0000000180015e13:   89 4b 08 48 89 19 4c 89 03 49 89 58 08 49 8b c1
0x0000000180015e23:   48 8b 5c 24 30 48 8b 74 24 38 48 83 c4 20 5f c3
0x0000000180015e33:   48 8b 49 30 48 8b d7 e8 f1 fb ff ff 48 8b d0 48
0x0000000180015e43:   85 c0 0f 85 49 ff ff ff 48 8b 46 40 48 85 c0 74
0x0000000180015e53:   05 8d 4a 0c ff d0 48 8b 5c 24 30 48 8b 74 24 38
0x0000000180015e63:   33 c0 48 83 c4 20 5f c3 cc cc cc cc cc 48 89 6c
0x0000000180015e73:   24 10 48 89 74 24 18 57 41 54 41 55 48 83 ec 20
0x0000000180015e83:   45 33 ed 48 85 d2 48 8b fa 4c 89 29 48 0f 44 3d
0x0000000180015e93:   e9 b2 24 00 49 8b e9 49 8b f0 4c 8b e1 4d 85 c0
0x0000000180015ea3:   75 09 48 85 ff 74 04 48 8b 77 40 4d 85 c9 75 04
0x0000000180015eb3:   48 8b 6f 30 ba d8 1f 00 00 48 8b cd e8 6c fb ff
0x0000000180015ec3:   ff 4c 8b d8 48 85 c0 75 14 48 85 f6 74 05 8d 48
0x0000000180015ed3:   0c ff d6 b8 0c 00 00 00 e9 a6 00 00 00 48 89 00
0x0000000180015ee3:   48 89 40 08 48 89 5c 24 40 48 8b 58 18 48 8d 43
0x0000000180015ef3:   78 48 89 43 68 49 89 43 18 48 89 6b 30 4c 89 5b
0x0000000180015f03:   60 4c 89 5b 58 48 89 73 40 4c 89 6b 08 4c 89 6b
0x0000000180015f13:   20 4c 89 6b 28 4c 89 6b 70 4c 89 6b 38 4c 89 6b
0x0000000180015f23:   48 4c 89 6b 50 48 89 3b 48 85 ff 74 43 48 8b 47
0x0000000180015f33:   30 48 8b 70 18 48 85 f6 74 08 48 8b ce e8 8b e8
0x0000000180015f43:   00 00 48 8b 47 08 48 83 c7 08 48 8d 4b 10 48 89
0x0000000180015f53:   01 48 85 c0 74 04 48 89 48 18 48 89 1f 48 89 7b
0x0000000180015f63:   18 48 85 f6 74 12 48 8b ce e8 bf e8 00 00 eb 08
0x0000000180015f73:   4c 89 6b 10 4c 89 6b 18 49 89 1c 24 48 8b 5c 24
0x0000000180015f83:   40 33 c0 48 8b 6c 24 48 48 8b 74 24 50 48 83 c4
0x0000000180015f93:   20 41 5d 41 5c 5f c3 cc cc cc cc cc cc 48 89 5c
0x0000000180015fa3:   24 10 48 89 6c 24 18 48 89 74 24 20 41 54 48 83 


Stack slot to memory mapping:
stack at sp + 0 slots: 0x0000020100000000 is an unknown value
stack at sp + 1 slots: 0x0 is NULL
stack at sp + 2 slots: 0x0 is NULL
stack at sp + 3 slots: 0x00007ff823cc7a33 jvm.dll
stack at sp + 4 slots: {method} {0x00000205dddadfe8} 'create' '(J)J' in 'org/apache/tomcat/jni/Pool'
stack at sp + 5 slots: 0x0 is NULL
stack at sp + 6 slots: 0x0 is NULL
stack at sp + 7 slots: 0x00000001800086ab tcnative-1.dll


---------------  P R O C E S S  ---------------

Threads class SMR info:
_java_thread_list=0x00000205d812ed00, length=41, elements={
0x00000205d106b7f0, 0x00000205d106c370, 0x00000205d10898f0, 0x00000205d108a470,
0x00000205d108cd50, 0x00000205d108d610, 0x00000205d108ded0, 0x00000205d1099ce0,
0x00000205d1d33570, 0x00000205d24f2150, 0x00000205d24f2620, 0x00000205d25cce80,
0x00000205d3229b60, 0x00000205d5bb7e70, 0x00000205d5f22080, 0x00000205d5f22550,
0x00000205d5f24230, 0x00000205d5f22a20, 0x00000205d815e7f0, 0x00000205d5f20870,
0x00000205e7781560, 0x00000205d5f233c0, 0x00000205d5f22ef0, 0x00000205d5f20d40,
0x00000205e790eb60, 0x00000205d5f27250, 0x00000205d5f24700, 0x00000205d5f21210,
0x00000205d5f216e0, 0x00000205d5f21bb0, 0x00000205d5f24bd0, 0x00000205d5f250a0,
0x00000205d81604d0, 0x00000205d815cfe0, 0x00000205d815c170, 0x00000205d8160e70,
0x00000205d815ecc0, 0x00000205d815ae30, 0x00000205d8161810, 0x00000205d81609a0,
0x00000205d815a490
}

Java Threads: ( => current thread )
  0x00000205d106b7f0 JavaThread "Reference Handler" daemon [_thread_blocked, id=5004, stack(0x0000003f52c00000,0x0000003f52d00000)]
  0x00000205d106c370 JavaThread "Finalizer" daemon [_thread_blocked, id=704, stack(0x0000003f52d00000,0x0000003f52e00000)]
  0x00000205d10898f0 JavaThread "Signal Dispatcher" daemon [_thread_blocked, id=2384, stack(0x0000003f52e00000,0x0000003f52f00000)]
  0x00000205d108a470 JavaThread "Attach Listener" daemon [_thread_blocked, id=1260, stack(0x0000003f52f00000,0x0000003f53000000)]
  0x00000205d108cd50 JavaThread "Service Thread" daemon [_thread_blocked, id=10800, stack(0x0000003f53000000,0x0000003f53100000)]
  0x00000205d108d610 JavaThread "Monitor Deflation Thread" daemon [_thread_blocked, id=7492, stack(0x0000003f53100000,0x0000003f53200000)]
  0x00000205d108ded0 JavaThread "C1 CompilerThread0" daemon [_thread_blocked, id=6816, stack(0x0000003f53200000,0x0000003f53300000)]
  0x00000205d1099ce0 JavaThread "Sweeper thread" daemon [_thread_blocked, id=6872, stack(0x0000003f53300000,0x0000003f53400000)]
  0x00000205d1d33570 JavaThread "Common-Cleaner" daemon [_thread_blocked, id=13552, stack(0x0000003f53400000,0x0000003f53500000)]
  0x00000205d24f2150 JavaThread "Monitor Ctrl-Break" daemon [_thread_in_native, id=13768, stack(0x0000003f53700000,0x0000003f53800000)]
  0x00000205d24f2620 JavaThread "Notification Thread" daemon [_thread_blocked, id=9880, stack(0x0000003f53800000,0x0000003f53900000)]
  0x00000205d25cce80 JavaThread "RMI TCP Accept-0" daemon [_thread_in_native, id=11876, stack(0x0000003f53900000,0x0000003f53a00000)]
  0x00000205d3229b60 JavaThread "RMI Scheduler(0)" daemon [_thread_blocked, id=5228, stack(0x0000003f54800000,0x0000003f54900000)]
  0x00000205d5bb7e70 JavaThread "mysql-cj-abandoned-connection-cleanup" daemon [_thread_blocked, id=4684, stack(0x0000003f54c00000,0x0000003f54d00000)]
  0x00000205d5f22080 JavaThread "Live Reload Server" daemon [_thread_in_native, id=8612, stack(0x0000003f55400000,0x0000003f55500000)]
  0x00000205d5f22550 JavaThread "DestroyJavaVM" [_thread_blocked, id=7060, stack(0x0000003f52500000,0x0000003f52600000)]
  0x00000205d5f24230 JavaThread "boundedElastic-evictor-1" daemon [_thread_blocked, id=3856, stack(0x0000003f56400000,0x0000003f56500000)]
  0x00000205d5f22a20 JavaThread "Thread-33" [_thread_blocked, id=4960, stack(0x0000003f53500000,0x0000003f53600000)]
  0x00000205d815e7f0 JavaThread "File Watcher" daemon [_thread_blocked, id=5972, stack(0x0000003f52200000,0x0000003f52300000)]
  0x00000205d5f20870 JavaThread "Thread-53" [_thread_blocked, id=14604, stack(0x0000003f54b00000,0x0000003f54c00000)]
  0x00000205e7781560 JavaThread "C1 CompilerThread1" daemon [_thread_blocked, id=15380, stack(0x0000003f53b00000,0x0000003f53c00000)]
  0x00000205d5f233c0 JavaThread "File Watcher" daemon [_thread_blocked, id=15980, stack(0x0000003f52400000,0x0000003f52500000)]
  0x00000205d5f22ef0 JavaThread "File Watcher" daemon [_thread_blocked, id=16380, stack(0x0000003f52300000,0x0000003f52400000)]
=>0x00000205d5f20d40 JavaThread "restartedMain" [_thread_in_native, id=9828, stack(0x0000003f53600000,0x0000003f53700000)]
  0x00000205e790eb60 JavaThread "C1 CompilerThread2" daemon [_thread_blocked, id=10964, stack(0x0000003f54500000,0x0000003f54600000)]
  0x00000205d5f27250 JavaThread "lettuce-eventExecutorLoop-24-1" daemon [_thread_blocked, id=10844, stack(0x0000003f54700000,0x0000003f54800000)]
  0x00000205d5f24700 JavaThread "lettuce-timer-25-1" daemon [_thread_blocked, id=16348, stack(0x0000003f54a00000,0x0000003f54b00000)]
  0x00000205d5f21210 JavaThread "Druid-ConnectionPool-Create-2137732893" daemon [_thread_blocked, id=14404, stack(0x0000003f54f00000,0x0000003f55000000)]
  0x00000205d5f216e0 JavaThread "Druid-ConnectionPool-Destroy-2137732893" daemon [_thread_blocked, id=6960, stack(0x0000003f55000000,0x0000003f55100000)]
  0x00000205d5f21bb0 JavaThread "Catalina-utility-1" [_thread_blocked, id=12972, stack(0x0000003f55300000,0x0000003f55400000)]
  0x00000205d5f24bd0 JavaThread "Catalina-utility-2" [_thread_blocked, id=3824, stack(0x0000003f55500000,0x0000003f55600000)]
  0x00000205d5f250a0 JavaThread "container-3" [_thread_blocked, id=14612, stack(0x0000003f55700000,0x0000003f55800000)]
  0x00000205d81604d0 JavaThread "globalEventExecutor-2-14" [_thread_blocked, id=3516, stack(0x0000003f54e00000,0x0000003f54f00000)]
  0x00000205d815cfe0 JavaThread "File Watcher" daemon [_thread_blocked, id=14988, stack(0x0000003f54600000,0x0000003f54700000)]
  0x00000205d815c170 JavaThread "lettuce-nioEventLoop-28-1" daemon [_thread_in_native, id=4100, stack(0x0000003f54d00000,0x0000003f54e00000)]
  0x00000205d8160e70 JavaThread "Thread-80" daemon [_thread_blocked, id=14004, stack(0x0000003f55100000,0x0000003f55200000)]
  0x00000205d815ecc0 JavaThread "SimplePauseDetectorThread_0" daemon [_thread_blocked, id=14312, stack(0x0000003f55200000,0x0000003f55300000)]
  0x00000205d815ae30 JavaThread "SimplePauseDetectorThread_1" daemon [_thread_blocked, id=15628, stack(0x0000003f55800000,0x0000003f55900000)]
  0x00000205d8161810 JavaThread "SimplePauseDetectorThread_2" daemon [_thread_blocked, id=14488, stack(0x0000003f55900000,0x0000003f55a00000)]
  0x00000205d81609a0 JavaThread "lettuce-eventExecutorLoop-24-2" daemon [_thread_blocked, id=5556, stack(0x0000003f55a00000,0x0000003f55b00000)]
  0x00000205d815a490 JavaThread "File Watcher" daemon [_thread_blocked, id=10060, stack(0x0000003f55b00000,0x0000003f55c00000)]

Other Threads:
  0x00000205d1067df0 VMThread "VM Thread" [stack: 0x0000003f52b00000,0x0000003f52c00000] [id=6452]
  0x00000205bf347360 WatcherThread [stack: 0x0000003f53a00000,0x0000003f53b00000] [id=2836]
  0x00000205bf3825d0 GCTaskThread "GC Thread#0" [stack: 0x0000003f52600000,0x0000003f52700000] [id=14712]
  0x00000205d2bd3990 GCTaskThread "GC Thread#1" [stack: 0x0000003f53c00000,0x0000003f53d00000] [id=7996]
  0x00000205d2c36a10 GCTaskThread "GC Thread#2" [stack: 0x0000003f53d00000,0x0000003f53e00000] [id=14280]
  0x00000205d2c2bef0 GCTaskThread "GC Thread#3" [stack: 0x0000003f53e00000,0x0000003f53f00000] [id=14804]
  0x00000205d2c2c1a0 GCTaskThread "GC Thread#4" [stack: 0x0000003f53f00000,0x0000003f54000000] [id=2592]
  0x00000205d2c541a0 GCTaskThread "GC Thread#5" [stack: 0x0000003f54000000,0x0000003f54100000] [id=9616]
  0x00000205d2c54450 GCTaskThread "GC Thread#6" [stack: 0x0000003f54100000,0x0000003f54200000] [id=14056]
  0x00000205d2c58710 GCTaskThread "GC Thread#7" [stack: 0x0000003f54200000,0x0000003f54300000] [id=2216]
  0x00000205bf392ca0 ConcurrentGCThread "G1 Main Marker" [stack: 0x0000003f52700000,0x0000003f52800000] [id=7652]
  0x00000205bf3934c0 ConcurrentGCThread "G1 Conc#0" [stack: 0x0000003f52800000,0x0000003f52900000] [id=10044]
  0x00000205d2d641c0 ConcurrentGCThread "G1 Conc#1" [stack: 0x0000003f54900000,0x0000003f54a00000] [id=8420]
  0x00000205bf3feb60 ConcurrentGCThread "G1 Refine#0" [stack: 0x0000003f52900000,0x0000003f52a00000] [id=13300]
  0x00000205d1e5eb80 ConcurrentGCThread "G1 Refine#1" [stack: 0x0000003f54300000,0x0000003f54400000] [id=7360]
  0x00000205d1e5f480 ConcurrentGCThread "G1 Refine#2" [stack: 0x0000003f54400000,0x0000003f54500000] [id=4088]
  0x00000205d0f224a0 ConcurrentGCThread "G1 Service" [stack: 0x0000003f52a00000,0x0000003f52b00000] [id=11804]

Threads with active compile tasks:

VM state: not at safepoint (normal execution)

VM Mutex/Monitor currently owned by a thread: None

Heap address: 0x0000000083400000, size: 1996 MB, Compressed Oops mode: 32-bit

CDS archive(s) mapped at: [0x0000000800000000-0x0000000800bc0000-0x0000000800bc0000), size 12320768, SharedBaseAddress: 0x0000000800000000, ArchiveRelocationMode: 0.
Compressed class space mapped at: 0x0000000800c00000-0x0000000840c00000, reserved size: 1073741824
Narrow klass base: 0x0000000800000000, Narrow klass shift: 0, Narrow klass range: 0x100000000

GC Precious Log:
 CPUs: 8 total, 8 available
 Memory: 7976M
 Large Page Support: Disabled
 NUMA Support: Disabled
 Compressed Oops: Enabled (32-bit)
 Heap Region Size: 1M
 Heap Min Capacity: 8M
 Heap Initial Capacity: 126M
 Heap Max Capacity: 1996M
 Pre-touch: Disabled
 Parallel Workers: 8
 Concurrent Workers: 2
 Concurrent Refinement Workers: 8
 Periodic GC: Disabled

Heap:
 garbage-first heap   total 220160K, used 149118K [0x0000000083400000, 0x0000000100000000)
  region size 1024K, 57 young (58368K), 13 survivors (13312K)
 Metaspace       used 92059K, committed 92928K, reserved 1130496K
  class space    used 12839K, committed 13248K, reserved 1048576K

Heap Regions: E=young(eden), S=young(survivor), O=old, HS=humongous(starts), HC=humongous(continues), CS=collection set, F=free, OA=open archive, CA=closed archive, TAMS=top-at-mark-start (previous, next)
|   0|0x0000000083400000, 0x0000000083500000, 0x0000000083500000|100%|HS|  |TAMS 0x0000000083500000, 0x0000000083400000| Untracked 
|   1|0x0000000083500000, 0x00000000835fffc8, 0x0000000083600000| 99%| O|  |TAMS 0x0000000083500000, 0x0000000083500000| Untracked 
|   2|0x0000000083600000, 0x0000000083700000, 0x0000000083700000|100%| O|  |TAMS 0x0000000083700000, 0x0000000083600000| Untracked 
|   3|0x0000000083700000, 0x0000000083800000, 0x0000000083800000|100%| O|  |TAMS 0x0000000083800000, 0x0000000083700000| Untracked 
|   4|0x0000000083800000, 0x0000000083900000, 0x0000000083900000|100%| O|  |TAMS 0x0000000083900000, 0x0000000083800000| Untracked 
|   5|0x0000000083900000, 0x0000000083a00000, 0x0000000083a00000|100%| O|  |TAMS 0x0000000083a00000, 0x0000000083900000| Untracked 
|   6|0x0000000083a00000, 0x0000000083affff0, 0x0000000083b00000| 99%| O|  |TAMS 0x0000000083affff0, 0x0000000083a00000| Untracked 
|   7|0x0000000083b00000, 0x0000000083bfffe0, 0x0000000083c00000| 99%| O|  |TAMS 0x0000000083bfffe0, 0x0000000083b00000| Untracked 
|   8|0x0000000083c00000, 0x0000000083d00000, 0x0000000083d00000|100%| O|  |TAMS 0x0000000083d00000, 0x0000000083c00000| Untracked 
|   9|0x0000000083d00000, 0x0000000083e00000, 0x0000000083e00000|100%| O|  |TAMS 0x0000000083e00000, 0x0000000083d00000| Untracked 
|  10|0x0000000083e00000, 0x0000000083effff0, 0x0000000083f00000| 99%| O|  |TAMS 0x0000000083e00000, 0x0000000083e00000| Untracked 
|  11|0x0000000083f00000, 0x0000000083ffed18, 0x0000000084000000| 99%| O|  |TAMS 0x0000000083f00000, 0x0000000083f00000| Untracked 
|  12|0x0000000084000000, 0x00000000840fffe8, 0x0000000084100000| 99%| O|  |TAMS 0x0000000084000000, 0x0000000084000000| Untracked 
|  13|0x0000000084100000, 0x00000000841fffe8, 0x0000000084200000| 99%| O|  |TAMS 0x0000000084100000, 0x0000000084100000| Untracked 
|  14|0x0000000084200000, 0x0000000084300000, 0x0000000084300000|100%| O|  |TAMS 0x0000000084200000, 0x0000000084200000| Untracked 
|  15|0x0000000084300000, 0x00000000843ffff8, 0x0000000084400000| 99%| O|  |TAMS 0x0000000084300000, 0x0000000084300000| Untracked 
|  16|0x0000000084400000, 0x00000000844ffff0, 0x0000000084500000| 99%| O|  |TAMS 0x0000000084400000, 0x0000000084400000| Untracked 
|  17|0x0000000084500000, 0x00000000845fffb8, 0x0000000084600000| 99%| O|  |TAMS 0x0000000084500000, 0x0000000084500000| Untracked 
|  18|0x0000000084600000, 0x00000000846ffff8, 0x0000000084700000| 99%| O|  |TAMS 0x0000000084600000, 0x0000000084600000| Untracked 
|  19|0x0000000084700000, 0x00000000847fffe8, 0x0000000084800000| 99%| O|  |TAMS 0x0000000084700000, 0x0000000084700000| Untracked 
|  20|0x0000000084800000, 0x00000000848ffff8, 0x0000000084900000| 99%| O|  |TAMS 0x0000000084800000, 0x0000000084800000| Untracked 
|  21|0x0000000084900000, 0x00000000849ffff0, 0x0000000084a00000| 99%| O|  |TAMS 0x0000000084900000, 0x0000000084900000| Untracked 
|  22|0x0000000084a00000, 0x0000000084affff8, 0x0000000084b00000| 99%| O|  |TAMS 0x0000000084a00000, 0x0000000084a00000| Untracked 
|  23|0x0000000084b00000, 0x0000000084bfff90, 0x0000000084c00000| 99%| O|  |TAMS 0x0000000084b00000, 0x0000000084b00000| Untracked 
|  24|0x0000000084c00000, 0x0000000084cffff0, 0x0000000084d00000| 99%| O|  |TAMS 0x0000000084c00000, 0x0000000084c00000| Untracked 
|  25|0x0000000084d00000, 0x0000000084e00000, 0x0000000084e00000|100%| O|  |TAMS 0x0000000084d00000, 0x0000000084d00000| Untracked 
|  26|0x0000000084e00000, 0x0000000084efffe0, 0x0000000084f00000| 99%| O|  |TAMS 0x0000000084e00000, 0x0000000084e00000| Untracked 
|  27|0x0000000084f00000, 0x0000000085000000, 0x0000000085000000|100%| O|  |TAMS 0x0000000084f00000, 0x0000000084f00000| Untracked 
|  28|0x0000000085000000, 0x00000000850fffc8, 0x0000000085100000| 99%| O|  |TAMS 0x0000000085000000, 0x0000000085000000| Untracked 
|  29|0x0000000085100000, 0x00000000851fffe0, 0x0000000085200000| 99%| O|  |TAMS 0x0000000085100000, 0x0000000085100000| Untracked 
|  30|0x0000000085200000, 0x00000000852ff3c8, 0x0000000085300000| 99%| O|  |TAMS 0x0000000085200000, 0x0000000085200000| Untracked 
|  31|0x0000000085300000, 0x00000000853ffff0, 0x0000000085400000| 99%| O|  |TAMS 0x0000000085300000, 0x0000000085300000| Untracked 
|  32|0x0000000085400000, 0x00000000854ffff0, 0x0000000085500000| 99%| O|  |TAMS 0x0000000085400000, 0x0000000085400000| Untracked 
|  33|0x0000000085500000, 0x00000000855ffff8, 0x0000000085600000| 99%| O|  |TAMS 0x0000000085500000, 0x0000000085500000| Untracked 
|  34|0x0000000085600000, 0x00000000856ffff0, 0x0000000085700000| 99%| O|  |TAMS 0x0000000085600000, 0x0000000085600000| Untracked 
|  35|0x0000000085700000, 0x00000000857a49d0, 0x0000000085800000| 64%| O|  |TAMS 0x0000000085700000, 0x0000000085700000| Untracked 
|  36|0x0000000085800000, 0x00000000858c2220, 0x0000000085900000| 75%| O|  |TAMS 0x0000000085800000, 0x0000000085800000| Untracked 
|  37|0x0000000085900000, 0x00000000859d84a8, 0x0000000085a00000| 84%| O|  |TAMS 0x0000000085900000, 0x0000000085900000| Untracked 
|  38|0x0000000085a00000, 0x0000000085afe3f0, 0x0000000085b00000| 99%| O|  |TAMS 0x0000000085a00000, 0x0000000085a00000| Untracked 
|  39|0x0000000085b00000, 0x0000000085c00000, 0x0000000085c00000|100%| O|  |TAMS 0x0000000085b00000, 0x0000000085b00000| Untracked 
|  40|0x0000000085c00000, 0x0000000085c74b90, 0x0000000085d00000| 45%| O|  |TAMS 0x0000000085c00000, 0x0000000085c00000| Untracked 
|  41|0x0000000085d00000, 0x0000000085d8a290, 0x0000000085e00000| 53%| O|  |TAMS 0x0000000085d00000, 0x0000000085d00000| Untracked 
|  42|0x0000000085e00000, 0x0000000085f00000, 0x0000000085f00000|100%| O|  |TAMS 0x0000000085e00000, 0x0000000085e00000| Untracked 
|  43|0x0000000085f00000, 0x0000000085ff6300, 0x0000000086000000| 96%| O|  |TAMS 0x0000000085f00000, 0x0000000085f00000| Untracked 
|  44|0x0000000086000000, 0x0000000086100000, 0x0000000086100000|100%| O|  |TAMS 0x0000000086000000, 0x0000000086000000| Untracked 
|  45|0x0000000086100000, 0x0000000086200000, 0x0000000086200000|100%| O|  |TAMS 0x0000000086100000, 0x0000000086100000| Untracked 
|  46|0x0000000086200000, 0x0000000086300000, 0x0000000086300000|100%| O|  |TAMS 0x0000000086200000, 0x0000000086200000| Untracked 
|  47|0x0000000086300000, 0x0000000086400000, 0x0000000086400000|100%| O|  |TAMS 0x0000000086300000, 0x0000000086300000| Untracked 
|  48|0x0000000086400000, 0x0000000086500000, 0x0000000086500000|100%| O|  |TAMS 0x0000000086400000, 0x0000000086400000| Untracked 
|  49|0x0000000086500000, 0x0000000086600000, 0x0000000086600000|100%| O|  |TAMS 0x0000000086500000, 0x0000000086500000| Untracked 
|  50|0x0000000086600000, 0x0000000086700000, 0x0000000086700000|100%| O|  |TAMS 0x0000000086600000, 0x0000000086600000| Untracked 
|  51|0x0000000086700000, 0x0000000086800000, 0x0000000086800000|100%| O|  |TAMS 0x0000000086700000, 0x0000000086700000| Untracked 
|  52|0x0000000086800000, 0x0000000086900000, 0x0000000086900000|100%| O|  |TAMS 0x0000000086800000, 0x0000000086800000| Untracked 
|  53|0x0000000086900000, 0x0000000086a00000, 0x0000000086a00000|100%| O|  |TAMS 0x0000000086900000, 0x0000000086900000| Untracked 
|  54|0x0000000086a00000, 0x0000000086b00000, 0x0000000086b00000|100%| O|  |TAMS 0x0000000086a00000, 0x0000000086a00000| Untracked 
|  55|0x0000000086b00000, 0x0000000086c00000, 0x0000000086c00000|100%| O|  |TAMS 0x0000000086b00000, 0x0000000086b00000| Untracked 
|  56|0x0000000086c00000, 0x0000000086d00000, 0x0000000086d00000|100%| O|  |TAMS 0x0000000086c00000, 0x0000000086c00000| Untracked 
|  57|0x0000000086d00000, 0x0000000086e00000, 0x0000000086e00000|100%| O|  |TAMS 0x0000000086d00000, 0x0000000086d00000| Untracked 
|  58|0x0000000086e00000, 0x0000000086f00000, 0x0000000086f00000|100%| O|  |TAMS 0x0000000086e00000, 0x0000000086e00000| Untracked 
|  59|0x0000000086f00000, 0x0000000087000000, 0x0000000087000000|100%| O|  |TAMS 0x0000000086f00000, 0x0000000086f00000| Untracked 
|  60|0x0000000087000000, 0x0000000087100000, 0x0000000087100000|100%| O|  |TAMS 0x0000000087000000, 0x0000000087000000| Untracked 
|  61|0x0000000087100000, 0x0000000087200000, 0x0000000087200000|100%| O|  |TAMS 0x0000000087100000, 0x0000000087100000| Untracked 
|  62|0x0000000087200000, 0x0000000087300000, 0x0000000087300000|100%| O|  |TAMS 0x0000000087200000, 0x0000000087200000| Untracked 
|  63|0x0000000087300000, 0x0000000087400000, 0x0000000087400000|100%| O|  |TAMS 0x0000000087300000, 0x0000000087300000| Untracked 
|  64|0x0000000087400000, 0x0000000087500000, 0x0000000087500000|100%| O|  |TAMS 0x0000000087400000, 0x0000000087400000| Untracked 
|  65|0x0000000087500000, 0x0000000087500000, 0x0000000087600000|  0%| F|  |TAMS 0x0000000087500000, 0x0000000087500000| Untracked 
|  66|0x0000000087600000, 0x0000000087700000, 0x0000000087700000|100%| O|  |TAMS 0x0000000087600000, 0x0000000087600000| Untracked 
|  67|0x0000000087700000, 0x0000000087800000, 0x0000000087800000|100%| O|  |TAMS 0x0000000087700000, 0x0000000087700000| Untracked 
|  68|0x0000000087800000, 0x0000000087900000, 0x0000000087900000|100%| O|  |TAMS 0x0000000087800000, 0x0000000087800000| Untracked 
|  69|0x0000000087900000, 0x0000000087a00000, 0x0000000087a00000|100%| O|  |TAMS 0x0000000087900000, 0x0000000087900000| Untracked 
|  70|0x0000000087a00000, 0x0000000087b00000, 0x0000000087b00000|100%| O|  |TAMS 0x0000000087a00000, 0x0000000087a00000| Untracked 
|  71|0x0000000087b00000, 0x0000000087c00000, 0x0000000087c00000|100%| O|  |TAMS 0x0000000087b00000, 0x0000000087b00000| Untracked 
|  72|0x0000000087c00000, 0x0000000087d00000, 0x0000000087d00000|100%| O|  |TAMS 0x0000000087c00000, 0x0000000087c00000| Untracked 
|  73|0x0000000087d00000, 0x0000000087e00000, 0x0000000087e00000|100%| O|  |TAMS 0x0000000087d00000, 0x0000000087d00000| Untracked 
|  74|0x0000000087e00000, 0x0000000087f00000, 0x0000000087f00000|100%| O|  |TAMS 0x0000000087e00000, 0x0000000087e00000| Untracked 
|  75|0x0000000087f00000, 0x0000000088000000, 0x0000000088000000|100%| O|  |TAMS 0x0000000087f00000, 0x0000000087f00000| Untracked 
|  76|0x0000000088000000, 0x0000000088100000, 0x0000000088100000|100%| O|  |TAMS 0x0000000088000000, 0x0000000088000000| Untracked 
|  77|0x0000000088100000, 0x0000000088200000, 0x0000000088200000|100%| O|  |TAMS 0x0000000088100000, 0x0000000088100000| Untracked 
|  78|0x0000000088200000, 0x0000000088300000, 0x0000000088300000|100%| O|  |TAMS 0x0000000088200000, 0x0000000088200000| Untracked 
|  79|0x0000000088300000, 0x0000000088400000, 0x0000000088400000|100%| O|  |TAMS 0x0000000088300000, 0x0000000088300000| Untracked 
|  80|0x0000000088400000, 0x0000000088500000, 0x0000000088500000|100%| O|  |TAMS 0x0000000088400000, 0x0000000088400000| Untracked 
|  81|0x0000000088500000, 0x0000000088600000, 0x0000000088600000|100%| O|  |TAMS 0x0000000088500000, 0x0000000088500000| Untracked 
|  82|0x0000000088600000, 0x0000000088700000, 0x0000000088700000|100%| O|  |TAMS 0x0000000088600000, 0x0000000088600000| Untracked 
|  83|0x0000000088700000, 0x0000000088800000, 0x0000000088800000|100%| O|  |TAMS 0x0000000088700000, 0x0000000088700000| Untracked 
|  84|0x0000000088800000, 0x0000000088900000, 0x0000000088900000|100%| O|  |TAMS 0x0000000088800000, 0x0000000088800000| Untracked 
|  85|0x0000000088900000, 0x0000000088a00000, 0x0000000088a00000|100%| O|  |TAMS 0x0000000088900000, 0x0000000088900000| Untracked 
|  86|0x0000000088a00000, 0x0000000088b00000, 0x0000000088b00000|100%| O|  |TAMS 0x0000000088a00000, 0x0000000088a00000| Untracked 
|  87|0x0000000088b00000, 0x0000000088c00000, 0x0000000088c00000|100%| O|  |TAMS 0x0000000088b00000, 0x0000000088b00000| Untracked 
|  88|0x0000000088c00000, 0x0000000088d00000, 0x0000000088d00000|100%| O|  |TAMS 0x0000000088c00000, 0x0000000088c00000| Untracked 
|  89|0x0000000088d00000, 0x0000000088e00000, 0x0000000088e00000|100%| O|  |TAMS 0x0000000088d00000, 0x0000000088d00000| Untracked 
|  90|0x0000000088e00000, 0x0000000088f00000, 0x0000000088f00000|100%| O|  |TAMS 0x0000000088e00000, 0x0000000088e00000| Untracked 
|  91|0x0000000088f00000, 0x0000000089000000, 0x0000000089000000|100%| O|  |TAMS 0x0000000088f00000, 0x0000000088f00000| Untracked 
|  92|0x0000000089000000, 0x0000000089100000, 0x0000000089100000|100%| O|  |TAMS 0x0000000089000000, 0x0000000089000000| Untracked 
|  93|0x0000000089100000, 0x000000008916f400, 0x0000000089200000| 43%| O|  |TAMS 0x0000000089100000, 0x0000000089100000| Untracked 
|  94|0x0000000089200000, 0x0000000089200000, 0x0000000089300000|  0%| F|  |TAMS 0x0000000089200000, 0x0000000089200000| Untracked 
|  95|0x0000000089300000, 0x0000000089300000, 0x0000000089400000|  0%| F|  |TAMS 0x0000000089300000, 0x0000000089300000| Untracked 
|  96|0x0000000089400000, 0x0000000089400000, 0x0000000089500000|  0%| F|  |TAMS 0x0000000089400000, 0x0000000089400000| Untracked 
|  97|0x0000000089500000, 0x0000000089500000, 0x0000000089600000|  0%| F|  |TAMS 0x0000000089500000, 0x0000000089500000| Untracked 
|  98|0x0000000089600000, 0x0000000089600000, 0x0000000089700000|  0%| F|  |TAMS 0x0000000089600000, 0x0000000089600000| Untracked 
|  99|0x0000000089700000, 0x0000000089700000, 0x0000000089800000|  0%| F|  |TAMS 0x0000000089700000, 0x0000000089700000| Untracked 
| 100|0x0000000089800000, 0x0000000089800000, 0x0000000089900000|  0%| F|  |TAMS 0x0000000089800000, 0x0000000089800000| Untracked 
| 101|0x0000000089900000, 0x0000000089900000, 0x0000000089a00000|  0%| F|  |TAMS 0x0000000089900000, 0x0000000089900000| Untracked 
| 102|0x0000000089a00000, 0x0000000089a00000, 0x0000000089b00000|  0%| F|  |TAMS 0x0000000089a00000, 0x0000000089a00000| Untracked 
| 103|0x0000000089b00000, 0x0000000089b00000, 0x0000000089c00000|  0%| F|  |TAMS 0x0000000089b00000, 0x0000000089b00000| Untracked 
| 104|0x0000000089c00000, 0x0000000089c00000, 0x0000000089d00000|  0%| F|  |TAMS 0x0000000089c00000, 0x0000000089c00000| Untracked 
| 105|0x0000000089d00000, 0x0000000089d00000, 0x0000000089e00000|  0%| F|  |TAMS 0x0000000089d00000, 0x0000000089d00000| Untracked 
| 106|0x0000000089e00000, 0x0000000089e00000, 0x0000000089f00000|  0%| F|  |TAMS 0x0000000089e00000, 0x0000000089e00000| Untracked 
| 107|0x0000000089f00000, 0x0000000089f00000, 0x000000008a000000|  0%| F|  |TAMS 0x0000000089f00000, 0x0000000089f00000| Untracked 
| 108|0x000000008a000000, 0x000000008a000000, 0x000000008a100000|  0%| F|  |TAMS 0x000000008a000000, 0x000000008a000000| Untracked 
| 109|0x000000008a100000, 0x000000008a100000, 0x000000008a200000|  0%| F|  |TAMS 0x000000008a100000, 0x000000008a100000| Untracked 
| 110|0x000000008a200000, 0x000000008a200000, 0x000000008a300000|  0%| F|  |TAMS 0x000000008a200000, 0x000000008a200000| Untracked 
| 111|0x000000008a300000, 0x000000008a300000, 0x000000008a400000|  0%| F|  |TAMS 0x000000008a300000, 0x000000008a300000| Untracked 
| 112|0x000000008a400000, 0x000000008a400000, 0x000000008a500000|  0%| F|  |TAMS 0x000000008a400000, 0x000000008a400000| Untracked 
| 113|0x000000008a500000, 0x000000008a500000, 0x000000008a600000|  0%| F|  |TAMS 0x000000008a500000, 0x000000008a500000| Untracked 
| 114|0x000000008a600000, 0x000000008a600000, 0x000000008a700000|  0%| F|  |TAMS 0x000000008a600000, 0x000000008a600000| Untracked 
| 115|0x000000008a700000, 0x000000008a700000, 0x000000008a800000|  0%| F|  |TAMS 0x000000008a700000, 0x000000008a700000| Untracked 
| 116|0x000000008a800000, 0x000000008a900000, 0x000000008a900000|100%| S|CS|TAMS 0x000000008a800000, 0x000000008a800000| Complete 
| 117|0x000000008a900000, 0x000000008aa00000, 0x000000008aa00000|100%| S|CS|TAMS 0x000000008a900000, 0x000000008a900000| Complete 
| 118|0x000000008aa00000, 0x000000008ab00000, 0x000000008ab00000|100%| S|CS|TAMS 0x000000008aa00000, 0x000000008aa00000| Complete 
| 119|0x000000008ab00000, 0x000000008ac00000, 0x000000008ac00000|100%| S|CS|TAMS 0x000000008ab00000, 0x000000008ab00000| Complete 
| 120|0x000000008ac00000, 0x000000008ad00000, 0x000000008ad00000|100%| S|CS|TAMS 0x000000008ac00000, 0x000000008ac00000| Complete 
| 121|0x000000008ad00000, 0x000000008ae00000, 0x000000008ae00000|100%| S|CS|TAMS 0x000000008ad00000, 0x000000008ad00000| Complete 
| 122|0x000000008ae00000, 0x000000008af00000, 0x000000008af00000|100%| S|CS|TAMS 0x000000008ae00000, 0x000000008ae00000| Complete 
| 123|0x000000008af00000, 0x000000008b000000, 0x000000008b000000|100%| S|CS|TAMS 0x000000008af00000, 0x000000008af00000| Complete 
| 124|0x000000008b000000, 0x000000008b100000, 0x000000008b100000|100%| S|CS|TAMS 0x000000008b000000, 0x000000008b000000| Complete 
| 125|0x000000008b100000, 0x000000008b200000, 0x000000008b200000|100%| S|CS|TAMS 0x000000008b100000, 0x000000008b100000| Complete 
| 126|0x000000008b200000, 0x000000008b300000, 0x000000008b300000|100%| S|CS|TAMS 0x000000008b200000, 0x000000008b200000| Complete 
| 127|0x000000008b300000, 0x000000008b400000, 0x000000008b400000|100%| S|CS|TAMS 0x000000008b300000, 0x000000008b300000| Complete 
| 128|0x000000008b400000, 0x000000008b500000, 0x000000008b500000|100%| S|CS|TAMS 0x000000008b400000, 0x000000008b400000| Complete 
| 129|0x000000008b500000, 0x000000008b500000, 0x000000008b600000|  0%| F|  |TAMS 0x000000008b500000, 0x000000008b500000| Untracked 
| 130|0x000000008b600000, 0x000000008b600000, 0x000000008b700000|  0%| F|  |TAMS 0x000000008b600000, 0x000000008b600000| Untracked 
| 131|0x000000008b700000, 0x000000008b700000, 0x000000008b800000|  0%| F|  |TAMS 0x000000008b700000, 0x000000008b700000| Untracked 
| 132|0x000000008b800000, 0x000000008b800000, 0x000000008b900000|  0%| F|  |TAMS 0x000000008b800000, 0x000000008b800000| Untracked 
| 133|0x000000008b900000, 0x000000008b900000, 0x000000008ba00000|  0%| F|  |TAMS 0x000000008b900000, 0x000000008b900000| Untracked 
| 134|0x000000008ba00000, 0x000000008ba00000, 0x000000008bb00000|  0%| F|  |TAMS 0x000000008ba00000, 0x000000008ba00000| Untracked 
| 135|0x000000008bb00000, 0x000000008bb00000, 0x000000008bc00000|  0%| F|  |TAMS 0x000000008bb00000, 0x000000008bb00000| Untracked 
| 136|0x000000008bc00000, 0x000000008bc00000, 0x000000008bd00000|  0%| F|  |TAMS 0x000000008bc00000, 0x000000008bc00000| Untracked 
| 137|0x000000008bd00000, 0x000000008bd00000, 0x000000008be00000|  0%| F|  |TAMS 0x000000008bd00000, 0x000000008bd00000| Untracked 
| 138|0x000000008be00000, 0x000000008be00000, 0x000000008bf00000|  0%| F|  |TAMS 0x000000008be00000, 0x000000008be00000| Untracked 
| 139|0x000000008bf00000, 0x000000008bf00000, 0x000000008c000000|  0%| F|  |TAMS 0x000000008bf00000, 0x000000008bf00000| Untracked 
| 140|0x000000008c000000, 0x000000008c000000, 0x000000008c100000|  0%| F|  |TAMS 0x000000008c000000, 0x000000008c000000| Untracked 
| 141|0x000000008c100000, 0x000000008c100000, 0x000000008c200000|  0%| F|  |TAMS 0x000000008c100000, 0x000000008c100000| Untracked 
| 142|0x000000008c200000, 0x000000008c200000, 0x000000008c300000|  0%| F|  |TAMS 0x000000008c200000, 0x000000008c200000| Untracked 
| 143|0x000000008c300000, 0x000000008c300000, 0x000000008c400000|  0%| F|  |TAMS 0x000000008c300000, 0x000000008c300000| Untracked 
| 144|0x000000008c400000, 0x000000008c400000, 0x000000008c500000|  0%| F|  |TAMS 0x000000008c400000, 0x000000008c400000| Untracked 
| 145|0x000000008c500000, 0x000000008c500000, 0x000000008c600000|  0%| F|  |TAMS 0x000000008c500000, 0x000000008c500000| Untracked 
| 146|0x000000008c600000, 0x000000008c600000, 0x000000008c700000|  0%| F|  |TAMS 0x000000008c600000, 0x000000008c600000| Untracked 
| 147|0x000000008c700000, 0x000000008c700000, 0x000000008c800000|  0%| F|  |TAMS 0x000000008c700000, 0x000000008c700000| Untracked 
| 148|0x000000008c800000, 0x000000008c800000, 0x000000008c900000|  0%| F|  |TAMS 0x000000008c800000, 0x000000008c800000| Untracked 
| 149|0x000000008c900000, 0x000000008c900000, 0x000000008ca00000|  0%| F|  |TAMS 0x000000008c900000, 0x000000008c900000| Untracked 
| 150|0x000000008ca00000, 0x000000008ca00000, 0x000000008cb00000|  0%| F|  |TAMS 0x000000008ca00000, 0x000000008ca00000| Untracked 
| 151|0x000000008cb00000, 0x000000008cb00000, 0x000000008cc00000|  0%| F|  |TAMS 0x000000008cb00000, 0x000000008cb00000| Untracked 
| 152|0x000000008cc00000, 0x000000008cc00000, 0x000000008cd00000|  0%| F|  |TAMS 0x000000008cc00000, 0x000000008cc00000| Untracked 
| 153|0x000000008cd00000, 0x000000008cd00000, 0x000000008ce00000|  0%| F|  |TAMS 0x000000008cd00000, 0x000000008cd00000| Untracked 
| 154|0x000000008ce00000, 0x000000008ce00000, 0x000000008cf00000|  0%| F|  |TAMS 0x000000008ce00000, 0x000000008ce00000| Untracked 
| 155|0x000000008cf00000, 0x000000008cf00000, 0x000000008d000000|  0%| F|  |TAMS 0x000000008cf00000, 0x000000008cf00000| Untracked 
| 156|0x000000008d000000, 0x000000008d000000, 0x000000008d100000|  0%| F|  |TAMS 0x000000008d000000, 0x000000008d000000| Untracked 
| 157|0x000000008d100000, 0x000000008d100000, 0x000000008d200000|  0%| F|  |TAMS 0x000000008d100000, 0x000000008d100000| Untracked 
| 158|0x000000008d200000, 0x000000008d200000, 0x000000008d300000|  0%| F|  |TAMS 0x000000008d200000, 0x000000008d200000| Untracked 
| 159|0x000000008d300000, 0x000000008d300000, 0x000000008d400000|  0%| F|  |TAMS 0x000000008d300000, 0x000000008d300000| Untracked 
| 160|0x000000008d400000, 0x000000008d400000, 0x000000008d500000|  0%| F|  |TAMS 0x000000008d400000, 0x000000008d400000| Untracked 
| 161|0x000000008d500000, 0x000000008d500000, 0x000000008d600000|  0%| F|  |TAMS 0x000000008d500000, 0x000000008d500000| Untracked 
| 162|0x000000008d600000, 0x000000008d600000, 0x000000008d700000|  0%| F|  |TAMS 0x000000008d600000, 0x000000008d600000| Untracked 
| 163|0x000000008d700000, 0x000000008d700000, 0x000000008d800000|  0%| F|  |TAMS 0x000000008d700000, 0x000000008d700000| Untracked 
| 164|0x000000008d800000, 0x000000008d800000, 0x000000008d900000|  0%| F|  |TAMS 0x000000008d800000, 0x000000008d800000| Untracked 
| 165|0x000000008d900000, 0x000000008d900000, 0x000000008da00000|  0%| F|  |TAMS 0x000000008d900000, 0x000000008d900000| Untracked 
| 166|0x000000008da00000, 0x000000008da00000, 0x000000008db00000|  0%| F|  |TAMS 0x000000008da00000, 0x000000008da00000| Untracked 
| 167|0x000000008db00000, 0x000000008db00000, 0x000000008dc00000|  0%| F|  |TAMS 0x000000008db00000, 0x000000008db00000| Untracked 
| 168|0x000000008dc00000, 0x000000008dc00000, 0x000000008dd00000|  0%| F|  |TAMS 0x000000008dc00000, 0x000000008dc00000| Untracked 
| 169|0x000000008dd00000, 0x000000008dd00000, 0x000000008de00000|  0%| F|  |TAMS 0x000000008dd00000, 0x000000008dd00000| Untracked 
| 170|0x000000008de00000, 0x000000008de00000, 0x000000008df00000|  0%| F|  |TAMS 0x000000008de00000, 0x000000008de00000| Untracked 
| 171|0x000000008df00000, 0x000000008df11b70, 0x000000008e000000|  6%| E|  |TAMS 0x000000008df00000, 0x000000008df00000| Complete 
| 172|0x000000008e000000, 0x000000008e100000, 0x000000008e100000|100%| E|CS|TAMS 0x000000008e000000, 0x000000008e000000| Complete 
| 173|0x000000008e100000, 0x000000008e200000, 0x000000008e200000|100%| E|CS|TAMS 0x000000008e100000, 0x000000008e100000| Complete 
| 174|0x000000008e200000, 0x000000008e300000, 0x000000008e300000|100%| E|CS|TAMS 0x000000008e200000, 0x000000008e200000| Complete 
| 175|0x000000008e300000, 0x000000008e400000, 0x000000008e400000|100%| E|CS|TAMS 0x000000008e300000, 0x000000008e300000| Complete 
| 176|0x000000008e400000, 0x000000008e500000, 0x000000008e500000|100%| E|CS|TAMS 0x000000008e400000, 0x000000008e400000| Complete 
| 177|0x000000008e500000, 0x000000008e600000, 0x000000008e600000|100%| E|CS|TAMS 0x000000008e500000, 0x000000008e500000| Complete 
| 178|0x000000008e600000, 0x000000008e700000, 0x000000008e700000|100%| E|CS|TAMS 0x000000008e600000, 0x000000008e600000| Complete 
| 179|0x000000008e700000, 0x000000008e800000, 0x000000008e800000|100%| E|CS|TAMS 0x000000008e700000, 0x000000008e700000| Complete 
| 180|0x000000008e800000, 0x000000008e900000, 0x000000008e900000|100%| E|CS|TAMS 0x000000008e800000, 0x000000008e800000| Complete 
| 181|0x000000008e900000, 0x000000008ea00000, 0x000000008ea00000|100%| E|CS|TAMS 0x000000008e900000, 0x000000008e900000| Complete 
| 182|0x000000008ea00000, 0x000000008eb00000, 0x000000008eb00000|100%| E|CS|TAMS 0x000000008ea00000, 0x000000008ea00000| Complete 
| 183|0x000000008eb00000, 0x000000008ec00000, 0x000000008ec00000|100%| E|CS|TAMS 0x000000008eb00000, 0x000000008eb00000| Complete 
| 184|0x000000008ec00000, 0x000000008ed00000, 0x000000008ed00000|100%| E|CS|TAMS 0x000000008ec00000, 0x000000008ec00000| Complete 
| 185|0x000000008ed00000, 0x000000008ee00000, 0x000000008ee00000|100%| E|CS|TAMS 0x000000008ed00000, 0x000000008ed00000| Complete 
| 186|0x000000008ee00000, 0x000000008ef00000, 0x000000008ef00000|100%| E|CS|TAMS 0x000000008ee00000, 0x000000008ee00000| Complete 
| 187|0x000000008ef00000, 0x000000008f000000, 0x000000008f000000|100%| E|CS|TAMS 0x000000008ef00000, 0x000000008ef00000| Complete 
| 188|0x000000008f000000, 0x000000008f100000, 0x000000008f100000|100%| E|CS|TAMS 0x000000008f000000, 0x000000008f000000| Complete 
| 189|0x000000008f100000, 0x000000008f200000, 0x000000008f200000|100%| E|  |TAMS 0x000000008f100000, 0x000000008f100000| Complete 
| 190|0x000000008f200000, 0x000000008f300000, 0x000000008f300000|100%| E|CS|TAMS 0x000000008f200000, 0x000000008f200000| Complete 
| 191|0x000000008f300000, 0x000000008f400000, 0x000000008f400000|100%| E|CS|TAMS 0x000000008f300000, 0x000000008f300000| Complete 
| 192|0x000000008f400000, 0x000000008f500000, 0x000000008f500000|100%| E|CS|TAMS 0x000000008f400000, 0x000000008f400000| Complete 
| 193|0x000000008f500000, 0x000000008f600000, 0x000000008f600000|100%| E|CS|TAMS 0x000000008f500000, 0x000000008f500000| Complete 
| 194|0x000000008f600000, 0x000000008f700000, 0x000000008f700000|100%| E|CS|TAMS 0x000000008f600000, 0x000000008f600000| Complete 
| 195|0x000000008f700000, 0x000000008f800000, 0x000000008f800000|100%| E|CS|TAMS 0x000000008f700000, 0x000000008f700000| Complete 
| 196|0x000000008f800000, 0x000000008f900000, 0x000000008f900000|100%| E|CS|TAMS 0x000000008f800000, 0x000000008f800000| Complete 
| 197|0x000000008f900000, 0x000000008fa00000, 0x000000008fa00000|100%| E|CS|TAMS 0x000000008f900000, 0x000000008f900000| Complete 
| 198|0x000000008fa00000, 0x000000008fb00000, 0x000000008fb00000|100%| E|CS|TAMS 0x000000008fa00000, 0x000000008fa00000| Complete 
| 199|0x000000008fb00000, 0x000000008fc00000, 0x000000008fc00000|100%| E|CS|TAMS 0x000000008fb00000, 0x000000008fb00000| Complete 
| 200|0x000000008fc00000, 0x000000008fd00000, 0x000000008fd00000|100%| E|CS|TAMS 0x000000008fc00000, 0x000000008fc00000| Complete 
| 201|0x000000008fd00000, 0x000000008fe00000, 0x000000008fe00000|100%| E|CS|TAMS 0x000000008fd00000, 0x000000008fd00000| Complete 
| 202|0x000000008fe00000, 0x000000008ff00000, 0x000000008ff00000|100%| E|CS|TAMS 0x000000008fe00000, 0x000000008fe00000| Complete 
| 203|0x000000008ff00000, 0x0000000090000000, 0x0000000090000000|100%| E|CS|TAMS 0x000000008ff00000, 0x000000008ff00000| Complete 
| 204|0x0000000090000000, 0x0000000090100000, 0x0000000090100000|100%| E|CS|TAMS 0x0000000090000000, 0x0000000090000000| Complete 
| 205|0x0000000090100000, 0x0000000090200000, 0x0000000090200000|100%| E|CS|TAMS 0x0000000090100000, 0x0000000090100000| Complete 
| 206|0x0000000090200000, 0x0000000090300000, 0x0000000090300000|100%| E|CS|TAMS 0x0000000090200000, 0x0000000090200000| Complete 
| 207|0x0000000090300000, 0x0000000090400000, 0x0000000090400000|100%| E|CS|TAMS 0x0000000090300000, 0x0000000090300000| Complete 
| 208|0x0000000090400000, 0x0000000090500000, 0x0000000090500000|100%| E|CS|TAMS 0x0000000090400000, 0x0000000090400000| Complete 
| 209|0x0000000090500000, 0x0000000090600000, 0x0000000090600000|100%| E|CS|TAMS 0x0000000090500000, 0x0000000090500000| Complete 
| 210|0x0000000090600000, 0x0000000090700000, 0x0000000090700000|100%| E|CS|TAMS 0x0000000090600000, 0x0000000090600000| Complete 
| 211|0x0000000090700000, 0x0000000090800000, 0x0000000090800000|100%| E|CS|TAMS 0x0000000090700000, 0x0000000090700000| Complete 
| 212|0x0000000090800000, 0x0000000090900000, 0x0000000090900000|100%| E|CS|TAMS 0x0000000090800000, 0x0000000090800000| Complete 
| 213|0x0000000090900000, 0x0000000090a00000, 0x0000000090a00000|100%| E|CS|TAMS 0x0000000090900000, 0x0000000090900000| Complete 
| 214|0x0000000090a00000, 0x0000000090b00000, 0x0000000090b00000|100%| E|CS|TAMS 0x0000000090a00000, 0x0000000090a00000| Complete 

Card table byte_map: [0x00000205ca030000,0x00000205ca420000] _byte_map_base: 0x00000205c9c16000

Marking Bits (Prev, Next): (CMBitMap*) 0x00000205bf3829f0, (CMBitMap*) 0x00000205bf382a30
 Prev Bits: [0x00000205ca810000, 0x00000205cc740000)
 Next Bits: [0x00000205cc740000, 0x00000205ce670000)

Polling page: 0x00000205bd2a0000

Metaspace:

Usage:
  Non-class:     77.36 MB used.
      Class:     12.54 MB used.
       Both:     89.90 MB used.

Virtual space:
  Non-class space:       80.00 MB reserved,      77.81 MB ( 97%) committed,  10 nodes.
      Class space:        1.00 GB reserved,      12.94 MB (  1%) committed,  1 nodes.
             Both:        1.08 GB reserved,      90.75 MB (  8%) committed. 

Chunk freelists:
   Non-Class:  2.20 MB
       Class:  3.06 MB
        Both:  5.27 MB

MaxMetaspaceSize: unlimited
CompressedClassSpaceSize: 1.00 GB
Initial GC threshold: 21.00 MB
Current GC threshold: 147.62 MB
CDS: on
MetaspaceReclaimPolicy: balanced
 - commit_granule_bytes: 65536.
 - commit_granule_words: 8192.
 - virtual_space_node_default_size: 1048576.
 - enlarge_chunks_in_place: 1.
 - new_chunks_are_fully_committed: 0.
 - uncommit_free_chunks: 1.
 - use_allocation_guard: 0.
 - handle_deallocations: 1.


Internal statistics:

num_allocs_failed_limit: 9.
num_arena_births: 1626.
num_arena_deaths: 360.
num_vsnodes_births: 11.
num_vsnodes_deaths: 0.
num_space_committed: 1452.
num_space_uncommitted: 0.
num_chunks_returned_to_freelist: 484.
num_chunks_taken_from_freelist: 5473.
num_chunk_merges: 144.
num_chunk_splits: 3366.
num_chunks_enlarged: 2205.
num_purges: 12.
num_inconsistent_stats: 0.

CodeCache: size=49152Kb used=25824Kb max_used=25824Kb free=23328Kb
 bounds [0x00000205c6b30000, 0x00000205c8470000, 0x00000205c9b30000]
 total_blobs=14898 nmethods=14128 adapters=694
 compilation: enabled
              stopped_count=0, restarted_count=0
 full_count=0

Compilation events (20 events):
Event: 955.753 Thread 0x00000205e790eb60 14252       1       java.util.Collections$EmptySet::toArray (5 bytes)
Event: 955.754 Thread 0x00000205e790eb60 nmethod 14252 0x00000205c8465110 code [0x00000205c84652a0, 0x00000205c84653f8]
Event: 955.787 Thread 0x00000205e7781560 14254       1       sun.nio.ch.SocketOptionRegistry$RegistryKey::hashCode (16 bytes)
Event: 955.787 Thread 0x00000205e790eb60 14253       1       sun.nio.ch.SocketOptionRegistry$RegistryKey::<init> (15 bytes)
Event: 955.787 Thread 0x00000205e790eb60 nmethod 14253 0x00000205c8465490 code [0x00000205c8465620, 0x00000205c8465778]
Event: 955.787 Thread 0x00000205e7781560 nmethod 14254 0x00000205c8465810 code [0x00000205c84659c0, 0x00000205c8465af8]
Event: 955.788 Thread 0x00000205e7781560 14255       1       io.lettuce.core.internal.LettuceAssert::assertState (14 bytes)
Event: 955.788 Thread 0x00000205e7781560 nmethod 14255 0x00000205c8465b90 code [0x00000205c8465d20, 0x00000205c8465e68]
Event: 955.795 Thread 0x00000205e7781560 14256       1       org.hibernate.boot.internal.SessionFactoryOptionsBuilder::getStatementInspector (5 bytes)
Event: 955.795 Thread 0x00000205e7781560 nmethod 14256 0x00000205c8465f10 code [0x00000205c84660a0, 0x00000205c8466178]
Event: 955.795 Thread 0x00000205e7781560 14257       1       org.springframework.beans.factory.support.DefaultListableBeanFactory::getBean (10 bytes)
Event: 955.795 Thread 0x00000205e7781560 nmethod 14257 0x00000205c8466210 code [0x00000205c84663e0, 0x00000205c8466738]
Event: 955.802 Thread 0x00000205e7781560 14258       1       org.springframework.data.repository.util.QueryExecutionConverters$WrapperType::getType (5 bytes)
Event: 955.803 Thread 0x00000205e7781560 nmethod 14258 0x00000205c8466910 code [0x00000205c8466aa0, 0x00000205c8466b78]
Event: 955.803 Thread 0x00000205e7781560 14259   !   1       jdk.internal.reflect.GeneratedMethodAccessor58::invoke (64 bytes)
Event: 955.804 Thread 0x00000205e7781560 nmethod 14259 0x00000205c8466c10 code [0x00000205c8466e00, 0x00000205c8467268]
Event: 955.815 Thread 0x00000205d108ded0 14260   !   1       jdk.internal.reflect.GeneratedMethodAccessor87::invoke (63 bytes)
Event: 955.815 Thread 0x00000205d108ded0 nmethod 14260 0x00000205c8467510 code [0x00000205c8467700, 0x00000205c8467af8]
Event: 955.837 Thread 0x00000205d108ded0 14261       1       org.springframework.context.support.ConversionServiceFactoryBean::isSingleton (2 bytes)
Event: 955.838 Thread 0x00000205d108ded0 nmethod 14261 0x00000205c8467d10 code [0x00000205c8467ea0, 0x00000205c8467f78]

GC Heap History (20 events):
Event: 952.446 GC heap before
{Heap before GC invocations=59 (full 6):
 garbage-first heap   total 143360K, used 108707K [0x0000000083400000, 0x0000000100000000)
  region size 1024K, 63 young (64512K), 5 survivors (5120K)
 Metaspace       used 90248K, committed 91072K, reserved 1130496K
  class space    used 12605K, committed 12992K, reserved 1048576K
}
Event: 952.450 GC heap after
{Heap after GC invocations=60 (full 6):
 garbage-first heap   total 143360K, used 52942K [0x0000000083400000, 0x0000000100000000)
  region size 1024K, 7 young (7168K), 7 survivors (7168K)
 Metaspace       used 90248K, committed 91072K, reserved 1130496K
  class space    used 12605K, committed 12992K, reserved 1048576K
}
Event: 952.550 GC heap before
{Heap before GC invocations=60 (full 6):
 garbage-first heap   total 143360K, used 111310K [0x0000000083400000, 0x0000000100000000)
  region size 1024K, 65 young (66560K), 7 survivors (7168K)
 Metaspace       used 90289K, committed 91072K, reserved 1130496K
  class space    used 12609K, committed 12992K, reserved 1048576K
}
Event: 952.554 GC heap after
{Heap after GC invocations=61 (full 6):
 garbage-first heap   total 143360K, used 54083K [0x0000000083400000, 0x0000000100000000)
  region size 1024K, 5 young (5120K), 5 survivors (5120K)
 Metaspace       used 90289K, committed 91072K, reserved 1130496K
  class space    used 12609K, committed 12992K, reserved 1048576K
}
Event: 952.729 GC heap before
{Heap before GC invocations=61 (full 6):
 garbage-first heap   total 143360K, used 113475K [0x0000000083400000, 0x0000000100000000)
  region size 1024K, 64 young (65536K), 5 survivors (5120K)
 Metaspace       used 90346K, committed 91136K, reserved 1130496K
  class space    used 12618K, committed 12992K, reserved 1048576K
}
Event: 952.732 GC heap after
{Heap after GC invocations=62 (full 6):
 garbage-first heap   total 183296K, used 56380K [0x0000000083400000, 0x0000000100000000)
  region size 1024K, 4 young (4096K), 4 survivors (4096K)
 Metaspace       used 90346K, committed 91136K, reserved 1130496K
  class space    used 12618K, committed 12992K, reserved 1048576K
}
Event: 954.482 GC heap before
{Heap before GC invocations=62 (full 6):
 garbage-first heap   total 183296K, used 145468K [0x0000000083400000, 0x0000000100000000)
  region size 1024K, 91 young (93184K), 4 survivors (4096K)
 Metaspace       used 90645K, committed 91456K, reserved 1130496K
  class space    used 12655K, committed 13056K, reserved 1048576K
}
Event: 954.486 GC heap after
{Heap after GC invocations=63 (full 6):
 garbage-first heap   total 183296K, used 60392K [0x0000000083400000, 0x0000000100000000)
  region size 1024K, 8 young (8192K), 8 survivors (8192K)
 Metaspace       used 90645K, committed 91456K, reserved 1130496K
  class space    used 12655K, committed 13056K, reserved 1048576K
}
Event: 954.808 GC heap before
{Heap before GC invocations=63 (full 6):
 garbage-first heap   total 183296K, used 146408K [0x0000000083400000, 0x0000000100000000)
  region size 1024K, 92 young (94208K), 8 survivors (8192K)
 Metaspace       used 90961K, committed 91776K, reserved 1130496K
  class space    used 12708K, committed 13120K, reserved 1048576K
}
Event: 954.813 GC heap after
{Heap after GC invocations=64 (full 6):
 garbage-first heap   total 183296K, used 64901K [0x0000000083400000, 0x0000000100000000)
  region size 1024K, 10 young (10240K), 10 survivors (10240K)
 Metaspace       used 90961K, committed 91776K, reserved 1130496K
  class space    used 12708K, committed 13120K, reserved 1048576K
}
Event: 954.936 GC heap before
{Heap before GC invocations=64 (full 6):
 garbage-first heap   total 183296K, used 145797K [0x0000000083400000, 0x0000000100000000)
  region size 1024K, 90 young (92160K), 10 survivors (10240K)
 Metaspace       used 91203K, committed 92032K, reserved 1130496K
  class space    used 12739K, committed 13120K, reserved 1048576K
}
Event: 954.941 GC heap after
{Heap after GC invocations=65 (full 6):
 garbage-first heap   total 183296K, used 67246K [0x0000000083400000, 0x0000000100000000)
  region size 1024K, 8 young (8192K), 8 survivors (8192K)
 Metaspace       used 91203K, committed 92032K, reserved 1130496K
  class space    used 12739K, committed 13120K, reserved 1048576K
}
Event: 955.050 GC heap before
{Heap before GC invocations=65 (full 6):
 garbage-first heap   total 183296K, used 146094K [0x0000000083400000, 0x0000000100000000)
  region size 1024K, 86 young (88064K), 8 survivors (8192K)
 Metaspace       used 91239K, committed 92032K, reserved 1130496K
  class space    used 12743K, committed 13120K, reserved 1048576K
}
Event: 955.054 GC heap after
{Heap after GC invocations=66 (full 6):
 garbage-first heap   total 183296K, used 68527K [0x0000000083400000, 0x0000000100000000)
  region size 1024K, 5 young (5120K), 5 survivors (5120K)
 Metaspace       used 91239K, committed 92032K, reserved 1130496K
  class space    used 12743K, committed 13120K, reserved 1048576K
}
Event: 955.297 GC heap before
{Heap before GC invocations=66 (full 6):
 garbage-first heap   total 183296K, used 149423K [0x0000000083400000, 0x0000000100000000)
  region size 1024K, 84 young (86016K), 5 survivors (5120K)
 Metaspace       used 91878K, committed 92736K, reserved 1130496K
  class space    used 12804K, committed 13248K, reserved 1048576K
}
Event: 955.302 GC heap after
{Heap after GC invocations=67 (full 6):
 garbage-first heap   total 220160K, used 73943K [0x0000000083400000, 0x0000000100000000)
  region size 1024K, 10 young (10240K), 10 survivors (10240K)
 Metaspace       used 91878K, committed 92736K, reserved 1130496K
  class space    used 12804K, committed 13248K, reserved 1048576K
}
Event: 955.569 GC heap before
{Heap before GC invocations=67 (full 6):
 garbage-first heap   total 220160K, used 177367K [0x0000000083400000, 0x0000000100000000)
  region size 1024K, 111 young (113664K), 10 survivors (10240K)
 Metaspace       used 92023K, committed 92928K, reserved 1130496K
  class space    used 12835K, committed 13248K, reserved 1048576K
}
Event: 955.577 GC heap after
{Heap after GC invocations=68 (full 6):
 garbage-first heap   total 220160K, used 84281K [0x0000000083400000, 0x0000000100000000)
  region size 1024K, 14 young (14336K), 14 survivors (14336K)
 Metaspace       used 92023K, committed 92928K, reserved 1130496K
  class space    used 12835K, committed 13248K, reserved 1048576K
}
Event: 955.671 GC heap before
{Heap before GC invocations=68 (full 6):
 garbage-first heap   total 220160K, used 172345K [0x0000000083400000, 0x0000000100000000)
  region size 1024K, 100 young (102400K), 14 survivors (14336K)
 Metaspace       used 92023K, committed 92928K, reserved 1130496K
  class space    used 12835K, committed 13248K, reserved 1048576K
}
Event: 955.686 GC heap after
{Heap after GC invocations=69 (full 6):
 garbage-first heap   total 220160K, used 106110K [0x0000000083400000, 0x0000000100000000)
  region size 1024K, 13 young (13312K), 13 survivors (13312K)
 Metaspace       used 92023K, committed 92928K, reserved 1130496K
  class space    used 12835K, committed 13248K, reserved 1048576K
}

Deoptimization events (20 events):
Event: 3.667 Thread 0x00000205d5bb8810 DEOPT PACKING pc=0x00000205c7511f5d sp=0x0000003f54dfbe60
Event: 3.667 Thread 0x00000205d5bb8810 DEOPT UNPACKING pc=0x00000205c6b82b43 sp=0x0000003f54dfb3c8 mode 3
Event: 4.562 Thread 0x00000205d2c80310 DEOPT PACKING pc=0x00000205c710f92a sp=0x0000003f546fca90
Event: 4.562 Thread 0x00000205d2c80310 DEOPT UNPACKING pc=0x00000205c6b82b43 sp=0x0000003f546fbf98 mode 3
Event: 5.106 Thread 0x00000205d2c80310 DEOPT PACKING pc=0x00000205c767b1dc sp=0x0000003f546fc500
Event: 5.106 Thread 0x00000205d2c80310 DEOPT UNPACKING pc=0x00000205c6b82b43 sp=0x0000003f546fba20 mode 0
Event: 5.107 Thread 0x00000205d2c80310 DEOPT PACKING pc=0x00000205c767b1dc sp=0x0000003f546fd920
Event: 5.107 Thread 0x00000205d2c80310 DEOPT UNPACKING pc=0x00000205c6b82b43 sp=0x0000003f546fce40 mode 0
Event: 5.456 Thread 0x00000205d2c80310 DEOPT PACKING pc=0x00000205c77fffbb sp=0x0000003f546fc330
Event: 5.456 Thread 0x00000205d2c80310 DEOPT UNPACKING pc=0x00000205c6b82b43 sp=0x0000003f546fb868 mode 3
Event: 6.095 Thread 0x00000205d5f25f10 DEOPT PACKING pc=0x00000205c7872f9c sp=0x0000003f555fefc0
Event: 6.095 Thread 0x00000205d5f25f10 DEOPT UNPACKING pc=0x00000205c6b82b43 sp=0x0000003f555fe540 mode 0
Event: 93.903 Thread 0x00000205d32b3200 DEOPT PACKING pc=0x00000205c6f3d9af sp=0x0000003f523fdb20
Event: 93.903 Thread 0x00000205d32b3200 DEOPT UNPACKING pc=0x00000205c6b82b43 sp=0x0000003f523fcfe8 mode 3
Event: 94.957 Thread 0x00000205d5f233c0 DEOPT PACKING pc=0x00000205c78f1e1c sp=0x0000003f536fdba0
Event: 94.957 Thread 0x00000205d5f233c0 DEOPT UNPACKING pc=0x00000205c6b82b43 sp=0x0000003f536fd1d8 mode 3
Event: 161.600 Thread 0x00000205d5f23890 DEOPT PACKING pc=0x00000205c7c7cc3b sp=0x0000003f524fd880
Event: 161.600 Thread 0x00000205d5f23890 DEOPT UNPACKING pc=0x00000205c6b82b43 sp=0x0000003f524fcd48 mode 3
Event: 163.355 Thread 0x00000205d5f27250 DEOPT PACKING pc=0x00000205c7f6ab00 sp=0x0000003f535fc6b0
Event: 163.355 Thread 0x00000205d5f27250 DEOPT UNPACKING pc=0x00000205c6b82b43 sp=0x0000003f535fbb78 mode 3

Classes unloaded (20 events):
Event: 951.484 Thread 0x00000205d1067df0 Unloading class 0x00000008015ae400 'jdk/internal/reflect/GeneratedMethodAccessor84'
Event: 951.484 Thread 0x00000205d1067df0 Unloading class 0x00000008015ae000 'jdk/internal/reflect/GeneratedMethodAccessor83'
Event: 951.484 Thread 0x00000205d1067df0 Unloading class 0x00000008015adc00 'jdk/internal/reflect/GeneratedMethodAccessor82'
Event: 951.484 Thread 0x00000205d1067df0 Unloading class 0x00000008015ad800 'jdk/internal/reflect/GeneratedMethodAccessor81'
Event: 951.484 Thread 0x00000205d1067df0 Unloading class 0x00000008015ad400 'jdk/internal/reflect/GeneratedMethodAccessor80'
Event: 951.484 Thread 0x00000205d1067df0 Unloading class 0x00000008015ad000 'jdk/internal/reflect/GeneratedMethodAccessor79'
Event: 951.484 Thread 0x00000205d1067df0 Unloading class 0x00000008015acc00 'jdk/internal/reflect/GeneratedMethodAccessor78'
Event: 951.484 Thread 0x00000205d1067df0 Unloading class 0x00000008015ac800 'jdk/internal/reflect/GeneratedMethodAccessor77'
Event: 951.484 Thread 0x00000205d1067df0 Unloading class 0x000000080154c000 'jdk/internal/reflect/GeneratedConstructorAccessor55'
Event: 951.484 Thread 0x00000205d1067df0 Unloading class 0x00000008014e4400 'jdk/internal/reflect/GeneratedConstructorAccessor50'
Event: 951.484 Thread 0x00000205d1067df0 Unloading class 0x0000000800f54000 'jdk/internal/reflect/GeneratedConstructorAccessor16'
Event: 951.484 Thread 0x00000205d1067df0 Unloading class 0x0000000800f3c800 'jdk/internal/reflect/GeneratedConstructorAccessor13'
Event: 951.484 Thread 0x00000205d1067df0 Unloading class 0x0000000800f3c400 'jdk/internal/reflect/GeneratedConstructorAccessor12'
Event: 951.484 Thread 0x00000205d1067df0 Unloading class 0x0000000800f3c000 'jdk/internal/reflect/GeneratedConstructorAccessor11'
Event: 951.484 Thread 0x00000205d1067df0 Unloading class 0x0000000800f2c000 'jdk/internal/reflect/GeneratedConstructorAccessor10'
Event: 951.484 Thread 0x00000205d1067df0 Unloading class 0x0000000800edd000 'jdk/internal/reflect/GeneratedSerializationConstructorAccessor9'
Event: 951.485 Thread 0x00000205d1067df0 Unloading class 0x0000000800c03800 'java/lang/invoke/LambdaForm$MH+0x0000000800c03800'
Event: 951.485 Thread 0x00000205d1067df0 Unloading class 0x0000000800c03000 'java/lang/invoke/LambdaForm$MH+0x0000000800c03000'
Event: 951.485 Thread 0x00000205d1067df0 Unloading class 0x0000000800c02800 'java/lang/invoke/LambdaForm$MH+0x0000000800c02800'
Event: 951.485 Thread 0x00000205d1067df0 Unloading class 0x0000000800c02000 'java/lang/invoke/LambdaForm$MH+0x0000000800c02000'

Classes redefined (0 events):
No events

Internal exceptions (20 events):
Event: 955.266 Thread 0x00000205d5f20d40 Exception <a 'java/lang/reflect/InvocationTargetException'{0x000000008a025d48}> (0x000000008a025d48) 
thrown [t:\workspace\open\src\hotspot\share\runtime\reflection.cpp, line 1121]
Event: 955.270 Thread 0x00000205d5f20d40 Exception <a 'java/lang/ClassNotFoundException'{0x0000000089f46260}: java/lang/ObjectCustomizer> (0x0000000089f46260) 
thrown [t:\workspace\open\src\hotspot\share\classfile\systemDictionary.cpp, line 256]
Event: 955.270 Thread 0x00000205d5f268b0 Exception <a 'java/lang/ClassNotFoundException'{0x0000000089faa2b0}: java/lang/ObjectCustomizer> (0x0000000089faa2b0) 
thrown [t:\workspace\open\src\hotspot\share\classfile\systemDictionary.cpp, line 256]
Event: 955.270 Thread 0x00000205d5f20d40 Exception <a 'java/lang/ClassNotFoundException'{0x0000000089f4f3f0}: com/hg/hyy/service/IpAddressServiceCustomizer> (0x0000000089f4f3f0) 
thrown [t:\workspace\open\src\hotspot\share\classfile\systemDictionary.cpp, line 256]
Event: 955.271 Thread 0x00000205d5f268b0 Exception <a 'java/lang/ClassNotFoundException'{0x0000000089fb3440}: com/hg/hyy/service/IpAddressServiceCustomizer> (0x0000000089fb3440) 
thrown [t:\workspace\open\src\hotspot\share\classfile\systemDictionary.cpp, line 256]
Event: 955.414 Thread 0x00000205d815b7d0 Exception <a 'java/net/ConnectException'{0x000000008ed00ff8}: Connection refused: no further information> (0x000000008ed00ff8) 
thrown [t:\workspace\open\src\hotspot\share\prims\jni.cpp, line 535]
Event: 955.414 Thread 0x00000205d815b7d0 Exception <a 'java/net/SocketException'{0x000000008ed01330}: Socket is not connected: shutdown> (0x000000008ed01330) 
thrown [t:\workspace\open\src\hotspot\share\prims\jni.cpp, line 535]
Event: 955.414 Thread 0x00000205d8161810 Exception <a 'java/net/ConnectException'{0x000000008ed3a768}: Connection refused: no further information> (0x000000008ed3a768) 
thrown [t:\workspace\open\src\hotspot\share\prims\jni.cpp, line 535]
Event: 955.414 Thread 0x00000205d8161810 Exception <a 'java/net/SocketException'{0x000000008ed3aaa0}: Socket is not connected: shutdown> (0x000000008ed3aaa0) 
thrown [t:\workspace\open\src\hotspot\share\prims\jni.cpp, line 535]
Event: 955.429 Thread 0x00000205d815d980 Exception <a 'java/net/ConnectException'{0x000000008eb80800}: Connection refused: no further information> (0x000000008eb80800) 
thrown [t:\workspace\open\src\hotspot\share\prims\jni.cpp, line 535]
Event: 955.429 Thread 0x00000205d815d980 Exception <a 'java/net/SocketException'{0x000000008eb80b38}: Socket is not connected: shutdown> (0x000000008eb80b38) 
thrown [t:\workspace\open\src\hotspot\share\prims\jni.cpp, line 535]
Event: 955.430 Thread 0x00000205d815cfe0 Exception <a 'java/net/ConnectException'{0x000000008ebba770}: Connection refused: no further information> (0x000000008ebba770) 
thrown [t:\workspace\open\src\hotspot\share\prims\jni.cpp, line 535]
Event: 955.430 Thread 0x00000205d815cfe0 Exception <a 'java/net/SocketException'{0x000000008ebbaaa8}: Socket is not connected: shutdown> (0x000000008ebbaaa8) 
thrown [t:\workspace\open\src\hotspot\share\prims\jni.cpp, line 535]
Event: 955.510 Thread 0x00000205d5f27720 Exception <a 'java/lang/InterruptedException'{0x000000008d600040}: sleep interrupted> (0x000000008d600040) 
thrown [t:\workspace\open\src\hotspot\share\prims\jvm.cpp, line 3067]
Event: 955.510 Thread 0x00000205d5f268b0 Exception <a 'java/io/IOException'{0x000000008d789350}> (0x000000008d789350) 
thrown [t:\workspace\open\src\hotspot\share\prims\jni.cpp, line 516]
Event: 955.511 Thread 0x00000205d5f23d60 Exception <a 'java/lang/InterruptedException'{0x000000008d62b610}: sleep interrupted> (0x000000008d62b610) 
thrown [t:\workspace\open\src\hotspot\share\prims\jvm.cpp, line 3067]
Event: 955.513 Thread 0x00000205d5f25570 Exception <a 'java/lang/InterruptedException'{0x000000008d480840}: sleep interrupted> (0x000000008d480840) 
thrown [t:\workspace\open\src\hotspot\share\prims\jvm.cpp, line 3067]
Event: 955.521 Thread 0x00000205d5f268b0 Exception <a 'java/lang/NoClassDefFoundError'{0x000000008d210140}: liquibase/exception/ChangeLogParseException> (0x000000008d210140) 
thrown [t:\workspace\open\src\hotspot\share\oops\constantPool.cpp, line 835]
Event: 955.522 Thread 0x00000205d5f268b0 Exception <a 'java/lang/reflect/InvocationTargetException'{0x000000008d238aa8}> (0x000000008d238aa8) 
thrown [t:\workspace\open\src\hotspot\share\runtime\reflection.cpp, line 1121]
Event: 955.803 Thread 0x00000205d5f20d40 Exception <a 'java/lang/reflect/InvocationTargetException'{0x000000008eca1078}> (0x000000008eca1078) 
thrown [t:\workspace\open\src\hotspot\share\runtime\reflection.cpp, line 1121]

VM Operations (20 events):
Event: 955.647 Executing VM operation: ICBufferFull
Event: 955.647 Executing VM operation: ICBufferFull done
Event: 955.647 Executing VM operation: ICBufferFull
Event: 955.647 Executing VM operation: ICBufferFull done
Event: 955.653 Executing VM operation: ICBufferFull
Event: 955.653 Executing VM operation: ICBufferFull done
Event: 955.654 Executing VM operation: ICBufferFull
Event: 955.654 Executing VM operation: ICBufferFull done
Event: 955.659 Executing VM operation: ICBufferFull
Event: 955.659 Executing VM operation: ICBufferFull done
Event: 955.665 Executing VM operation: ICBufferFull
Event: 955.665 Executing VM operation: ICBufferFull done
Event: 955.665 Executing VM operation: ICBufferFull
Event: 955.665 Executing VM operation: ICBufferFull done
Event: 955.671 Executing VM operation: G1CollectForAllocation
Event: 955.686 Executing VM operation: G1CollectForAllocation done
Event: 955.749 Executing VM operation: ICBufferFull
Event: 955.749 Executing VM operation: ICBufferFull done
Event: 955.750 Executing VM operation: ICBufferFull
Event: 955.750 Executing VM operation: ICBufferFull done

Events (20 events):
Event: 955.705 Thread 0x00000205d8160000 Thread exited: 0x00000205d8160000
Event: 955.706 Thread 0x00000205d815f660 Thread exited: 0x00000205d815f660
Event: 955.706 Thread 0x00000205d81609a0 Thread exited: 0x00000205d81609a0
Event: 955.706 Thread 0x00000205d815a490 Thread exited: 0x00000205d815a490
Event: 955.706 Thread 0x00000205d815a960 Thread exited: 0x00000205d815a960
Event: 955.706 Thread 0x00000205d815e320 Thread exited: 0x00000205d815e320
Event: 955.706 Thread 0x00000205d815d4b0 Thread exited: 0x00000205d815d4b0
Event: 955.706 Thread 0x00000205d8160e70 Thread exited: 0x00000205d8160e70
Event: 955.706 Thread 0x00000205d8161810 Thread exited: 0x00000205d8161810
Event: 955.706 Thread 0x00000205d815de50 Thread exited: 0x00000205d815de50
Event: 955.706 Thread 0x00000205d8159fc0 Thread exited: 0x00000205d8159fc0
Event: 955.706 Thread 0x00000205d815d980 Thread exited: 0x00000205d815d980
Event: 955.706 Thread 0x00000205d815b300 Thread exited: 0x00000205d815b300
Event: 955.787 Thread 0x00000205d815c170 Thread added: 0x00000205d815c170
Event: 955.789 Thread 0x00000205d8160e70 Thread added: 0x00000205d8160e70
Event: 955.789 Thread 0x00000205d815ecc0 Thread added: 0x00000205d815ecc0
Event: 955.789 Thread 0x00000205d815ae30 Thread added: 0x00000205d815ae30
Event: 955.789 Thread 0x00000205d8161810 Thread added: 0x00000205d8161810
Event: 955.789 Thread 0x00000205d81609a0 Thread added: 0x00000205d81609a0
Event: 955.832 Thread 0x00000205d815a490 Thread added: 0x00000205d815a490


Dynamic libraries:
0x00007ff745af0000 - 0x00007ff745b00000 	C:\Program Files\Java\jdk17\bin\java.exe
0x00007ff886140000 - 0x00007ff886347000 	C:\WINDOWS\SYSTEM32\ntdll.dll
0x00007ff8856a0000 - 0x00007ff88575d000 	C:\WINDOWS\System32\KERNEL32.DLL
0x00007ff883830000 - 0x00007ff883ba4000 	C:\WINDOWS\System32\KERNELBASE.dll
0x00007ff883cd0000 - 0x00007ff883de1000 	C:\WINDOWS\System32\ucrtbase.dll
0x00007ff870190000 - 0x00007ff8701aa000 	C:\Program Files\Java\jdk17\bin\VCRUNTIME140.dll
0x00007ff8701b0000 - 0x00007ff8701c8000 	C:\Program Files\Java\jdk17\bin\jli.dll
0x00007ff885790000 - 0x00007ff88583c000 	C:\WINDOWS\System32\ADVAPI32.dll
0x00007ff885fd0000 - 0x00007ff886073000 	C:\WINDOWS\System32\msvcrt.dll
0x00007ff883fd0000 - 0x00007ff88406d000 	C:\WINDOWS\System32\sechost.dll
0x00007ff885b40000 - 0x00007ff885c61000 	C:\WINDOWS\System32\RPCRT4.dll
0x00007ff8854f0000 - 0x00007ff88569c000 	C:\WINDOWS\System32\USER32.dll
0x00007ff8646f0000 - 0x00007ff864995000 	C:\WINDOWS\WinSxS\amd64_microsoft.windows.common-controls_6595b64144ccf1df_6.0.22000.120_none_9d947278b86cc467\COMCTL32.dll
0x00007ff883620000 - 0x00007ff883646000 	C:\WINDOWS\System32\win32u.dll
0x00007ff8841a0000 - 0x00007ff8841c9000 	C:\WINDOWS\System32\GDI32.dll
0x00007ff883bb0000 - 0x00007ff883cc2000 	C:\WINDOWS\System32\gdi32full.dll
0x00007ff883790000 - 0x00007ff88382d000 	C:\WINDOWS\System32\msvcp_win.dll
0x00007ff879190000 - 0x00007ff87919a000 	C:\WINDOWS\SYSTEM32\VERSION.dll
0x00007ff885a20000 - 0x00007ff885a51000 	C:\WINDOWS\System32\IMM32.DLL
0x00007ff87c9f0000 - 0x00007ff87c9fc000 	C:\Program Files\Java\jdk17\bin\vcruntime140_1.dll
0x00007ff86a8e0000 - 0x00007ff86a96d000 	C:\Program Files\Java\jdk17\bin\msvcp140.dll
0x00007ff823960000 - 0x00007ff82451e000 	C:\Program Files\Java\jdk17\bin\server\jvm.dll
0x00007ff886080000 - 0x00007ff886088000 	C:\WINDOWS\System32\PSAPI.DLL
0x00007ff87aa30000 - 0x00007ff87aa63000 	C:\WINDOWS\SYSTEM32\WINMM.dll
0x00007ff87c360000 - 0x00007ff87c369000 	C:\WINDOWS\SYSTEM32\WSOCK32.dll
0x00007ff8858e0000 - 0x00007ff88594f000 	C:\WINDOWS\System32\WS2_32.dll
0x00007ff882830000 - 0x00007ff882848000 	C:\WINDOWS\SYSTEM32\kernel.appcore.dll
0x00007ff87c280000 - 0x00007ff87c28a000 	C:\Program Files\Java\jdk17\bin\jimage.dll
0x00007ff87e0f0000 - 0x00007ff87e311000 	C:\WINDOWS\SYSTEM32\DBGHELP.DLL
0x00007ff872ce0000 - 0x00007ff872d11000 	C:\WINDOWS\SYSTEM32\dbgcore.DLL
0x00007ff883650000 - 0x00007ff8836d0000 	C:\WINDOWS\System32\bcryptPrimitives.dll
0x00007ff870080000 - 0x00007ff87008e000 	C:\Program Files\Java\jdk17\bin\instrument.dll
0x00007ff8700b0000 - 0x00007ff8700d5000 	C:\Program Files\Java\jdk17\bin\java.dll
0x00007ff868cf0000 - 0x00007ff868dc6000 	C:\Program Files\Java\jdk17\bin\svml.dll
0x00007ff884640000 - 0x00007ff884dee000 	C:\WINDOWS\System32\SHELL32.dll
0x00007ff881790000 - 0x00007ff881ff7000 	C:\WINDOWS\SYSTEM32\windows.storage.dll
0x00007ff884fd0000 - 0x00007ff885348000 	C:\WINDOWS\System32\combase.dll
0x00007ff881620000 - 0x00007ff881786000 	C:\WINDOWS\SYSTEM32\wintypes.dll
0x00007ff885ee0000 - 0x00007ff885fca000 	C:\WINDOWS\System32\SHCORE.dll
0x00007ff885950000 - 0x00007ff8859ad000 	C:\WINDOWS\System32\shlwapi.dll
0x00007ff883550000 - 0x00007ff883571000 	C:\WINDOWS\SYSTEM32\profapi.dll
0x00007ff86d160000 - 0x00007ff86d178000 	C:\Program Files\Java\jdk17\bin\zip.dll
0x00007ff870090000 - 0x00007ff8700a9000 	C:\Program Files\Java\jdk17\bin\net.dll
0x00007ff87b810000 - 0x00007ff87b91c000 	C:\WINDOWS\SYSTEM32\WINHTTP.dll
0x00007ff882c40000 - 0x00007ff882ca7000 	C:\WINDOWS\system32\mswsock.dll
0x00007ff86d180000 - 0x00007ff86d195000 	C:\Program Files\Java\jdk17\bin\nio.dll
0x00007ff86b690000 - 0x00007ff86b6aa000 	C:\Program Files\JetBrains\IntelliJ IDEA 2021.2.2\bin\breakgen64.dll
0x00007ff8823a0000 - 0x00007ff882487000 	C:\WINDOWS\SYSTEM32\DNSAPI.dll
0x00007ff882330000 - 0x00007ff88235d000 	C:\WINDOWS\SYSTEM32\IPHLPAPI.DLL
0x00007ff885a10000 - 0x00007ff885a19000 	C:\WINDOWS\System32\NSI.dll
0x00007ff877670000 - 0x00007ff87767a000 	C:\Windows\System32\rasadhlp.dll
0x00007ff878e80000 - 0x00007ff878f01000 	C:\WINDOWS\System32\fwpuclnt.dll
0x00007ff86f2a0000 - 0x00007ff86f2a9000 	C:\Program Files\Java\jdk17\bin\management.dll
0x00007ff86f020000 - 0x00007ff86f02b000 	C:\Program Files\Java\jdk17\bin\management_ext.dll
0x00007ff882e80000 - 0x00007ff882e98000 	C:\WINDOWS\SYSTEM32\CRYPTSP.dll
0x00007ff882790000 - 0x00007ff8827c5000 	C:\WINDOWS\system32\rsaenh.dll
0x00007ff882d30000 - 0x00007ff882d59000 	C:\WINDOWS\SYSTEM32\USERENV.dll
0x00007ff883000000 - 0x00007ff883027000 	C:\WINDOWS\SYSTEM32\bcrypt.dll
0x00007ff882ea0000 - 0x00007ff882eac000 	C:\WINDOWS\SYSTEM32\CRYPTBASE.dll
0x00007ff87a970000 - 0x00007ff87a989000 	C:\WINDOWS\SYSTEM32\dhcpcsvc6.DLL
0x00007ff87af80000 - 0x00007ff87af9e000 	C:\WINDOWS\SYSTEM32\dhcpcsvc.DLL
0x00007ff83e8c0000 - 0x00007ff83e8d7000 	C:\WINDOWS\system32\napinsp.dll
0x00007ff83e8a0000 - 0x00007ff83e8bb000 	C:\WINDOWS\system32\pnrpnsp.dll
0x00007ff83e790000 - 0x00007ff83e7a2000 	C:\WINDOWS\System32\winrnr.dll
0x00007ff853ef0000 - 0x00007ff853f05000 	C:\WINDOWS\system32\wshbth.dll
0x00007ff83e8f0000 - 0x00007ff83e90f000 	C:\WINDOWS\system32\nlansp_c.dll
0x0000000180000000 - 0x0000000180286000 	C:\Users\littl\Documents\Web\tomcat9\bin\tcnative-1.dll
0x00007ff883df0000 - 0x00007ff883f52000 	C:\WINDOWS\System32\CRYPT32.dll
0x00007ff86e710000 - 0x00007ff86e71e000 	C:\Program Files\Java\jdk17\bin\sunmscapi.dll
0x00007ff882fd0000 - 0x00007ff882ff8000 	C:\WINDOWS\SYSTEM32\ncrypt.dll
0x00007ff882f90000 - 0x00007ff882fc7000 	C:\WINDOWS\SYSTEM32\NTASN1.dll
0x00007ff86e5e0000 - 0x00007ff86e5e8000 	C:\WINDOWS\system32\wshunix.dll

dbghelp: loaded successfully - version: 4.0.5 - missing functions: none
symbol engine: initialized successfully - sym options: 0x614 - pdb path: .;C:\Program Files\Java\jdk17\bin;C:\WINDOWS\SYSTEM32;C:\WINDOWS\WinSxS\amd64_microsoft.windows.common-controls_6595b64144ccf1df_6.0.22000.120_none_9d947278b86cc467;C:\Program Files\Java\jdk17\bin\server;C:\Program Files\JetBrains\IntelliJ IDEA 2021.2.2\bin;C:\Users\littl\Documents\Web\tomcat9\bin

VM Arguments:
jvm_args: -XX:TieredStopAtLevel=1 -Xverify:none -Dspring.output.ansi.enabled=always -javaagent:C:\Program Files\JetBrains\IntelliJ IDEA 2021.2.2\lib\idea_rt.jar=63049:C:\Program Files\JetBrains\IntelliJ IDEA 2021.2.2\bin -Dcom.sun.management.jmxremote -Dspring.jmx.enabled=true -Dspring.liveBeansView.mbeanDomain -Dspring.application.admin.enabled=true -Dfile.encoding=UTF-8 
java_command: com.hg.hyy.Application
java_class_path (initial): D:\Web\java\my-spring-boot\target\classes;C:\Users\littl\.m2\repository\org\springframework\session\spring-session-data-redis\2.5.3\spring-session-data-redis-2.5.3.jar;C:\Users\littl\.m2\repository\org\springframework\data\spring-data-redis\2.5.7\spring-data-redis-2.5.7.jar;C:\Users\littl\.m2\repository\org\springframework\data\spring-data-keyvalue\2.5.7\spring-data-keyvalue-2.5.7.jar;C:\Users\littl\.m2\repository\org\springframework\spring-oxm\5.3.13\spring-oxm-5.3.13.jar;C:\Users\littl\.m2\repository\org\springframework\spring-context-support\5.3.13\spring-context-support-5.3.13.jar;C:\Users\littl\.m2\repository\org\springframework\session\spring-session-core\2.5.3\spring-session-core-2.5.3.jar;C:\Users\littl\.m2\repository\org\springframework\spring-jcl\5.3.13\spring-jcl-5.3.13.jar;C:\Users\littl\.m2\repository\com\maxmind\geoip2\geoip2\2.15.0\geoip2-2.15.0.jar;C:\Users\littl\.m2\repository\com\maxmind\db\maxmind-db\2.0.0\maxmind-db-2.0.0.jar;C:\Users\littl\.m2\repository\commons-codec\commons-codec\1.15\commons-codec-1.15.jar;C:\Users\littl\.m2\repository\com\fasterxml\jackson\core\jackson-databind\2.12.5\jackson-databind-2.12.5.jar;C:\Users\littl\.m2\repository\com\fasterxml\jackson\core\jackson-core\2.12.5\jackson-core-2.12.5.jar;C:\Users\littl\.m2\repository\com\fasterxml\jackson\core\jackson-annotations\2.12.5\jackson-annotations-2.12.5.jar;C:\Users\littl\.m2\repository\com\google\code\gson\gson\2.8.9\gson-2.8.9.jar;C:\Users\littl\.m2\repository\net\sf\json-lib\json-lib\2.4\json-lib-2.4-jdk15.jar;C:\Users\littl\.m2\repository\commons-beanutils\commons-beanutils\1.8.0\commons-beanutils-1.8.0.jar;C:\Users\littl\.m2\repository\commons-collections\commons-collections\3.2.1\commons-collections-3.2.1.jar;C:\Users\littl\.m2\repository\commons-lang\commons-lang\2.5\commons-lang-2.5.jar;C:\Users\littl\.m2\repository\commons-logging\commons-logging\1.1.1\commons-logging-1.1.1.jar;C:\Users\littl\.m2\repository\net\sf\ezmorph\ezmorph\1.0.6\e
Launcher Type: SUN_STANDARD

[Global flags]
     intx CICompilerCount                          = 4                                         {product} {ergonomic}
     uint ConcGCThreads                            = 2                                         {product} {ergonomic}
     uint G1ConcRefinementThreads                  = 8                                         {product} {ergonomic}
   size_t G1HeapRegionSize                         = 1048576                                   {product} {ergonomic}
    uintx GCDrainStackTargetSize                   = 64                                        {product} {ergonomic}
   size_t InitialHeapSize                          = 132120576                                 {product} {ergonomic}
     bool ManagementServer                         = true                                      {product} {command line}
   size_t MarkStackSize                            = 4194304                                   {product} {ergonomic}
   size_t MaxHeapSize                              = 2092957696                                {product} {ergonomic}
   size_t MaxNewSize                               = 1255145472                                {product} {ergonomic}
   size_t MinHeapDeltaBytes                        = 1048576                                   {product} {ergonomic}
   size_t MinHeapSize                              = 8388608                                   {product} {ergonomic}
    uintx NonProfiledCodeHeapSize                  = 0                                      {pd product} {ergonomic}
     bool ProfileInterpreter                       = false                                  {pd product} {command line}
    uintx ProfiledCodeHeapSize                     = 0                                      {pd product} {ergonomic}
   size_t SoftMaxHeapSize                          = 2092957696                             {manageable} {ergonomic}
     intx TieredStopAtLevel                        = 1                                         {product} {command line}
     bool UseCompressedClassPointers               = true                           {product lp64_product} {ergonomic}
     bool UseCompressedOops                        = true                           {product lp64_product} {ergonomic}
     bool UseG1GC                                  = true                                      {product} {ergonomic}
     bool UseLargePagesIndividualAllocation        = false                                  {pd product} {ergonomic}

Logging:
Log output configuration:
 #0: stdout all=warning uptime,level,tags
 #1: stderr all=off uptime,level,tags

Environment Variables:
JAVA_HOME=C:\Program Files\java\jdk17
CLASSPATH=.;C:\Program Files\java\jdk17\lib;C:\Program Files\java\jdk17\lib\tools.jar;C:\Program Files\java\jdk17\lib\dt.jar
PATH=C:\Program Files (x86)\VMware\VMware Workstation\bin\;C:\WINDOWS\system32;C:\WINDOWS;C:\WINDOWS\System32\Wbem;C:\WINDOWS\System32\WindowsPowerShell\v1.0\;C:\WINDOWS\System32\OpenSSH\;C:\Program Files\Microsoft VS Code\bin;C:\python38\;C:\python38\Scripts\;C:\Users\littl\AppData\Roaming\Python\Python38\Scripts;C:\Users\littl\Documents\Web\node-14.17;C:\Users\littl\Documents\Web\node-14.17\node_global;C:\Users\littl\Documents\Web\node-14.17\node_global\bin;C:\Users\littl\Documents\Web\pgsql\bin;C:\Program Files\Git\bin;C:\Program Files (x86)\Microsoft\Edge\Application;C:\TDM-GCC-64\bin;C:\Program Files (x86)\Common Files\Oracle\Java\javapath;C:\Program Files\java\jdk17\bin;C:\Program Files\java\jdk1.8\bin;C:\Program Files\java\jdk1.8\jre\bin;C:\Users\littl\Documents\Web\tomcat9\bin;C:\Users\littl\Documents\Web\tomcat9\lib;D:\Web\go\bin;C:\Users\littl\Documents\Web\curl-7.72.0;C:\Program Files (x86)\NVIDIA Corporation\PhysX\Common;C:\WINDOWS\system32;C:\WINDOWS;C:\WINDOWS\System32\Wbem;C:\WINDOWS\System32\WindowsPowerShell\v1.0\;C:\WINDOWS\System32\OpenSSH\;C:\Users\littl\Documents\Web\httpd-2.4.48\php-8.0.10;C:\Program Files\OpenSSL-Win64\bin;D:\Web\GitHub\protoc-3.19.0-win64\bin;C:\Users\littl\Documents\Web\DB Browser for SQLite;C:\Users\littl\Documents\Web\nginx-1.21.1;C:\Users\littl\Documents\Web\deno-1.15.3;C:\Users\littl\Documents\Web\mongodb-5.0.3\bin;C:\Users\littl\Documents\Web\mongosh-1.0.6\bin;C:\Users\littl\Documents\Web\mysql\mysql-8.0.18\bin;C:\Users\littl\Documents\Web\pgsql-13.4\bin;C:\Go\bin;C:\Users\littl\Documents\Web\spring-2.5.6\bin;C:\Users\littl\Documents\Web\emqx-4.3.8\bin;C:\Users\littl\Documents\Web\Redis-3.2;C:\Users\littl\AppData\Local\Microsoft\WindowsApps;C:\Users\littl\go\bin;C:\Program Files\JetBrains\IntelliJ IDEA 2021.2.2\bin;
USERNAME=littl
OS=Windows_NT
PROCESSOR_IDENTIFIER=Intel64 Family 6 Model 142 Stepping 12, GenuineIntel



---------------  S Y S T E M  ---------------

OS:
 Windows 10 , 64 bit Build 22000 (10.0.22000.318)
OS uptime: 0 days 23:24 hours

CPU: total 8 (initial active 8) (4 cores per cpu, 2 threads per core) family 6 model 142 stepping 12 microcode 0xde, cx8, cmov, fxsr, ht, mmx, 3dnowpref, sse, sse2, sse3, ssse3, sse4.1, sse4.2, popcnt, lzcnt, tsc, tscinvbit, avx, avx2, aes, erms, clmul, bmi1, bmi2, adx, fma, vzeroupper, clflush, clflushopt

Memory: 4k page, system-wide physical 7976M (1040M free)
TotalPageFile size 20776M (AvailPageFile size 9007M)
current process WorkingSet (physical memory assigned to process): 429M, peak: 557M
current process commit charge ("private bytes"): 541M, peak: 638M

vm_info: Java HotSpot(TM) 64-Bit Server VM (17+35-LTS-2724) for windows-amd64 JRE (17+35-LTS-2724), built on Aug  5 2021 23:28:28 by "mach5one" with MS VC++ 16.8 (VS2019)

END.
